#
# A fatal error has been detected by the Java Runtime Environment:
#
#  SIGBUS (0xa) at pc=0x0000000103a060c4, pid=54124, tid=112387
#
# JRE version: OpenJDK Runtime Environment Zulu15.42+15-CA (15.0.8+4) (build 15.0.8+4-MTS)
# Java VM: OpenJDK 64-Bit Server VM Zulu15.42+15-CA (15.0.8+4-MTS, mixed mode, tiered, compressed oops, g1 gc, bsd-aarch64)
# Problematic frame:
# V  [libjvm.dylib+0x8920c4]  MarkActivationClosure::do_code_blob(CodeBlob*)+0x3c
#
# No core dump will be written. Core dumps have been disabled. To enable core dumping, try "ulimit -c unlimited" before starting Java again
#
# If you would like to submit a bug report, please visit:
#   http://www.azul.com/support/
#

---------------  S U M M A R Y ------------

Command Line: -agentlib:jdwp=transport=dt_socket,address=127.0.0.1:53992,suspend=y,server=n -Djava.library.path=/Users/yannickpulver/Code/appswithlove/toggl-to-float-compose/toggl-to-float-compose/build/classes/kotlin/jvm/main:/Users/yannickpulver/Code/appswithlove/toggl-to-float-compose/toggl-to-float-compose/build/processedResources/jvm/main -javaagent:/Users/yannickpulver/.gradle/caches/modules-2/files-2.1/org.jetbrains.kotlinx/kotlinx-coroutines-core-jvm/1.6.4/2c997cd1c0ef33f3e751d3831929aeff1390cb30/kotlinx-coroutines-core-jvm-1.6.4.jar -javaagent:/Users/yannickpulver/Library/Caches/JetBrains/IntelliJIdea2022.1/captureAgent/debugger-agent.jar=file:/private/var/folders/m3/kcckgp0x4gqflc6d8q41w7sc0000gn/T/capture.props -Dfile.encoding=UTF-8 com.appswithlove.MainKt

Host: MacBookPro18,2 arm64 1 MHz, 10 cores, 32G, Darwin 22.1.0
Time: Mon Nov 21 15:33:42 2022 CET elapsed time: 6.961483 seconds (0d 0h 0m 6s)

---------------  T H R E A D  ---------------

Current thread (0x000000012a94b400):  JavaThread "DefaultDispatcher-worker-17" daemon [_thread_in_vm, id=112387, stack(0x000000017dbfc000,0x000000017ddff000)]

Stack: [0x000000017dbfc000,0x000000017ddff000],  sp=0x000000017ddfd650,  free space=2053k
Native frames: (J=compiled Java code, A=aot compiled Java code, j=interpreted, Vv=VM code, C=native code)
V  [libjvm.dylib+0x8920c4]  MarkActivationClosure::do_code_blob(CodeBlob*)+0x3c
V  [libjvm.dylib+0x8cd908]  JavaThread::nmethods_do(CodeBlobClosure*)+0x80
V  [libjvm.dylib+0x3895ac]  HandshakeState::process_self_inner()+0x170
V  [libjvm.dylib+0x79e9c8]  SafepointMechanism::block_if_requested_slow(JavaThread*)+0x74
V  [libjvm.dylib+0x5b2c94]  JvmtiRawMonitor::simple_wait(Thread*, long)+0x248
V  [libjvm.dylib+0x5b307c]  JvmtiRawMonitor::raw_wait(long, Thread*)+0x64
V  [libjvm.dylib+0x599aa0]  JvmtiEnv::RawMonitorWait(JvmtiRawMonitor*, long)+0x2c
C  [libjdwp.dylib+0x29b70]  debugMonitorWait+0x34
C  [libjdwp.dylib+0x19890]  enqueueCommand+0x14c
C  [libjdwp.dylib+0x184f0]  reportEvents+0x228
C  [libjdwp.dylib+0x17fdc]  event_callback+0x3cc
C  [libjdwp.dylib+0x14e70]  cbBreakpoint+0x154
V  [libjvm.dylib+0x5a3b74]  JvmtiExport::post_raw_breakpoint(JavaThread*, Method*, unsigned char*)+0x300
V  [libjvm.dylib+0x3d961c]  InterpreterRuntime::_breakpoint(JavaThread*, Method*, unsigned char*)+0x40
j  com.appswithlove.ui.MainViewModel.fetchProjectsInt(Lkotlin/coroutines/Continuation;)Ljava/lang/Object;+1348
j  com.appswithlove.ui.MainViewModel.access$fetchProjectsInt(Lcom/appswithlove/ui/MainViewModel;Lkotlin/coroutines/Continuation;)Ljava/lang/Object;+2
j  com.appswithlove.ui.MainViewModel$fetchProjectsInt$1.invokeSuspend(Ljava/lang/Object;)Ljava/lang/Object;+24
J 5003 c2 kotlin.coroutines.jvm.internal.BaseContinuationImpl.resumeWith(Ljava/lang/Object;)V (128 bytes) @ 0x00000001132afdf0 [0x00000001132af740+0x00000000000006b0]
J 5581 c2 kotlinx.coroutines.DispatchedTask.run()V (571 bytes) @ 0x000000011332e938 [0x000000011332e6c0+0x0000000000000278]
J 4245 c1 kotlinx.coroutines.internal.LimitedDispatcher.run()V (170 bytes) @ 0x000000010c36b2fc [0x000000010c36b040+0x00000000000002bc]
J 4243 c1 kotlinx.coroutines.scheduling.TaskImpl.run()V (35 bytes) @ 0x000000010c36d440 [0x000000010c36d300+0x0000000000000140]
J 3668 c1 kotlinx.coroutines.scheduling.CoroutineScheduler.runSafely(Lkotlinx/coroutines/scheduling/Task;)V (73 bytes) @ 0x000000010c204fbc [0x000000010c204e80+0x000000000000013c]
J 4156 c1 kotlinx.coroutines.scheduling.CoroutineScheduler$Worker.executeTask(Lkotlinx/coroutines/scheduling/Task;)V (39 bytes) @ 0x000000010c338d84 [0x000000010c338b40+0x0000000000000244]
j  kotlinx.coroutines.scheduling.CoroutineScheduler$Worker.runWorker()V+44
j  kotlinx.coroutines.scheduling.CoroutineScheduler$Worker.run()V+1
v  ~StubRoutines::call_stub
V  [libjvm.dylib+0x3dff24]  JavaCalls::call_helper(JavaValue*, methodHandle const&, JavaCallArguments*, Thread*)+0x324
V  [libjvm.dylib+0x3deffc]  JavaCalls::call_virtual(JavaValue*, Klass*, Symbol*, Symbol*, JavaCallArguments*, Thread*)+0xf8
V  [libjvm.dylib+0x3df0c4]  JavaCalls::call_virtual(JavaValue*, Handle, Klass*, Symbol*, Symbol*, Thread*)+0x64
V  [libjvm.dylib+0x48e740]  thread_entry(JavaThread*, Thread*)+0xbc
V  [libjvm.dylib+0x8cb680]  JavaThread::thread_main_inner()+0xa0
V  [libjvm.dylib+0x8c8b7c]  Thread::call_run()+0x88
V  [libjvm.dylib+0x711b98]  thread_native_entry(Thread*)+0x1d0
C  [libsystem_pthread.dylib+0x706c]  _pthread_start+0x94

Java frames: (J=compiled Java code, j=interpreted, Vv=VM code)
j  com.appswithlove.ui.MainViewModel.fetchProjectsInt(Lkotlin/coroutines/Continuation;)Ljava/lang/Object;+1348
j  com.appswithlove.ui.MainViewModel.access$fetchProjectsInt(Lcom/appswithlove/ui/MainViewModel;Lkotlin/coroutines/Continuation;)Ljava/lang/Object;+2
j  com.appswithlove.ui.MainViewModel$fetchProjectsInt$1.invokeSuspend(Ljava/lang/Object;)Ljava/lang/Object;+24
J 5003 c2 kotlin.coroutines.jvm.internal.BaseContinuationImpl.resumeWith(Ljava/lang/Object;)V (128 bytes) @ 0x00000001132afdf0 [0x00000001132af740+0x00000000000006b0]
J 5581 c2 kotlinx.coroutines.DispatchedTask.run()V (571 bytes) @ 0x000000011332e938 [0x000000011332e6c0+0x0000000000000278]
J 4245 c1 kotlinx.coroutines.internal.LimitedDispatcher.run()V (170 bytes) @ 0x000000010c36b2fc [0x000000010c36b040+0x00000000000002bc]
J 4243 c1 kotlinx.coroutines.scheduling.TaskImpl.run()V (35 bytes) @ 0x000000010c36d440 [0x000000010c36d300+0x0000000000000140]
J 3668 c1 kotlinx.coroutines.scheduling.CoroutineScheduler.runSafely(Lkotlinx/coroutines/scheduling/Task;)V (73 bytes) @ 0x000000010c204fbc [0x000000010c204e80+0x000000000000013c]
J 4156 c1 kotlinx.coroutines.scheduling.CoroutineScheduler$Worker.executeTask(Lkotlinx/coroutines/scheduling/Task;)V (39 bytes) @ 0x000000010c338d84 [0x000000010c338b40+0x0000000000000244]
j  kotlinx.coroutines.scheduling.CoroutineScheduler$Worker.runWorker()V+44
j  kotlinx.coroutines.scheduling.CoroutineScheduler$Worker.run()V+1
v  ~StubRoutines::call_stub

siginfo: si_signo: 10 (SIGBUS), si_code: 1 (BUS_ADRALN), si_addr: 0x00000001132aead8

Register to memory mapping:

 x0=0x0000000103cd0168: _MergedGlobals+0 in /Users/yannickpulver/Library/Java/JavaVirtualMachines/azul-15.0.8/Contents/Home/lib/server/libjvm.dylib at 0x0000000103174000
 x1=0x00000001132ae990 is at entry_point+-3504 in (nmethod*)0x00000001132ae990
 x2=0x0000000103a06088: _ZN21MarkActivationClosure12do_code_blobEP8CodeBlob+0 in /Users/yannickpulver/Library/Java/JavaVirtualMachines/azul-15.0.8/Contents/Home/lib/server/libjvm.dylib at 0x0000000103174000
 x3=0x0000000fffffc088 points into unknown readable memory: 0xfffffb9f81b08ecb | cb 8e b0 81 9f fb ff ff
 x4=0x0 is NULL
 x5=0x00000000000000a0 is an unknown value
 x6=0x0 is NULL
 x7=0x0 is NULL
 x8=0x0000000103c7c000: _ZN12StubRoutines20_checkcast_arraycopyE+0 in /Users/yannickpulver/Library/Java/JavaVirtualMachines/azul-15.0.8/Contents/Home/lib/server/libjvm.dylib at 0x0000000103174000
 x9=0x00000000000001e0 is an unknown value
x10=0x0000000000004a53 is an unknown value
x11=0x0000000102568000 points into unknown readable memory: 0x0100050403020100 | 00 01 02 03 04 05 00 01
x12=0x0000000000004a53 is an unknown value
x13=0x0 is NULL
x14=0x000000000000007a is an unknown value
x15=0x000000017ddfdca8 is pointing into the stack for thread: 0x000000012a94b400
x16=0x0c00000000000000 is an unknown value
x17=0x00000001e7f14980 points into unknown readable memory: 0x00000001879c65dc | dc 65 9c 87 01 00 00 00
x18=0x0 is NULL
x19=0x00000001132ae990 is at entry_point+-3504 in (nmethod*)0x00000001132ae990
x20=0x000000012a94b400 is a thread
x21=0x000000017ddfd6a0 is pointing into the stack for thread: 0x000000012a94b400
x22=0x0000000103c7bf18: _ZN12StubRoutines25_call_stub_return_addressE+0 in /Users/yannickpulver/Library/Java/JavaVirtualMachines/azul-15.0.8/Contents/Home/lib/server/libjvm.dylib at 0x0000000103174000
x23=0x000000012a94b854 points into unknown readable memory: 03 b8 01 00
x24=0x0000000103c17000: _type2aelembytes+0x30 in /Users/yannickpulver/Library/Java/JavaVirtualMachines/azul-15.0.8/Contents/Home/lib/server/libjvm.dylib at 0x0000000103174000
x25=0x0000000000000544 is an unknown value
x26=0x0 is NULL
x27=0x0000000000000006 is an unknown value
x28=0x000000000000000b is an unknown value


Registers:
 x0=0x0000000103cd0168  x1=0x00000001132ae990  x2=0x0000000103a06088  x3=0x0000000fffffc088
 x4=0x0000000000000000  x5=0x00000000000000a0  x6=0x0000000000000000  x7=0x0000000000000000
 x8=0x0000000103c7c000  x9=0x00000000000001e0 x10=0x0000000000004a53 x11=0x0000000102568000
x12=0x0000000000004a53 x13=0x0000000000000000 x14=0x000000000000007a x15=0x000000017ddfdca8
x16=0x0c00000000000000 x17=0x00000001e7f14980 x18=0x0000000000000000 x19=0x00000001132ae990
x20=0x000000012a94b400 x21=0x000000017ddfd6a0 x22=0x0000000103c7bf18 x23=0x000000012a94b854
x24=0x0000000103c17000 x25=0x0000000000000544 x26=0x0000000000000000 x27=0x0000000000000006
x28=0x000000000000000b  fp=0x000000017ddfd660  lr=0x0000000103a41908  sp=0x000000017ddfd650
pc=0x0000000103a060c4 cpsr=0x0000000080001000
Top of Stack: (sp=0x000000017ddfd650)
0x000000017ddfd650:   000000012a94b400 0000000103cd0168
0x000000017ddfd660:   000000017ddfdd50 0000000103a41908
0x000000017ddfd670:   000000017ddfe660 00000001132afdf0
0x000000017ddfd680:   00000001132ae990 0000000000000000
0x000000017ddfd690:   00000005c33ff5c0 000000017ddfe670
0x000000017ddfd6a0:   00000000000003d8 000000012a94b400
0x000000017ddfd6b0:   00000005c0005090 00000005c025bd80
0x000000017ddfd6c0:   00000005c0009380 000060000263ea30
0x000000017ddfd6d0:   000060000263ea60 000060000263eb18
0x000000017ddfd6e0:   00000000000000d8 000000017ddfd640
0x000000017ddfd6f0:   86798bcf01010161 86798bcfc22a0061
0x000000017ddfd700:   0000600003d28a20 000000008a485442
0x000000017ddfd710:   0000600002b24480 00000003000cd9e8
0x000000017ddfd720:   000060000263ea50 000000012a94b400
0x000000017ddfd730:   000000017ddfd850 8c18000103a14140
0x000000017ddfd740:   000000010000000e 0000000100000000
0x000000017ddfd750:   000000017ddfd880 00000001035357d4
0x000000017ddfd760:   000000017ddfd780 00000001033707a8
0x000000017ddfd770:   0000000300480b00 0000000000000000
0x000000017ddfd780:   000000012a94b400 000000012a94b400
0x000000017ddfd790:   000060000263ea58 0000000000000001
0x000000017ddfd7a0:   000060000263ea01 000000012a94b400
0x000000017ddfd7b0:   000060000039f780 000060000263ea30
0x000000017ddfd7c0:   000060000263ea58 000060000263eb18
0x000000017ddfd7d0:   00000000000000d8 000000017ddfd8b0
0x000000017ddfd7e0:   00000005c95c0880 0000000000000004
0x000000017ddfd7f0:   86798bcfc22a0061 000060000263ea58
0x000000017ddfd800:   0000600002b24480 000000012a94b400
0x000000017ddfd810:   000060000263ea58 00000003000cd9e8
0x000000017ddfd820:   000060000263ea50 0000000000000001
0x000000017ddfd830:   000060000263ea58 00006000017009f0
0x000000017ddfd840:   00000003000cd9e8 0000000000000001 

Instructions: (pc=0x0000000103a060c4)
0x0000000103a05fc4:   911f6c21 aa1303e0 97fa2d75 f00013a8
0x0000000103a05fd4:   fd418d00 5e61d800 d2d09008 f2e825c8
0x0000000103a05fe4:   9e670101 1e611800 fd0003e0 90000a21
0x0000000103a05ff4:   911fe821 aa1303e0 97fa2d69 d00013a8
0x0000000103a06004:   f9416908 f90003e8 f0000a01 91209c21
0x0000000103a06014:   aa1303e0 97fa2d62 d00013a8 f9418108
0x0000000103a06024:   d00013a9 f9418529 a90027e8 f0000a01
0x0000000103a06034:   91213821 aa1303e0 97fa2d59 d00013a8
0x0000000103a06044:   f9418908 d34afd08 f90003e8 f0000a01
0x0000000103a06054:   91223821 aa1303e0 97fa2d51 aa1403e0
0x0000000103a06064:   a9427bfd a9414ff4 9100c3ff 17fa37bc
0x0000000103a06074:   a9bf7bfd 910003fd d2800000 a8c17bfd
0x0000000103a06084:   d65f03c0 a9be4ff4 a9017bfd 910043fd
0x0000000103a06094:   aa0103f3 d00013a8 b942f909 35000129
0x0000000103a060a4:   b0001089 d503201f f9425929 d354fd2a
0x0000000103a060b4:   531f794a f144013f 1a9f2549 b902f909
0x0000000103a060c4:   b9014a69 f9400268 f9404108 aa1303e0
0x0000000103a060d4:   d63f0100 340000a0 aa1303e0 a9417bfd
0x0000000103a060e4:   a8c24ff4 17f957cd a9417bfd a8c24ff4
0x0000000103a060f4:   d65f03c0 a9bf7bfd 910003fd d00013a8
0x0000000103a06104:   b942f909 34000089 b9014829 a8c17bfd
0x0000000103a06114:   d65f03c0 b0001089 d503201f f9425929
0x0000000103a06124:   d354fd2a 531f794a f144013f 1a9f2549
0x0000000103a06134:   b902f909 b9014829 a8c17bfd d65f03c0
0x0000000103a06144:   a9be4ff4 a9017bfd 910043fd aa0103f3
0x0000000103a06154:   aa0003f4 f9400028 f9402108 aa0103e0
0x0000000103a06164:   d63f0100 340000c0 f9400268 f9402908
0x0000000103a06174:   aa1303e0 d63f0100 36000080 a9417bfd
0x0000000103a06184:   a8c24ff4 d65f03c0 f9400a81 f9400268
0x0000000103a06194:   f9406d02 aa1303e0 a9417bfd a8c24ff4
0x0000000103a061a4:   d61f0040 a9bc5ff8 a90157f6 a9024ff4
0x0000000103a061b4:   a9037bfd 9100c3fd 39404008 34000288 


Stack slot to memory mapping:
stack at sp + 0 slots: 0x000000012a94b400 is a thread
stack at sp + 1 slots: 0x0000000103cd0168: _MergedGlobals+0 in /Users/yannickpulver/Library/Java/JavaVirtualMachines/azul-15.0.8/Contents/Home/lib/server/libjvm.dylib at 0x0000000103174000
stack at sp + 2 slots: 0x000000017ddfdd50 is pointing into the stack for thread: 0x000000012a94b400
stack at sp + 3 slots: 0x0000000103a41908: _ZN10JavaThread11nmethods_doEP15CodeBlobClosure+0x80 in /Users/yannickpulver/Library/Java/JavaVirtualMachines/azul-15.0.8/Contents/Home/lib/server/libjvm.dylib at 0x0000000103174000
stack at sp + 4 slots: 0x000000017ddfe660 is pointing into the stack for thread: 0x000000012a94b400
stack at sp + 5 slots: 0x00000001132afdf0 is at entry_point+1712 in (nmethod*)0x00000001132ae990
stack at sp + 6 slots: 0x00000001132ae990 is at entry_point+-3504 in (nmethod*)0x00000001132ae990
stack at sp + 7 slots: 0x0 is NULL


---------------  P R O C E S S  ---------------

Threads class SMR info:
_java_thread_list=0x0000600001f3a0c0, length=46, elements={
0x000000013f80fc00, 0x000000011f809200, 0x000000014000ac00, 0x000000013f8ef800,
0x000000013f80f400, 0x000000013f8fb000, 0x000000013f8fb600, 0x000000013f8fbc00,
0x000000012f844000, 0x0000000140013800, 0x0000000140017000, 0x000000012802be00,
0x00000001400a3400, 0x0000000128044400, 0x000000013fa57600, 0x0000000140140000,
0x000000012b033a00, 0x000000013fab0c00, 0x0000000140152000, 0x000000014018be00,
0x0000000140136e00, 0x000000014018d200, 0x000000013fa96a00, 0x000000013fab2a00,
0x000000012b034600, 0x000000012fb00c00, 0x000000012fab3c00, 0x000000012a815a00,
0x000000012c00c800, 0x000000012b034c00, 0x000000011fcd4000, 0x0000000140273e00,
0x0000000140276600, 0x000000012b035c00, 0x000000013fd1f800, 0x0000000151808e00,
0x000000012c03ac00, 0x000000012c012e00, 0x000000012a94b400, 0x000000013ff60a00,
0x000000011fb00200, 0x0000000140492800, 0x000000012fd93a00, 0x000000012c27c800,
0x00000002b417f200, 0x000000012840dc00
}

Java Threads: ( => current thread )
  0x000000013f80fc00 JavaThread "main" [_thread_blocked, id=5635, stack(0x000000016dc14000,0x000000016de17000)]
  0x000000011f809200 JavaThread "Reference Handler" daemon [_thread_blocked, id=17667, stack(0x000000016ea68000,0x000000016ec6b000)]
  0x000000014000ac00 JavaThread "Finalizer" daemon [_thread_blocked, id=19459, stack(0x000000016ec74000,0x000000016ee77000)]
  0x000000013f8ef800 JavaThread "Signal Dispatcher" daemon [_thread_blocked, id=22787, stack(0x000000016f024000,0x000000016f227000)]
  0x000000013f80f400 JavaThread "Service Thread" daemon [_thread_blocked, id=23555, stack(0x000000016f230000,0x000000016f433000)]
  0x000000013f8fb000 JavaThread "C2 CompilerThread0" daemon [_thread_in_native, id=24067, stack(0x000000016f43c000,0x000000016f63f000)]
  0x000000013f8fb600 JavaThread "C1 CompilerThread0" daemon [_thread_blocked, id=24835, stack(0x000000016f648000,0x000000016f84b000)]
  0x000000013f8fbc00 JavaThread "Sweeper thread" daemon [_thread_blocked, id=25347, stack(0x000000016f854000,0x000000016fa57000)]
  0x000000012f844000 JavaThread "Common-Cleaner" daemon [_thread_blocked, id=28931, stack(0x000000016fa60000,0x000000016fc63000)]
  0x0000000140013800 JavaThread "JDWP Transport Listener: dt_socket" daemon [_thread_blocked, id=28675, stack(0x000000016fc6c000,0x000000016fe6f000)]
  0x0000000140017000 JavaThread "JDWP Event Helper Thread" daemon [_thread_blocked, id=28163, stack(0x0000000178004000,0x0000000178207000)]
  0x000000012802be00 JavaThread "JDWP Command Reader" daemon [_thread_in_native, id=27651, stack(0x0000000178210000,0x0000000178413000)]
  0x00000001400a3400 JavaThread "Coroutines Debugger Cleaner" daemon [_thread_blocked, id=41987, stack(0x0000000178628000,0x000000017882b000)]
  0x0000000128044400 JavaThread "Notification Thread" daemon [_thread_blocked, id=41219, stack(0x0000000178834000,0x0000000178a37000)]
  0x000000013fa57600 JavaThread "AppKit Thread" daemon [_thread_blocked, id=259, stack(0x000000016bb88000,0x000000016db88000)]
  0x0000000140140000 JavaThread "AWT-Shutdown" [_thread_blocked, id=62723, stack(0x0000000178c4c000,0x0000000178e4f000)]
  0x000000012b033a00 JavaThread "AWT-EventQueue-0" [_thread_blocked, id=67851, stack(0x0000000178e58000,0x000000017905b000)]
  0x000000013fab0c00 JavaThread "Java2D Queue Flusher" daemon [_thread_blocked, id=82435, stack(0x000000017a0c4000,0x000000017a2c7000)]
  0x0000000140152000 JavaThread "Java2D Disposer" daemon [_thread_blocked, id=76803, stack(0x000000017a2d0000,0x000000017a4d3000)]
  0x000000014018be00 JavaThread "Reference Cleaner" daemon [_thread_blocked, id=130307, stack(0x000000017a4dc000,0x000000017a6df000)]
  0x0000000140136e00 JavaThread "DefaultDispatcher-worker-1" daemon [_thread_blocked, id=129539, stack(0x000000017a6e8000,0x000000017a8eb000)]
  0x000000014018d200 JavaThread "DefaultDispatcher-worker-2" daemon [_thread_blocked, id=89091, stack(0x000000017a8f4000,0x000000017aaf7000)]
  0x000000013fa96a00 JavaThread "DefaultDispatcher-worker-3" daemon [_thread_blocked, id=89347, stack(0x000000017ab00000,0x000000017ad03000)]
  0x000000013fab2a00 JavaThread "kotlinx.coroutines.DefaultExecutor" daemon [_thread_blocked, id=128003, stack(0x000000017ad0c000,0x000000017af0f000)]
  0x000000012b034600 JavaThread "Timer-0" daemon [_thread_blocked, id=125727, stack(0x000000017b124000,0x000000017b327000)]
  0x000000012fb00c00 JavaThread "DefaultDispatcher-worker-4" daemon [_thread_blocked, id=119555, stack(0x000000017b330000,0x000000017b533000)]
  0x000000012fab3c00 JavaThread "DefaultDispatcher-worker-5" daemon [_thread_blocked, id=118787, stack(0x000000017b53c000,0x000000017b73f000)]
  0x000000012a815a00 JavaThread "DefaultDispatcher-worker-6" daemon [_thread_blocked, id=118275, stack(0x000000017b748000,0x000000017b94b000)]
  0x000000012c00c800 JavaThread "DefaultDispatcher-worker-7" daemon [_thread_blocked, id=117763, stack(0x000000017b954000,0x000000017bb57000)]
  0x000000012b034c00 JavaThread "DefaultDispatcher-worker-8" daemon [_thread_blocked, id=96003, stack(0x000000017bb60000,0x000000017bd63000)]
  0x000000011fcd4000 JavaThread "DefaultDispatcher-worker-9" daemon [_thread_blocked, id=96771, stack(0x000000017bd6c000,0x000000017bf6f000)]
  0x0000000140273e00 JavaThread "DefaultDispatcher-worker-10" daemon [_thread_blocked, id=97539, stack(0x000000017bf78000,0x000000017c17b000)]
  0x0000000140276600 JavaThread "DefaultDispatcher-worker-11" daemon [_thread_blocked, id=116483, stack(0x000000017c184000,0x000000017c387000)]
  0x000000012b035c00 JavaThread "DefaultDispatcher-worker-12" daemon [_thread_in_native, id=98819, stack(0x000000017c390000,0x000000017c593000)]
  0x000000013fd1f800 JavaThread "DefaultDispatcher-worker-13" daemon [_thread_blocked, id=115459, stack(0x000000017c59c000,0x000000017c79f000)]
  0x0000000151808e00 JavaThread "DefaultDispatcher-worker-14" daemon [_thread_blocked, id=120071, stack(0x000000017d3d8000,0x000000017d5db000)]
  0x000000012c03ac00 JavaThread "DefaultDispatcher-worker-15" daemon [_thread_blocked, id=100611, stack(0x000000017d5e4000,0x000000017d7e7000)]
  0x000000012c012e00 JavaThread "DefaultDispatcher-worker-16" daemon [_thread_in_native, id=112899, stack(0x000000017d7f0000,0x000000017d9f3000)]
=>0x000000012a94b400 JavaThread "DefaultDispatcher-worker-17" daemon [_thread_in_vm, id=112387, stack(0x000000017dbfc000,0x000000017ddff000)]
  0x000000013ff60a00 JavaThread "DefaultDispatcher-worker-18" daemon [_thread_blocked, id=102167, stack(0x000000017fd9c000,0x000000017ff9f000)]
  0x000000011fb00200 JavaThread "DefaultDispatcher-worker-19" daemon [_thread_blocked, id=102659, stack(0x00000002b33e8000,0x00000002b35eb000)]
  0x0000000140492800 JavaThread "DefaultDispatcher-worker-20" daemon [_thread_in_native, id=103683, stack(0x00000002b3d78000,0x00000002b3f7b000)]
  0x000000012fd93a00 JavaThread "DefaultDispatcher-worker-21" daemon [_thread_blocked, id=104195, stack(0x00000002b5c64000,0x00000002b5e67000)]
  0x000000012c27c800 JavaThread "DefaultDispatcher-worker-22" daemon [_thread_blocked, id=104963, stack(0x00000002b5e70000,0x00000002b6073000)]
  0x00000002b417f200 JavaThread "DefaultDispatcher-worker-23" daemon [_thread_blocked, id=105219, stack(0x00000002b607c000,0x00000002b627f000)]
  0x000000012840dc00 JavaThread "TimerQueue" daemon [_thread_blocked, id=106759, stack(0x00000002b4804000,0x00000002b4a07000)]

Other Threads:
  0x000000013f6143b0 VMThread "VM Thread" [stack: 0x000000016e85c000,0x000000016ea5f000] [id=20483] _threads_hazard_ptr=0x0000600001f3a0c0
  0x000000013f728710 WatcherThread [stack: 0x0000000178a40000,0x0000000178c43000] [id=33539]
  0x000000012f6068f0 GCTaskThread "GC Thread#0" [stack: 0x000000016de20000,0x000000016e023000] [id=14339]
  0x000000011f6221a0 GCTaskThread "GC Thread#1" [stack: 0x0000000179064000,0x0000000179267000] [id=83459]
  0x000000011f622690 GCTaskThread "GC Thread#2" [stack: 0x0000000179270000,0x0000000179473000] [id=69123]
  0x000000011f622d50 GCTaskThread "GC Thread#3" [stack: 0x000000017947c000,0x000000017967f000] [id=69379]
  0x000000011f623410 GCTaskThread "GC Thread#4" [stack: 0x0000000179688000,0x000000017988b000] [id=82947]
  0x000000011f623ad0 GCTaskThread "GC Thread#5" [stack: 0x0000000179894000,0x0000000179a97000] [id=82691]
  0x000000011f624190 GCTaskThread "GC Thread#6" [stack: 0x0000000179aa0000,0x0000000179ca3000] [id=70403]
  0x000000011f624850 GCTaskThread "GC Thread#7" [stack: 0x0000000179cac000,0x0000000179eaf000] [id=70915]
  0x000000011f624f10 GCTaskThread "GC Thread#8" [stack: 0x0000000179eb8000,0x000000017a0bb000] [id=71427]
  0x000000012f6071e0 ConcurrentGCThread "G1 Main Marker" [stack: 0x000000016e02c000,0x000000016e22f000] [id=14083]
  0x000000012f607cb0 ConcurrentGCThread "G1 Conc#0" [stack: 0x000000016e238000,0x000000016e43b000] [id=13571]
  0x000000013f79c970 ConcurrentGCThread "G1 Conc#1" [stack: 0x000000017af18000,0x000000017b11b000] [id=93191]
  0x000000013f610270 ConcurrentGCThread "G1 Refine#0" [stack: 0x000000016e444000,0x000000016e647000] [id=21251]
  0x000000012c9051b0 ConcurrentGCThread "G1 Refine#1" [stack: 0x00000002b6404000,0x00000002b6607000] [id=33079]
  0x0000000169709780 ConcurrentGCThread "G1 Refine#2" [stack: 0x00000002b7004000,0x00000002b7207000] [id=107779]
  0x000000013f610d50 ConcurrentGCThread "G1 Young RemSet Sampling" [stack: 0x000000016e650000,0x000000016e853000] [id=16643]

Threads with active compile tasks:
C2 CompilerThread0     6968 6549       4       java.util.regex.Pattern::qtype (39 bytes)

VM state: not at safepoint (normal execution)

VM Mutex/Monitor currently owned by a thread: None

Heap address: 0x00000005c0000000, size: 8192 MB, Compressed Oops mode: Zero based, Oop shift amount: 3
Compressed class space mapped at: 0x0000000300000000-0x0000000340000000, size: 1073741824
Narrow klass base: 0x0000000000000000, Narrow klass shift: 3, Narrow klass range: 0x340000000

GC Precious Log:
 CPUs: 10 total, 10 available
 Memory: 32768M
 Large Page Support: Disabled
 NUMA Support: Disabled
 Compressed Oops: Enabled (Zero based)
 Heap Region Size: 4M
 Heap Min Capacity: 8M
 Heap Initial Capacity: 512M
 Heap Max Capacity: 8G
 Pre-touch: Disabled
 Parallel Workers: 9
 Concurrent Workers: 2
 Concurrent Refinement Workers: 9
 Periodic GC: Disabled

Heap:
 garbage-first heap   total 303104K, used 162165K [0x00000005c0000000, 0x00000007c0000000)
  region size 4096K, 38 young (155648K), 1 survivors (4096K)
 Metaspace       used 44403K, capacity 44937K, committed 45360K, reserved 1089536K
  class space    used 4443K, capacity 4633K, committed 4736K, reserved 1048576K

Heap Regions: E=young(eden), S=young(survivor), O=old, HS=humongous(starts), HC=humongous(continues), CS=collection set, F=free, OA=open archive, CA=closed archive, TAMS=top-at-mark-start (previous, next)
|   0|0x00000005c0000000, 0x00000005c0389400, 0x00000005c0400000| 88%| O|  |TAMS 0x00000005c0389400, 0x00000005c0000000| Untracked 
|   1|0x00000005c0400000, 0x00000005c0400000, 0x00000005c0800000|  0%| F|  |TAMS 0x00000005c0400000, 0x00000005c0400000| Untracked 
|   2|0x00000005c0800000, 0x00000005c0800000, 0x00000005c0c00000|  0%| F|  |TAMS 0x00000005c0800000, 0x00000005c0800000| Untracked 
|   3|0x00000005c0c00000, 0x00000005c1000000, 0x00000005c1000000|100%| O|  |TAMS 0x00000005c0c00000, 0x00000005c0c00000| Untracked 
|   4|0x00000005c1000000, 0x00000005c139b400, 0x00000005c1400000| 90%| O|  |TAMS 0x00000005c1000000, 0x00000005c1000000| Untracked 
|   5|0x00000005c1400000, 0x00000005c1400000, 0x00000005c1800000|  0%| F|  |TAMS 0x00000005c1400000, 0x00000005c1400000| Untracked 
|   6|0x00000005c1800000, 0x00000005c1800000, 0x00000005c1c00000|  0%| F|  |TAMS 0x00000005c1800000, 0x00000005c1800000| Untracked 
|   7|0x00000005c1c00000, 0x00000005c1f38c08, 0x00000005c2000000| 80%| S|CS|TAMS 0x00000005c1c00000, 0x00000005c1c00000| Complete 
|   8|0x00000005c2000000, 0x00000005c2000000, 0x00000005c2400000|  0%| F|  |TAMS 0x00000005c2000000, 0x00000005c2000000| Untracked 
|   9|0x00000005c2400000, 0x00000005c2400000, 0x00000005c2800000|  0%| F|  |TAMS 0x00000005c2400000, 0x00000005c2400000| Untracked 
|  10|0x00000005c2800000, 0x00000005c2800000, 0x00000005c2c00000|  0%| F|  |TAMS 0x00000005c2800000, 0x00000005c2800000| Untracked 
|  11|0x00000005c2c00000, 0x00000005c2c00000, 0x00000005c3000000|  0%| F|  |TAMS 0x00000005c2c00000, 0x00000005c2c00000| Untracked 
|  12|0x00000005c3000000, 0x00000005c3000000, 0x00000005c3400000|  0%| F|  |TAMS 0x00000005c3000000, 0x00000005c3000000| Untracked 
|  13|0x00000005c3400000, 0x00000005c3400000, 0x00000005c3800000|  0%| F|  |TAMS 0x00000005c3400000, 0x00000005c3400000| Untracked 
|  14|0x00000005c3800000, 0x00000005c3800000, 0x00000005c3c00000|  0%| F|  |TAMS 0x00000005c3800000, 0x00000005c3800000| Untracked 
|  15|0x00000005c3c00000, 0x00000005c3c00000, 0x00000005c4000000|  0%| F|  |TAMS 0x00000005c3c00000, 0x00000005c3c00000| Untracked 
|  16|0x00000005c4000000, 0x00000005c4000000, 0x00000005c4400000|  0%| F|  |TAMS 0x00000005c4000000, 0x00000005c4000000| Untracked 
|  17|0x00000005c4400000, 0x00000005c4400000, 0x00000005c4800000|  0%| F|  |TAMS 0x00000005c4400000, 0x00000005c4400000| Untracked 
|  18|0x00000005c4800000, 0x00000005c4800000, 0x00000005c4c00000|  0%| F|  |TAMS 0x00000005c4800000, 0x00000005c4800000| Untracked 
|  19|0x00000005c4c00000, 0x00000005c4c00000, 0x00000005c5000000|  0%| F|  |TAMS 0x00000005c4c00000, 0x00000005c4c00000| Untracked 
|  20|0x00000005c5000000, 0x00000005c5000000, 0x00000005c5400000|  0%| F|  |TAMS 0x00000005c5000000, 0x00000005c5000000| Untracked 
|  21|0x00000005c5400000, 0x00000005c5400000, 0x00000005c5800000|  0%| F|  |TAMS 0x00000005c5400000, 0x00000005c5400000| Untracked 
|  22|0x00000005c5800000, 0x00000005c5800000, 0x00000005c5c00000|  0%| F|  |TAMS 0x00000005c5800000, 0x00000005c5800000| Untracked 
|  23|0x00000005c5c00000, 0x00000005c5c00000, 0x00000005c6000000|  0%| F|  |TAMS 0x00000005c5c00000, 0x00000005c5c00000| Untracked 
|  24|0x00000005c6000000, 0x00000005c6000000, 0x00000005c6400000|  0%| F|  |TAMS 0x00000005c6000000, 0x00000005c6000000| Untracked 
|  25|0x00000005c6400000, 0x00000005c6400000, 0x00000005c6800000|  0%| F|  |TAMS 0x00000005c6400000, 0x00000005c6400000| Untracked 
|  26|0x00000005c6800000, 0x00000005c6800000, 0x00000005c6c00000|  0%| F|  |TAMS 0x00000005c6800000, 0x00000005c6800000| Untracked 
|  27|0x00000005c6c00000, 0x00000005c6c00000, 0x00000005c7000000|  0%| F|  |TAMS 0x00000005c6c00000, 0x00000005c6c00000| Untracked 
|  28|0x00000005c7000000, 0x00000005c7000000, 0x00000005c7400000|  0%| F|  |TAMS 0x00000005c7000000, 0x00000005c7000000| Untracked 
|  29|0x00000005c7400000, 0x00000005c7400000, 0x00000005c7800000|  0%| F|  |TAMS 0x00000005c7400000, 0x00000005c7400000| Untracked 
|  30|0x00000005c7800000, 0x00000005c7800000, 0x00000005c7c00000|  0%| F|  |TAMS 0x00000005c7800000, 0x00000005c7800000| Untracked 
|  31|0x00000005c7c00000, 0x00000005c7c00000, 0x00000005c8000000|  0%| F|  |TAMS 0x00000005c7c00000, 0x00000005c7c00000| Untracked 
|  32|0x00000005c8000000, 0x00000005c8000000, 0x00000005c8400000|  0%| F|  |TAMS 0x00000005c8000000, 0x00000005c8000000| Untracked 
|  33|0x00000005c8400000, 0x00000005c8400000, 0x00000005c8800000|  0%| F|  |TAMS 0x00000005c8400000, 0x00000005c8400000| Untracked 
|  34|0x00000005c8800000, 0x00000005c8800000, 0x00000005c8c00000|  0%| F|  |TAMS 0x00000005c8800000, 0x00000005c8800000| Untracked 
|  35|0x00000005c8c00000, 0x00000005c8c00000, 0x00000005c9000000|  0%| F|  |TAMS 0x00000005c8c00000, 0x00000005c8c00000| Untracked 
|  36|0x00000005c9000000, 0x00000005c9000000, 0x00000005c9400000|  0%| F|  |TAMS 0x00000005c9000000, 0x00000005c9000000| Untracked 
|  37|0x00000005c9400000, 0x00000005c97bcf00, 0x00000005c9800000| 93%| E|  |TAMS 0x00000005c9400000, 0x00000005c9400000| Complete 
|  38|0x00000005c9800000, 0x00000005c9c00000, 0x00000005c9c00000|100%| E|CS|TAMS 0x00000005c9800000, 0x00000005c9800000| Complete 
|  39|0x00000005c9c00000, 0x00000005ca000000, 0x00000005ca000000|100%| E|CS|TAMS 0x00000005c9c00000, 0x00000005c9c00000| Complete 
|  40|0x00000005ca000000, 0x00000005ca400000, 0x00000005ca400000|100%| E|CS|TAMS 0x00000005ca000000, 0x00000005ca000000| Complete 
|  41|0x00000005ca400000, 0x00000005ca800000, 0x00000005ca800000|100%| E|CS|TAMS 0x00000005ca400000, 0x00000005ca400000| Complete 
|  42|0x00000005ca800000, 0x00000005cac00000, 0x00000005cac00000|100%| E|CS|TAMS 0x00000005ca800000, 0x00000005ca800000| Complete 
|  43|0x00000005cac00000, 0x00000005cb000000, 0x00000005cb000000|100%| E|CS|TAMS 0x00000005cac00000, 0x00000005cac00000| Complete 
|  44|0x00000005cb000000, 0x00000005cb400000, 0x00000005cb400000|100%| E|CS|TAMS 0x00000005cb000000, 0x00000005cb000000| Complete 
|  45|0x00000005cb400000, 0x00000005cb800000, 0x00000005cb800000|100%| E|CS|TAMS 0x00000005cb400000, 0x00000005cb400000| Complete 
|  46|0x00000005cb800000, 0x00000005cbc00000, 0x00000005cbc00000|100%| E|CS|TAMS 0x00000005cb800000, 0x00000005cb800000| Complete 
|  47|0x00000005cbc00000, 0x00000005cc000000, 0x00000005cc000000|100%| E|CS|TAMS 0x00000005cbc00000, 0x00000005cbc00000| Complete 
|  48|0x00000005cc000000, 0x00000005cc400000, 0x00000005cc400000|100%| E|CS|TAMS 0x00000005cc000000, 0x00000005cc000000| Complete 
|  49|0x00000005cc400000, 0x00000005cc800000, 0x00000005cc800000|100%| E|CS|TAMS 0x00000005cc400000, 0x00000005cc400000| Complete 
|  50|0x00000005cc800000, 0x00000005ccc00000, 0x00000005ccc00000|100%| E|CS|TAMS 0x00000005cc800000, 0x00000005cc800000| Complete 
|  51|0x00000005ccc00000, 0x00000005cd000000, 0x00000005cd000000|100%| E|CS|TAMS 0x00000005ccc00000, 0x00000005ccc00000| Complete 
|  52|0x00000005cd000000, 0x00000005cd400000, 0x00000005cd400000|100%| E|CS|TAMS 0x00000005cd000000, 0x00000005cd000000| Complete 
|  53|0x00000005cd400000, 0x00000005cd800000, 0x00000005cd800000|100%| E|CS|TAMS 0x00000005cd400000, 0x00000005cd400000| Complete 
|  54|0x00000005cd800000, 0x00000005cdc00000, 0x00000005cdc00000|100%| E|CS|TAMS 0x00000005cd800000, 0x00000005cd800000| Complete 
|  55|0x00000005cdc00000, 0x00000005ce000000, 0x00000005ce000000|100%| E|CS|TAMS 0x00000005cdc00000, 0x00000005cdc00000| Complete 
|  56|0x00000005ce000000, 0x00000005ce400000, 0x00000005ce400000|100%| E|CS|TAMS 0x00000005ce000000, 0x00000005ce000000| Complete 
|  57|0x00000005ce400000, 0x00000005ce800000, 0x00000005ce800000|100%| E|CS|TAMS 0x00000005ce400000, 0x00000005ce400000| Complete 
|  58|0x00000005ce800000, 0x00000005cec00000, 0x00000005cec00000|100%| E|CS|TAMS 0x00000005ce800000, 0x00000005ce800000| Complete 
|  59|0x00000005cec00000, 0x00000005cf000000, 0x00000005cf000000|100%| E|CS|TAMS 0x00000005cec00000, 0x00000005cec00000| Complete 
|  60|0x00000005cf000000, 0x00000005cf400000, 0x00000005cf400000|100%| E|CS|TAMS 0x00000005cf000000, 0x00000005cf000000| Complete 
|  61|0x00000005cf400000, 0x00000005cf800000, 0x00000005cf800000|100%| E|CS|TAMS 0x00000005cf400000, 0x00000005cf400000| Complete 
|  62|0x00000005cf800000, 0x00000005cfc00000, 0x00000005cfc00000|100%| E|CS|TAMS 0x00000005cf800000, 0x00000005cf800000| Complete 
|  63|0x00000005cfc00000, 0x00000005d0000000, 0x00000005d0000000|100%| E|CS|TAMS 0x00000005cfc00000, 0x00000005cfc00000| Complete 
|  64|0x00000005d0000000, 0x00000005d0400000, 0x00000005d0400000|100%| E|CS|TAMS 0x00000005d0000000, 0x00000005d0000000| Complete 
|  65|0x00000005d0400000, 0x00000005d0800000, 0x00000005d0800000|100%| E|CS|TAMS 0x00000005d0400000, 0x00000005d0400000| Complete 
|  66|0x00000005d0800000, 0x00000005d0c00000, 0x00000005d0c00000|100%| E|CS|TAMS 0x00000005d0800000, 0x00000005d0800000| Complete 
|  67|0x00000005d0c00000, 0x00000005d1000000, 0x00000005d1000000|100%| E|CS|TAMS 0x00000005d0c00000, 0x00000005d0c00000| Complete 
|  68|0x00000005d1000000, 0x00000005d1400000, 0x00000005d1400000|100%| E|CS|TAMS 0x00000005d1000000, 0x00000005d1000000| Complete 
|  69|0x00000005d1400000, 0x00000005d1800000, 0x00000005d1800000|100%| E|CS|TAMS 0x00000005d1400000, 0x00000005d1400000| Complete 
|  70|0x00000005d1800000, 0x00000005d1c00000, 0x00000005d1c00000|100%| E|CS|TAMS 0x00000005d1800000, 0x00000005d1800000| Complete 
|  71|0x00000005d1c00000, 0x00000005d2000000, 0x00000005d2000000|100%| E|CS|TAMS 0x00000005d1c00000, 0x00000005d1c00000| Complete 
| 124|0x00000005df000000, 0x00000005df400000, 0x00000005df400000|100%| E|CS|TAMS 0x00000005df000000, 0x00000005df000000| Complete 
| 127|0x00000005dfc00000, 0x00000005e0000000, 0x00000005e0000000|100%| E|CS|TAMS 0x00000005dfc00000, 0x00000005dfc00000| Complete 

Card table byte_map: [0x000000011b594000,0x000000011c594000] _byte_map_base: 0x0000000118794000

Marking Bits (Prev, Next): (CMBitMap*) 0x000000012f833a50, (CMBitMap*) 0x000000012f833a10
 Prev Bits: [0x0000000148800000, 0x0000000150800000)
 Next Bits: [0x0000000140800000, 0x0000000148800000)

Polling page: 0x00000001022d0000

Metaspace:

Usage:
  Non-class:     39.36 MB capacity,    39.02 MB (>99%) used,   272.86 KB ( <1%) free+waste,    71.00 KB ( <1%) overhead. 
      Class:      4.52 MB capacity,     4.34 MB ( 96%) used,   164.62 KB (  4%) free+waste,    24.62 KB ( <1%) overhead. 
       Both:     43.88 MB capacity,    43.36 MB ( 99%) used,   437.48 KB ( <1%) free+waste,    95.62 KB ( <1%) overhead. 

Virtual space:
  Non-class space:       40.00 MB reserved,      39.67 MB (>99%) committed 
      Class space:        1.00 GB reserved,       4.62 MB ( <1%) committed 
             Both:        1.04 GB reserved,      44.30 MB (  4%) committed 

Chunk freelists:
   Non-Class:  224.00 KB
       Class:  7.00 KB
        Both:  231.00 KB

MaxMetaspaceSize: unlimited
CompressedClassSpaceSize: 1.00 GB

CodeHeap 'non-profiled nmethods': size=120032Kb used=3687Kb max_used=3687Kb free=116344Kb
 bounds [0x000000011305c000, 0x00000001133fc000, 0x000000011a594000]
CodeHeap 'profiled nmethods': size=120016Kb used=14579Kb max_used=14579Kb free=105436Kb
 bounds [0x000000010bb28000, 0x000000010c968000, 0x000000011305c000]
CodeHeap 'non-nmethods': size=5712Kb used=1843Kb max_used=2002Kb free=3868Kb
 bounds [0x000000010b594000, 0x000000010b804000, 0x000000010bb28000]
 total_blobs=7720 nmethods=6446 adapters=1190
 compilation: enabled
              stopped_count=0, restarted_count=0
 full_count=0

Compilation events (20 events):
Event: 6.937 Thread 0x000000013f8fb000 nmethod 6531 0x00000001133ead90 code [0x00000001133eafc0, 0x00000001133eb640]
Event: 6.937 Thread 0x000000013f8fb000 6538       4       kotlin.text.MatcherMatchResult$groupValues$1::getSize (15 bytes)
Event: 6.938 Thread 0x000000013f8fb000 nmethod 6538 0x00000001133eb910 code [0x00000001133ebac0, 0x00000001133ebc50]
Event: 6.938 Thread 0x000000013f8fb000 6525       4       java.util.regex.Pattern::append (43 bytes)
Event: 6.938 Thread 0x000000013f8fb000 nmethod 6525 0x00000001133ebd90 code [0x00000001133ebf40, 0x00000001133ec0a0]
Event: 6.938 Thread 0x000000013f8fb000 6532       4       java.util.regex.Pattern::single (82 bytes)
Event: 6.939 Thread 0x000000013f8fb000 nmethod 6532 0x00000001133ec190 code [0x00000001133ec340, 0x00000001133ec4e0]
Event: 6.939 Thread 0x000000013f8fb000 6537       4       java.util.regex.Pattern$CharProperty::study (29 bytes)
Event: 6.939 Thread 0x000000013f8fb000 nmethod 6537 0x00000001133ec690 code [0x00000001133ec840, 0x00000001133eca10]
Event: 6.939 Thread 0x000000013f8fb000 6541       4       java.lang.String::subSequence (7 bytes)
Event: 6.941 Thread 0x000000013f8fb000 nmethod 6541 0x00000001133ecb90 code [0x00000001133ecd80, 0x00000001133ed2c0]
Event: 6.941 Thread 0x000000013f8fb000 6542   !   4       java.util.regex.Pattern::matcher (44 bytes)
Event: 6.946 Thread 0x000000013f8fb000 nmethod 6542 0x00000001133ed690 code [0x00000001133ed900, 0x00000001133ee3c0]
Event: 6.946 Thread 0x000000013f8fb000 6544       4       java.util.regex.Matcher::<init> (95 bytes)
Event: 6.953 Thread 0x000000013f8fb000 nmethod 6544 0x00000001133ee790 code [0x00000001133eea40, 0x00000001133ef6c0]
Event: 6.953 Thread 0x000000013f8fb000 6551       4       kotlin.collections.AbstractCollection::isEmpty (13 bytes)
Event: 6.953 Thread 0x000000013f8fb000 nmethod 6551 0x00000001133efa10 code [0x00000001133efbc0, 0x00000001133efcc0]
Event: 6.953 Thread 0x000000013f8fb000 6550       4       java.util.regex.Pattern::group0 (760 bytes)
Event: 6.960 Thread 0x000000013f8fb000 nmethod 6550 0x00000001133efd90 code [0x00000001133f00c0, 0x00000001133f0f20]
Event: 6.960 Thread 0x000000013f8fb000 6552       4       java.util.regex.Pattern::createGroup (86 bytes)

GC Heap History (20 events):
Event: 0.549 GC heap before
{Heap before GC invocations=1 (full 0):
 garbage-first heap   total 524288K, used 24147K [0x00000005c0000000, 0x00000007c0000000)
  region size 4096K, 7 young (28672K), 1 survivors (4096K)
 Metaspace       used 18441K, capacity 18656K, committed 19072K, reserved 1067008K
  class space    used 1727K, capacity 1799K, committed 1920K, reserved 1048576K
}
Event: 0.552 GC heap after
{Heap after GC invocations=2 (full 0):
 garbage-first heap   total 524288K, used 4653K [0x00000005c0000000, 0x00000007c0000000)
  region size 4096K, 1 young (4096K), 1 survivors (4096K)
 Metaspace       used 18441K, capacity 18656K, committed 19072K, reserved 1067008K
  class space    used 1727K, capacity 1799K, committed 1920K, reserved 1048576K
}
Event: 0.633 GC heap before
{Heap before GC invocations=2 (full 0):
 garbage-first heap   total 524288K, used 12845K [0x00000005c0000000, 0x00000007c0000000)
  region size 4096K, 4 young (16384K), 1 survivors (4096K)
 Metaspace       used 20924K, capacity 21183K, committed 21296K, reserved 1069056K
  class space    used 2079K, capacity 2172K, committed 2176K, reserved 1048576K
}
Event: 0.635 GC heap after
{Heap after GC invocations=3 (full 0):
 garbage-first heap   total 524288K, used 4917K [0x00000005c0000000, 0x00000007c0000000)
  region size 4096K, 1 young (4096K), 1 survivors (4096K)
 Metaspace       used 20924K, capacity 21183K, committed 21296K, reserved 1069056K
  class space    used 2079K, capacity 2172K, committed 2176K, reserved 1048576K
}
Event: 0.797 GC heap before
{Heap before GC invocations=4 (full 0):
 garbage-first heap   total 40960K, used 37685K [0x00000005c0000000, 0x00000007c0000000)
  region size 4096K, 9 young (36864K), 1 survivors (4096K)
 Metaspace       used 26320K, capacity 26659K, committed 26928K, reserved 1073152K
  class space    used 2691K, capacity 2838K, committed 2944K, reserved 1048576K
}
Event: 0.798 GC heap after
{Heap after GC invocations=5 (full 0):
 garbage-first heap   total 45056K, used 5919K [0x00000005c0000000, 0x00000007c0000000)
  region size 4096K, 1 young (4096K), 1 survivors (4096K)
 Metaspace       used 26320K, capacity 26659K, committed 26928K, reserved 1073152K
  class space    used 2691K, capacity 2838K, committed 2944K, reserved 1048576K
}
Event: 0.860 GC heap before
{Heap before GC invocations=5 (full 0):
 garbage-first heap   total 45056K, used 22303K [0x00000005c0000000, 0x00000007c0000000)
  region size 4096K, 6 young (24576K), 1 survivors (4096K)
 Metaspace       used 29702K, capacity 30099K, committed 30384K, reserved 1077248K
  class space    used 3105K, capacity 3259K, committed 3328K, reserved 1048576K
}
Event: 0.862 GC heap after
{Heap after GC invocations=6 (full 0):
 garbage-first heap   total 45056K, used 6543K [0x00000005c0000000, 0x00000007c0000000)
  region size 4096K, 1 young (4096K), 1 survivors (4096K)
 Metaspace       used 29702K, capacity 30099K, committed 30384K, reserved 1077248K
  class space    used 3105K, capacity 3259K, committed 3328K, reserved 1048576K
}
Event: 0.927 GC heap before
{Heap before GC invocations=6 (full 0):
 garbage-first heap   total 45056K, used 22927K [0x00000005c0000000, 0x00000007c0000000)
  region size 4096K, 5 young (20480K), 1 survivors (4096K)
 Metaspace       used 33121K, capacity 33564K, committed 33840K, reserved 1079296K
  class space    used 3461K, capacity 3624K, committed 3712K, reserved 1048576K
}
Event: 0.931 GC heap after
{Heap after GC invocations=7 (full 0):
 garbage-first heap   total 286720K, used 7520K [0x00000005c0000000, 0x00000007c0000000)
  region size 4096K, 1 young (4096K), 1 survivors (4096K)
 Metaspace       used 33121K, capacity 33564K, committed 33840K, reserved 1079296K
  class space    used 3461K, capacity 3624K, committed 3712K, reserved 1048576K
}
Event: 1.017 GC heap before
{Heap before GC invocations=7 (full 0):
 garbage-first heap   total 286720K, used 32096K [0x00000005c0000000, 0x00000007c0000000)
  region size 4096K, 8 young (32768K), 1 survivors (4096K)
 Metaspace       used 35443K, capacity 35885K, committed 36240K, reserved 1081344K
  class space    used 3688K, capacity 3856K, committed 3968K, reserved 1048576K
}
Event: 1.020 GC heap after
{Heap after GC invocations=8 (full 0):
 garbage-first heap   total 286720K, used 10213K [0x00000005c0000000, 0x00000007c0000000)
  region size 4096K, 2 young (8192K), 2 survivors (8192K)
 Metaspace       used 35443K, capacity 35885K, committed 36240K, reserved 1081344K
  class space    used 3688K, capacity 3856K, committed 3968K, reserved 1048576K
}
Event: 1.344 GC heap before
{Heap before GC invocations=9 (full 0):
 garbage-first heap   total 81920K, used 51173K [0x00000005c0000000, 0x00000007c0000000)
  region size 4096K, 12 young (49152K), 2 survivors (8192K)
 Metaspace       used 41111K, capacity 41597K, committed 42032K, reserved 1087488K
  class space    used 4260K, capacity 4452K, committed 4480K, reserved 1048576K
}
Event: 1.348 GC heap after
{Heap after GC invocations=10 (full 0):
 garbage-first heap   total 81920K, used 12040K [0x00000005c0000000, 0x00000007c0000000)
  region size 4096K, 2 young (8192K), 2 survivors (8192K)
 Metaspace       used 41111K, capacity 41597K, committed 42032K, reserved 1087488K
  class space    used 4260K, capacity 4452K, committed 4480K, reserved 1048576K
}
Event: 3.355 GC heap before
{Heap before GC invocations=11 (full 0):
 garbage-first heap   total 81920K, used 48904K [0x00000005c0000000, 0x00000007c0000000)
  region size 4096K, 12 young (49152K), 2 survivors (8192K)
 Metaspace       used 42862K, capacity 43329K, committed 43952K, reserved 1089536K
  class space    used 4333K, capacity 4490K, committed 4608K, reserved 1048576K
}
Event: 3.358 GC heap after
{Heap after GC invocations=12 (full 0):
 garbage-first heap   total 81920K, used 16023K [0x00000005c0000000, 0x00000007c0000000)
  region size 4096K, 2 young (8192K), 2 survivors (8192K)
 Metaspace       used 42862K, capacity 43329K, committed 43952K, reserved 1089536K
  class space    used 4333K, capacity 4490K, committed 4608K, reserved 1048576K
}
Event: 4.282 GC heap before
{Heap before GC invocations=12 (full 0):
 garbage-first heap   total 81920K, used 20119K [0x00000005c0000000, 0x00000007c0000000)
  region size 4096K, 3 young (12288K), 2 survivors (8192K)
 Metaspace       used 43036K, capacity 43546K, committed 43952K, reserved 1089536K
  class space    used 4341K, capacity 4496K, committed 4608K, reserved 1048576K
}
Event: 4.293 GC heap after
{Heap after GC invocations=13 (full 0):
 garbage-first heap   total 81920K, used 13225K [0x00000005c0000000, 0x00000007c0000000)
  region size 4096K, 1 young (4096K), 1 survivors (4096K)
 Metaspace       used 43036K, capacity 43546K, committed 43952K, reserved 1089536K
  class space    used 4341K, capacity 4496K, committed 4608K, reserved 1048576K
}
Event: 6.811 GC heap before
{Heap before GC invocations=13 (full 0):
 garbage-first heap   total 81920K, used 58281K [0x00000005c0000000, 0x00000007c0000000)
  region size 4096K, 12 young (49152K), 1 survivors (4096K)
 Metaspace       used 44369K, capacity 44937K, committed 45360K, reserved 1089536K
  class space    used 4441K, capacity 4633K, committed 4736K, reserved 1048576K
}
Event: 6.813 GC heap after
{Heap after GC invocations=14 (full 0):
 garbage-first heap   total 303104K, used 14709K [0x00000005c0000000, 0x00000007c0000000)
  region size 4096K, 1 young (4096K), 1 survivors (4096K)
 Metaspace       used 44369K, capacity 44937K, committed 45360K, reserved 1089536K
  class space    used 4441K, capacity 4633K, committed 4736K, reserved 1048576K
}

Deoptimization events (20 events):
Event: 6.914 Thread 0x000000012a94b400 DEOPT PACKING pc=0x000000010c95e080 sp=0x000000017ddfe170
Event: 6.914 Thread 0x000000012a94b400 DEOPT UNPACKING pc=0x000000010b5cdbfc sp=0x000000017ddfdf90 mode 0
Event: 6.915 Thread 0x000000012a94b400 DEOPT PACKING pc=0x000000010c9602f4 sp=0x000000017ddfe060
Event: 6.915 Thread 0x000000012a94b400 DEOPT UNPACKING pc=0x000000010b5cdbfc sp=0x000000017ddfde60 mode 0
Event: 6.916 Thread 0x000000012a94b400 DEOPT PACKING pc=0x000000010c95e080 sp=0x000000017ddfe170
Event: 6.916 Thread 0x000000012a94b400 DEOPT UNPACKING pc=0x000000010b5cdbfc sp=0x000000017ddfdf90 mode 0
Event: 6.916 Thread 0x000000012a94b400 DEOPT PACKING pc=0x000000010c9602cc sp=0x000000017ddfe060
Event: 6.916 Thread 0x000000012a94b400 DEOPT UNPACKING pc=0x000000010b5cdbfc sp=0x000000017ddfde60 mode 0
Event: 6.917 Thread 0x000000012a94b400 DEOPT PACKING pc=0x000000010c95e080 sp=0x000000017ddfe170
Event: 6.917 Thread 0x000000012a94b400 DEOPT UNPACKING pc=0x000000010b5cdbfc sp=0x000000017ddfdf90 mode 0
Event: 6.918 Thread 0x000000012a94b400 DEOPT PACKING pc=0x000000010c9602f4 sp=0x000000017ddfe060
Event: 6.918 Thread 0x000000012a94b400 DEOPT UNPACKING pc=0x000000010b5cdbfc sp=0x000000017ddfde60 mode 0
Event: 6.918 Thread 0x000000012a94b400 DEOPT PACKING pc=0x000000010c95e080 sp=0x000000017ddfe170
Event: 6.918 Thread 0x000000012a94b400 DEOPT UNPACKING pc=0x000000010b5cdbfc sp=0x000000017ddfdf90 mode 0
Event: 6.919 Thread 0x000000012a94b400 DEOPT PACKING pc=0x000000010c9602f4 sp=0x000000017ddfe060
Event: 6.919 Thread 0x000000012a94b400 DEOPT UNPACKING pc=0x000000010b5cdbfc sp=0x000000017ddfde60 mode 0
Event: 6.921 Thread 0x000000012a94b400 DEOPT PACKING pc=0x000000010c9602cc sp=0x000000017ddfe060
Event: 6.921 Thread 0x000000012a94b400 DEOPT UNPACKING pc=0x000000010b5cdbfc sp=0x000000017ddfde60 mode 0
Event: 6.922 Thread 0x000000012a94b400 DEOPT PACKING pc=0x000000010c9602f4 sp=0x000000017ddfe060
Event: 6.922 Thread 0x000000012a94b400 DEOPT UNPACKING pc=0x000000010b5cdbfc sp=0x000000017ddfde60 mode 0

Classes unloaded (0 events):
No events

Classes redefined (0 events):
No events

Internal exceptions (20 events):
Event: 0.764 Thread 0x000000013fa96a00 Exception <a 'java/lang/NoSuchMethodError'{0x00000005c13bac90}: 'java.lang.Object java.lang.invoke.DirectMethodHandle$Holder.invokeSpecial(java.lang.Object, java.lang.Object, java.lang.Object, java.lang.Object, int)'> (0x00000005c13bac90) 
thrown [src/hotspot/share/interpreter/linkResolver.cpp, line 782]
Event: 0.764 Thread 0x0000000140136e00 Exception <a 'java/lang/NoSuchMethodError'{0x00000005c0c5ef98}: 'java.lang.Object java.lang.invoke.Invokers$Holder.linkToTargetMethod(java.lang.Object, java.lang.Object, int, java.lang.Object)'> (0x00000005c0c5ef98) 
thrown [src/hotspot/share/interpreter/linkResolver.cpp, line 782]
Event: 0.764 Thread 0x000000013fa96a00 Exception <a 'java/lang/NoSuchMethodError'{0x00000005c13be270}: 'java.lang.Object java.lang.invoke.Invokers$Holder.linkToTargetMethod(java.lang.Object, java.lang.Object, int, java.lang.Object)'> (0x00000005c13be270) 
thrown [src/hotspot/share/interpreter/linkResolver.cpp, line 782]
Event: 0.766 Thread 0x0000000140136e00 Exception <a 'java/lang/NoSuchMethodError'{0x00000005c0c8cb00}: 'java.lang.Object java.lang.invoke.DirectMethodHandle$Holder.invokeSpecial(java.lang.Object, java.lang.Object, java.lang.Object, int, java.lang.Object)'> (0x00000005c0c8cb00) 
thrown [src/hotspot/share/interpreter/linkResolver.cpp, line 782]
Event: 0.766 Thread 0x000000013fa96a00 Exception <a 'java/lang/NoSuchMethodError'{0x00000005c13e3770}: 'java.lang.Object java.lang.invoke.DirectMethodHandle$Holder.invokeSpecial(java.lang.Object, java.lang.Object, java.lang.Object, int, java.lang.Object)'> (0x00000005c13e3770) 
thrown [src/hotspot/share/interpreter/linkResolver.cpp, line 782]
Event: 0.767 Thread 0x000000014018d200 Exception <a 'java/lang/NoSuchMethodError'{0x00000005c0e674b8}: 'java.lang.Object java.lang.invoke.DirectMethodHandle$Holder.invokeStatic(java.lang.Object, java.lang.Object, java.lang.Object, java.lang.Object, java.lang.Object, java.lang.Object, java.lang.Object, java.lang.Object, java.lang.Object, java.lang.Object, java.lang.Object, java.lang.Object, java.lang.Object)'> (0x00000005c0e674b8) 
thrown [src/hotspot/share/interpreter/linkResolver.cpp, line 782]
Event: 0.768 Thread 0x000000014018d200 Exception <a 'java/lang/NoSuchMethodError'{0x00000005c0e88bc8}: 'java.lang.Object java.lang.invoke.DirectMethodHandle$Holder.invokeStatic(java.lang.Object, java.lang.Object, java.lang.Object, java.lang.Object, java.lang.Object, java.lang.Object, java.lang.Object, java.lang.Object, java.lang.Object, java.lang.Object, java.lang.Object, java.lang.Object, java.lang.Object, java.lang.Object)'> (0x00000005c0e88bc8) 
thrown [src/hotspot/share/interpreter/linkResolver.cpp, line 782]
Event: 0.768 Thread 0x000000014018d200 Exception <a 'java/lang/NoSuchMethodError'{0x00000005c0e99570}: 'java.lang.Object java.lang.invoke.Invokers$Holder.linkToTargetMethod(java.lang.Object, int, java.lang.Object, java.lang.Object, java.lang.Object)'> (0x00000005c0e99570) 
thrown [src/hotspot/share/interpreter/linkResolver.cpp, line 782]
Event: 0.901 Thread 0x000000012fab3c00 Exception <a 'java/lang/NoSuchMethodError'{0x00000005c229e368}: 'void java.lang.invoke.DirectMethodHandle$Holder.invokeStaticInit(java.lang.Object, java.lang.Object)'> (0x00000005c229e368) 
thrown [src/hotspot/share/interpreter/linkResolver.cpp, line 782]
Event: 1.054 Thread 0x000000012b033a00 Exception <a 'java/lang/NoSuchMethodError'{0x00000005df3abcb8}: 'void java.lang.invoke.DirectMethodHandle$Holder.invokeStatic(java.lang.Object, long, long)'> (0x00000005df3abcb8) 
thrown [src/hotspot/share/interpreter/linkResolver.cpp, line 782]
Event: 1.054 Thread 0x000000012b033a00 Exception <a 'java/lang/NoSuchMethodError'{0x00000005df3b1828}: 'java.lang.Object java.lang.invoke.DirectMethodHandle$Holder.newInvokeSpecial(java.lang.Object, long)'> (0x00000005df3b1828) 
thrown [src/hotspot/share/interpreter/linkResolver.cpp, line 782]
Event: 1.056 Thread 0x000000012b033a00 Exception <a 'java/lang/NoSuchMethodError'{0x00000005df3c3340}: 'java.lang.Object java.lang.invoke.DirectMethodHandle$Holder.newInvokeSpecial(java.lang.Object, java.lang.Object, int)'> (0x00000005df3c3340) 
thrown [src/hotspot/share/interpreter/linkResolver.cpp, line 782]
Event: 1.056 Thread 0x000000012b033a00 Exception <a 'java/lang/NoSuchMethodError'{0x00000005df3c7308}: 'java.lang.Object java.lang.invoke.DirectMethodHandle$Holder.invokeSpecial(java.lang.Object, java.lang.Object, java.lang.Object, int)'> (0x00000005df3c7308) 
thrown [src/hotspot/share/interpreter/linkResolver.cpp, line 782]
Event: 1.056 Thread 0x000000012b033a00 Exception <a 'java/lang/NoSuchMethodError'{0x00000005df3cade8}: 'java.lang.Object java.lang.invoke.Invokers$Holder.linkToTargetMethod(java.lang.Object, int, java.lang.Object)'> (0x00000005df3cade8) 
thrown [src/hotspot/share/interpreter/linkResolver.cpp, line 782]
Event: 1.786 Thread 0x000000012fd93a00 Implicit null exception at 0x00000001132100e8 to 0x0000000113210e84
Event: 2.742 Thread 0x000000012b033a00 Implicit null exception at 0x00000001132a3be8 to 0x00000001132a4604
Event: 3.517 Thread 0x000000012fab3c00 Implicit null exception at 0x00000001132dbf14 to 0x00000001132dc12c
Event: 5.022 Thread 0x000000012b033a00 Implicit null exception at 0x00000001132c1f1c to 0x00000001132c2ba0
Event: 5.249 Thread 0x000000012c27c800 Exception <a 'java/lang/NoSuchMethodError'{0x00000005cf547e18}: 'java.lang.Object java.lang.invoke.DirectMethodHandle$Holder.invokeSpecial(java.lang.Object, java.lang.Object, int, java.lang.Object)'> (0x00000005cf547e18) 
thrown [src/hotspot/share/interpreter/linkResolver.cpp, line 782]
Event: 5.250 Thread 0x000000012c27c800 Exception <a 'java/lang/NoSuchMethodError'{0x00000005cf54b8f8}: 'java.lang.Object java.lang.invoke.Invokers$Holder.linkToTargetMethod(int, java.lang.Object, java.lang.Object)'> (0x00000005cf54b8f8) 
thrown [src/hotspot/share/interpreter/linkResolver.cpp, line 782]

Events (20 events):
Event: 6.951 Executing VM operation: GetFrameCount done
Event: 6.951 Executing VM operation: GetStackTrace
Event: 6.951 Executing VM operation: GetStackTrace done
Event: 6.951 Executing VM operation: GetFrameCount
Event: 6.952 Executing VM operation: GetFrameCount done
Event: 6.952 Executing VM operation: GetStackTrace
Event: 6.952 Executing VM operation: GetStackTrace done
Event: 6.953 Executing VM operation: get/set locals
Event: 6.954 Executing VM operation: get/set locals done
Event: 6.954 Executing VM operation: get/set locals
Event: 6.954 Executing VM operation: get/set locals done
Event: 6.954 Executing VM operation: get/set locals
Event: 6.954 Executing VM operation: get/set locals done
Event: 6.954 Executing VM operation: get/set locals
Event: 6.954 Executing VM operation: get/set locals done
Event: 6.955 Executing VM operation: get/set locals
Event: 6.955 Executing VM operation: get/set locals done
Event: 6.958 loading class kotlinx/coroutines/debug/internal/DebugCoroutineInfo
Event: 6.958 loading class kotlinx/coroutines/debug/internal/DebugCoroutineInfo done
Event: 6.960 Executing VM operation: HandshakeAllThreads


Dynamic libraries:
0x000000010232c000 	/Users/yannickpulver/Library/Java/JavaVirtualMachines/azul-15.0.8/Contents/Home/lib/libjli.dylib
0x0000000192f63000 	/usr/lib/libz.1.dylib
0x000000019301d000 	/usr/lib/libSystem.B.dylib
0x0000000193017000 	/usr/lib/system/libcache.dylib
0x0000000192fd0000 	/usr/lib/system/libcommonCrypto.dylib
0x0000000192ffe000 	/usr/lib/system/libcompiler_rt.dylib
0x0000000192ff4000 	/usr/lib/system/libcopyfile.dylib
0x00000001877bf000 	/usr/lib/system/libcorecrypto.dylib
0x0000000187877000 	/usr/lib/system/libdispatch.dylib
0x0000000187a08000 	/usr/lib/system/libdyld.dylib
0x000000019300d000 	/usr/lib/system/libkeymgr.dylib
0x0000000192fae000 	/usr/lib/system/libmacho.dylib
0x000000019268a000 	/usr/lib/system/libquarantine.dylib
0x000000019300a000 	/usr/lib/system/libremovefile.dylib
0x000000018c697000 	/usr/lib/system/libsystem_asl.dylib
0x000000018775d000 	/usr/lib/system/libsystem_blocks.dylib
0x00000001878c2000 	/usr/lib/system/libsystem_c.dylib
0x0000000193002000 	/usr/lib/system/libsystem_collections.dylib
0x0000000191bb3000 	/usr/lib/system/libsystem_configuration.dylib
0x0000000190c3d000 	/usr/lib/system/libsystem_containermanager.dylib
0x0000000192cbf000 	/usr/lib/system/libsystem_coreservices.dylib
0x000000018a834000 	/usr/lib/system/libsystem_darwin.dylib
0x000000019300e000 	/usr/lib/system/libsystem_dnssd.dylib
0x00000001878bf000 	/usr/lib/system/libsystem_featureflags.dylib
0x0000000187a34000 	/usr/lib/system/libsystem_info.dylib
0x0000000192f75000 	/usr/lib/system/libsystem_m.dylib
0x000000018784b000 	/usr/lib/system/libsystem_malloc.dylib
0x000000018c617000 	/usr/lib/system/libsystem_networkextension.dylib
0x000000018ac9e000 	/usr/lib/system/libsystem_notify.dylib
0x0000000191bb8000 	/usr/lib/system/libsystem_sandbox.dylib
0x0000000193007000 	/usr/lib/system/libsystem_secinit.dylib
0x00000001879c2000 	/usr/lib/system/libsystem_kernel.dylib
0x0000000187a2c000 	/usr/lib/system/libsystem_platform.dylib
0x00000001879fb000 	/usr/lib/system/libsystem_pthread.dylib
0x000000018de66000 	/usr/lib/system/libsystem_symptoms.dylib
0x00000001877a5000 	/usr/lib/system/libsystem_trace.dylib
0x0000000192fe1000 	/usr/lib/system/libunwind.dylib
0x0000000187762000 	/usr/lib/system/libxpc.dylib
0x00000001879aa000 	/usr/lib/libc++abi.dylib
0x000000018768c000 	/usr/lib/libobjc.A.dylib
0x0000000192fec000 	/usr/lib/liboah.dylib
0x0000000187943000 	/usr/lib/libc++.1.dylib
0x000000019ede4000 	/System/Library/Frameworks/Cocoa.framework/Versions/A/Cocoa
0x000000018acff000 	/System/Library/Frameworks/AppKit.framework/Versions/C/AppKit
0x000000018d699000 	/System/Library/Frameworks/CoreData.framework/Versions/A/CoreData
0x000000018898b000 	/System/Library/Frameworks/Foundation.framework/Versions/C/Foundation
0x000000018bc07000 	/System/Library/PrivateFrameworks/UIFoundation.framework/Versions/A/UIFoundation
0x00000001f26a7000 	/System/Library/PrivateFrameworks/CollectionViewCore.framework/Versions/A/CollectionViewCore
0x00000001992a5000 	/System/Library/PrivateFrameworks/RemoteViewServices.framework/Versions/A/RemoteViewServices
0x000000019146d000 	/System/Library/PrivateFrameworks/XCTTargetBootstrap.framework/Versions/A/XCTTargetBootstrap
0x0000000194daf000 	/System/Library/PrivateFrameworks/InternationalSupport.framework/Versions/A/InternationalSupport
0x0000000194e36000 	/System/Library/PrivateFrameworks/UserActivity.framework/Versions/A/UserActivity
0x0000000209270000 	/System/Library/PrivateFrameworks/WindowManagement.framework/Versions/A/WindowManagement
0x0000000188655000 	/System/Library/Frameworks/SystemConfiguration.framework/Versions/A/SystemConfiguration
0x00000001942b4000 	/usr/lib/libspindump.dylib
0x000000018bdac000 	/System/Library/Frameworks/UniformTypeIdentifiers.framework/Versions/A/UniformTypeIdentifiers
0x000000018f798000 	/usr/lib/libapp_launch_measurement.dylib
0x000000018ec4a000 	/System/Library/PrivateFrameworks/CoreAnalytics.framework/Versions/A/CoreAnalytics
0x000000018f79f000 	/System/Library/PrivateFrameworks/CoreAutoLayout.framework/Versions/A/CoreAutoLayout
0x0000000190c8f000 	/System/Library/Frameworks/Metal.framework/Versions/A/Metal
0x0000000191bc4000 	/usr/lib/liblangid.dylib
0x0000000191473000 	/System/Library/PrivateFrameworks/CoreSVG.framework/Versions/A/CoreSVG
0x000000018c6cd000 	/System/Library/PrivateFrameworks/SkyLight.framework/Versions/A/SkyLight
0x000000018cae4000 	/System/Library/Frameworks/CoreGraphics.framework/Versions/A/CoreGraphics
0x0000000199974000 	/System/Library/Frameworks/Accelerate.framework/Versions/A/Accelerate
0x0000000193d22000 	/System/Library/PrivateFrameworks/IconServices.framework/Versions/A/IconServices
0x0000000190c6f000 	/System/Library/Frameworks/IOSurface.framework/Versions/A/IOSurface
0x000000018ec77000 	/usr/lib/libDiagnosticMessagesClient.dylib
0x000000019cbd0000 	/System/Library/Frameworks/ApplicationServices.framework/Versions/A/ApplicationServices
0x0000000191455000 	/System/Library/PrivateFrameworks/DFRFoundation.framework/Versions/A/DFRFoundation
0x000000018a57d000 	/usr/lib/libicucore.A.dylib
0x0000000195d3e000 	/System/Library/Frameworks/AudioToolbox.framework/Versions/A/AudioToolbox
0x0000000194dba000 	/System/Library/PrivateFrameworks/DataDetectorsCore.framework/Versions/A/DataDetectorsCore
0x00000001abdc6000 	/System/Library/PrivateFrameworks/TextInput.framework/Versions/A/TextInput
0x000000018c632000 	/usr/lib/libMobileGestalt.dylib
0x0000000191121000 	/System/Library/Frameworks/Carbon.framework/Versions/A/Frameworks/HIToolbox.framework/Versions/A/HIToolbox
0x000000018f122000 	/System/Library/Frameworks/QuartzCore.framework/Versions/A/QuartzCore
0x000000018a1da000 	/System/Library/Frameworks/Security.framework/Versions/A/Security
0x00000001992e5000 	/System/Library/Frameworks/Carbon.framework/Versions/A/Frameworks/SpeechRecognition.framework/Versions/A/SpeechRecognition
0x000000018f4d7000 	/System/Library/PrivateFrameworks/CoreUI.framework/Versions/A/CoreUI
0x0000000189afa000 	/System/Library/Frameworks/CoreAudio.framework/Versions/A/CoreAudio
0x000000018ed53000 	/System/Library/Frameworks/DiskArbitration.framework/Versions/A/DiskArbitration
0x00000001946e7000 	/System/Library/PrivateFrameworks/MultitouchSupport.framework/Versions/A/MultitouchSupport
0x000000018c630000 	/usr/lib/libenergytrace.dylib
0x000000018abc2000 	/System/Library/Frameworks/IOKit.framework/Versions/A/IOKit
0x00000001996c8000 	/System/Library/Frameworks/CoreServices.framework/Versions/A/CoreServices
0x000000018f725000 	/System/Library/PrivateFrameworks/PerformanceAnalysis.framework/Versions/A/PerformanceAnalysis
0x00000001d5d49000 	/System/Library/Frameworks/OpenGL.framework/Versions/A/OpenGL
0x000000018f7e9000 	/usr/lib/libxml2.2.dylib
0x0000000192591000 	/System/Library/PrivateFrameworks/MobileKeyBag.framework/Versions/A/MobileKeyBag
0x000000018d12e000 	/System/Library/Frameworks/ColorSync.framework/Versions/A/ColorSync
0x0000000187a60000 	/System/Library/Frameworks/CoreFoundation.framework/Versions/A/CoreFoundation
0x00000001917eb000 	/System/Library/Frameworks/CoreImage.framework/Versions/A/CoreImage
0x000000018991b000 	/System/Library/Frameworks/CoreText.framework/Versions/A/CoreText
0x00000001914ac000 	/System/Library/Frameworks/ImageIO.framework/Versions/A/ImageIO
0x0000000193023000 	/System/Library/PrivateFrameworks/SoftLinking.framework/Versions/A/SoftLinking
0x00000001932b6000 	/usr/lib/libcompression.dylib
0x0000000194d0b000 	/System/Library/PrivateFrameworks/TextureIO.framework/Versions/A/TextureIO
0x00000001939f4000 	/usr/lib/libate.dylib
0x00000001938b3000 	/usr/lib/liblzma.5.dylib
0x000000019301f000 	/usr/lib/libfakelink.dylib
0x000000018c257000 	/System/Library/Frameworks/CFNetwork.framework/Versions/A/CFNetwork
0x000000019315e000 	/usr/lib/libarchive.2.dylib
0x0000000197632000 	/System/Library/Frameworks/Combine.framework/Versions/A/Combine
0x0000000195708000 	/usr/lib/swift/libswiftCore.dylib
0x00000001a8eca000 	/usr/lib/swift/libswiftCoreFoundation.dylib
0x00000001a6dca000 	/usr/lib/swift/libswiftDarwin.dylib
0x000000019abe4000 	/usr/lib/swift/libswiftDispatch.dylib
0x00000001a8eeb000 	/usr/lib/swift/libswiftIOKit.dylib
0x000000019cfeb000 	/usr/lib/swift/libswiftObjectiveC.dylib
0x00000001a8ede000 	/usr/lib/swift/libswiftXPC.dylib
0x000000020fa53000 	/usr/lib/swift/libswift_Concurrency.dylib
0x000000020fba5000 	/usr/lib/swift/libswift_StringProcessing.dylib
0x000000019cfef000 	/usr/lib/swift/libswiftos.dylib
0x000000018ab47000 	/System/Library/PrivateFrameworks/CoreServicesInternal.framework/Versions/A/CoreServicesInternal
0x00000001926b5000 	/usr/lib/libbsm.0.dylib
0x0000000192fb4000 	/usr/lib/system/libkxld.dylib
0x000000018f761000 	/System/Library/Frameworks/CoreServices.framework/Versions/A/Frameworks/FSEvents.framework/Versions/A/FSEvents
0x000000018a83f000 	/System/Library/Frameworks/CoreServices.framework/Versions/A/Frameworks/CarbonCore.framework/Versions/A/CarbonCore
0x000000018ecba000 	/System/Library/Frameworks/CoreServices.framework/Versions/A/Frameworks/Metadata.framework/Versions/A/Metadata
0x0000000192cc5000 	/System/Library/Frameworks/CoreServices.framework/Versions/A/Frameworks/OSServices.framework/Versions/A/OSServices
0x00000001931e5000 	/System/Library/Frameworks/CoreServices.framework/Versions/A/Frameworks/SearchKit.framework/Versions/A/SearchKit
0x000000018dde9000 	/System/Library/Frameworks/CoreServices.framework/Versions/A/Frameworks/AE.framework/Versions/A/AE
0x0000000187f38000 	/System/Library/Frameworks/CoreServices.framework/Versions/A/Frameworks/LaunchServices.framework/Versions/A/LaunchServices
0x000000019385c000 	/System/Library/Frameworks/CoreServices.framework/Versions/A/Frameworks/DictionaryServices.framework/Versions/A/DictionaryServices
0x000000018f76e000 	/System/Library/Frameworks/CoreServices.framework/Versions/A/Frameworks/SharedFileList.framework/Versions/A/SharedFileList
0x0000000193284000 	/usr/lib/libapple_nghttp2.dylib
0x000000018c253000 	/usr/lib/libnetwork.dylib
0x000000018da6e000 	/usr/lib/libsqlite3.dylib
0x000000018de6f000 	/System/Library/Frameworks/Network.framework/Versions/A/Network
0x000000020ebd9000 	/usr/lib/libCoreEntitlements.dylib
0x00000001fbae6000 	/System/Library/PrivateFrameworks/MessageSecurity.framework/Versions/A/MessageSecurity
0x000000018da54000 	/System/Library/PrivateFrameworks/ProtocolBuffer.framework/Versions/A/ProtocolBuffer
0x0000000192ca1000 	/System/Library/PrivateFrameworks/AppleFSCompression.framework/Versions/A/AppleFSCompression
0x000000019269d000 	/usr/lib/libcoretls.dylib
0x00000001938cc000 	/usr/lib/libcoretls_cfhelpers.dylib
0x00000001932b1000 	/usr/lib/libpam.2.dylib
0x0000000193932000 	/usr/lib/libxar.1.dylib
0x0000000193cfd000 	/usr/lib/libheimdal-asn1.dylib
0x0000000193024000 	/usr/lib/libpcap.A.dylib
0x000000018de5c000 	/usr/lib/libdns_services.dylib
0x0000000191bc0000 	/System/Library/PrivateFrameworks/AppleSystemInfo.framework/Versions/A/AppleSystemInfo
0x0000000192392000 	/System/Library/PrivateFrameworks/IOMobileFramebuffer.framework/Versions/A/IOMobileFramebuffer
0x0000000192cb2000 	/usr/lib/libbz2.1.0.dylib
0x000000019268d000 	/usr/lib/libCheckFix.dylib
0x000000018c6af000 	/System/Library/PrivateFrameworks/TCC.framework/Versions/A/TCC
0x0000000191bc6000 	/System/Library/PrivateFrameworks/CoreNLP.framework/Versions/A/CoreNLP
0x000000018ec79000 	/System/Library/PrivateFrameworks/MetadataUtilities.framework/Versions/A/MetadataUtilities
0x00000001926c6000 	/usr/lib/libmecab.dylib
0x00000001886df000 	/usr/lib/libCRFSuite.dylib
0x0000000192723000 	/usr/lib/libgermantok.dylib
0x000000019325d000 	/usr/lib/libThaiTokenizer.dylib
0x000000018ed5c000 	/System/Library/Frameworks/Accelerate.framework/Versions/A/Frameworks/vImage.framework/Versions/A/vImage
0x000000019969f000 	/System/Library/Frameworks/Accelerate.framework/Versions/A/Frameworks/vecLib.framework/Versions/A/vecLib
0x0000000193978000 	/System/Library/Frameworks/Accelerate.framework/Versions/A/Frameworks/vecLib.framework/Versions/A/libvMisc.dylib
0x0000000192292000 	/System/Library/Frameworks/Accelerate.framework/Versions/A/Frameworks/vecLib.framework/Versions/A/libvDSP.dylib
0x00000001882eb000 	/System/Library/Frameworks/Accelerate.framework/Versions/A/Frameworks/vecLib.framework/Versions/A/libBLAS.dylib
0x0000000193388000 	/System/Library/Frameworks/Accelerate.framework/Versions/A/Frameworks/vecLib.framework/Versions/A/libLAPACK.dylib
0x0000000192726000 	/System/Library/Frameworks/Accelerate.framework/Versions/A/Frameworks/vecLib.framework/Versions/A/libLinearAlgebra.dylib
0x000000019329c000 	/System/Library/Frameworks/Accelerate.framework/Versions/A/Frameworks/vecLib.framework/Versions/A/libSparseBLAS.dylib
0x0000000193383000 	/System/Library/Frameworks/Accelerate.framework/Versions/A/Frameworks/vecLib.framework/Versions/A/libQuadrature.dylib
0x0000000191cbf000 	/System/Library/Frameworks/Accelerate.framework/Versions/A/Frameworks/vecLib.framework/Versions/A/libBNNS.dylib
0x00000001885ee000 	/System/Library/Frameworks/Accelerate.framework/Versions/A/Frameworks/vecLib.framework/Versions/A/libSparse.dylib
0x00000001fae52000 	/System/Library/PrivateFrameworks/MIL.framework/Versions/A/MIL
0x0000000193059000 	/usr/lib/libiconv.2.dylib
0x0000000192fad000 	/usr/lib/libcharset.1.dylib
0x000000018f741000 	/System/Library/Frameworks/OpenDirectory.framework/Versions/A/Frameworks/CFOpenDirectory.framework/Versions/A/CFOpenDirectory
0x000000018f731000 	/System/Library/Frameworks/OpenDirectory.framework/Versions/A/OpenDirectory
0x00000001938ce000 	/System/Library/PrivateFrameworks/APFS.framework/Versions/A/APFS
0x00000001925c8000 	/System/Library/Frameworks/SecurityFoundation.framework/Versions/A/SecurityFoundation
0x0000000193941000 	/usr/lib/libutil.dylib
0x00000001f9f4a000 	/System/Library/PrivateFrameworks/InstalledContentLibrary.framework/Versions/A/InstalledContentLibrary
0x000000018ab85000 	/System/Library/PrivateFrameworks/CoreServicesStore.framework/Versions/A/CoreServicesStore
0x00000001f101e000 	/System/Library/PrivateFrameworks/AppleMobileFileIntegrity.framework/Versions/A/AppleMobileFileIntegrity
0x00000001a8ea9000 	/usr/lib/libmis.dylib
0x00000001b6cac000 	/System/Library/PrivateFrameworks/MobileSystemServices.framework/Versions/A/MobileSystemServices
0x00000001d1089000 	/System/Library/PrivateFrameworks/ConfigProfileHelper.framework/Versions/A/ConfigProfileHelper
0x000000019325f000 	/System/Library/PrivateFrameworks/AppleSauce.framework/Versions/A/AppleSauce
0x00000001893c4000 	/System/Library/PrivateFrameworks/LanguageModeling.framework/Versions/A/LanguageModeling
0x0000000193945000 	/usr/lib/libxslt.1.dylib
0x000000019314c000 	/usr/lib/libcmph.dylib
0x000000019237f000 	/System/Library/PrivateFrameworks/CoreEmoji.framework/Versions/A/CoreEmoji
0x0000000191cb9000 	/System/Library/PrivateFrameworks/LinguisticData.framework/Versions/A/LinguisticData
0x00000001885a6000 	/System/Library/PrivateFrameworks/Lexicon.framework/Versions/A/Lexicon
0x000000019265b000 	/System/Library/PrivateFrameworks/BackgroundTaskManagement.framework/Versions/A/BackgroundTaskManagement
0x000000020ed78000 	/usr/lib/libTLE.dylib
0x000000020faf0000 	/usr/lib/swift/libswift_RegexParser.dylib
0x00000001945ac000 	/System/Library/PrivateFrameworks/AppleJPEG.framework/Versions/A/AppleJPEG
0x0000000193ce2000 	/usr/lib/libexpat.1.dylib
0x0000000194b6d000 	/System/Library/Frameworks/ImageIO.framework/Versions/A/Resources/libPng.dylib
0x0000000194b98000 	/System/Library/Frameworks/ImageIO.framework/Versions/A/Resources/libTIFF.dylib
0x0000000194c81000 	/System/Library/Frameworks/ImageIO.framework/Versions/A/Resources/libGIF.dylib
0x00000001945f1000 	/System/Library/Frameworks/ImageIO.framework/Versions/A/Resources/libJP2.dylib
0x0000000194c25000 	/System/Library/Frameworks/ImageIO.framework/Versions/A/Resources/libJPEG.dylib
0x0000000194c1c000 	/System/Library/Frameworks/ImageIO.framework/Versions/A/Resources/libRadiance.dylib
0x0000000190faa000 	/System/Library/PrivateFrameworks/FontServices.framework/libFontParser.dylib
0x000000018dd8b000 	/System/Library/PrivateFrameworks/RunningBoardServices.framework/Versions/A/RunningBoardServices
0x000000019f50d000 	/System/Library/PrivateFrameworks/IOSurfaceAccelerator.framework/Versions/A/IOSurfaceAccelerator
0x00000001946e3000 	/System/Library/PrivateFrameworks/WatchdogClient.framework/Versions/A/WatchdogClient
0x000000018953d000 	/System/Library/Frameworks/CoreDisplay.framework/Versions/A/CoreDisplay
0x0000000190e85000 	/System/Library/Frameworks/CoreMedia.framework/Versions/A/CoreMedia
0x0000000190c85000 	/System/Library/PrivateFrameworks/IOAccelerator.framework/Versions/A/IOAccelerator
0x000000018f8d2000 	/System/Library/Frameworks/CoreVideo.framework/Versions/A/CoreVideo
0x00000001932af000 	/System/Library/Frameworks/MetalPerformanceShaders.framework/Versions/A/MetalPerformanceShaders
0x0000000194722000 	/System/Library/Frameworks/VideoToolbox.framework/Versions/A/VideoToolbox
0x000000018dccf000 	/System/Library/PrivateFrameworks/BaseBoard.framework/Versions/A/BaseBoard
0x0000000194c17000 	/System/Library/PrivateFrameworks/GPUWrangler.framework/Versions/A/GPUWrangler
0x0000000194bf7000 	/System/Library/PrivateFrameworks/IOPresentment.framework/Versions/A/IOPresentment
0x0000000194c1f000 	/System/Library/PrivateFrameworks/DSExternalDisplay.framework/Versions/A/DSExternalDisplay
0x00000001f67a4000 	/System/Library/PrivateFrameworks/GPUCompiler.framework/Versions/31001/Libraries/libllvm-flatbuffers.dylib
0x00000001d5d3c000 	/System/Library/Frameworks/OpenGL.framework/Versions/A/Libraries/libCoreFSCache.dylib
0x00000001f67a0000 	/System/Library/PrivateFrameworks/GPUCompiler.framework/Versions/31001/Libraries/libGPUCompilerUtils.dylib
0x0000000194c87000 	/System/Library/PrivateFrameworks/CMCaptureCore.framework/Versions/A/CMCaptureCore
0x00000001eb2d1000 	/System/Library/Frameworks/ExtensionFoundation.framework/Versions/A/ExtensionFoundation
0x000000019b389000 	/System/Library/PrivateFrameworks/CoreTime.framework/Versions/A/CoreTime
0x000000019429f000 	/System/Library/PrivateFrameworks/AppServerSupport.framework/Versions/A/AppServerSupport
0x0000000196620000 	/System/Library/PrivateFrameworks/perfdata.framework/Versions/A/perfdata
0x000000018965d000 	/System/Library/PrivateFrameworks/AudioToolboxCore.framework/Versions/A/AudioToolboxCore
0x0000000190e5b000 	/System/Library/PrivateFrameworks/caulk.framework/Versions/A/caulk
0x0000000195edd000 	/usr/lib/libAudioStatistics.dylib
0x00000001a82e5000 	/System/Library/PrivateFrameworks/SystemPolicy.framework/Versions/A/SystemPolicy
0x000000019617f000 	/usr/lib/libSMC.dylib
0x000000019ecb9000 	/System/Library/Frameworks/CoreMIDI.framework/Versions/A/CoreMIDI
0x0000000194b3a000 	/usr/lib/libAudioToolboxUtility.dylib
0x00000001a409d000 	/System/Library/PrivateFrameworks/OSAServicesClient.framework/Versions/A/OSAServicesClient
0x000000019662d000 	/usr/lib/libperfcheck.dylib
0x0000000193bcd000 	/System/Library/PrivateFrameworks/PlugInKit.framework/Versions/A/PlugInKit
0x00000001925ba000 	/System/Library/PrivateFrameworks/AssertionServices.framework/Versions/A/AssertionServices
0x00000001d5d9e000 	/System/Library/Frameworks/OpenGL.framework/Versions/A/Libraries/libGLU.dylib
0x00000001d5d5d000 	/System/Library/Frameworks/OpenGL.framework/Versions/A/Libraries/libGFXShared.dylib
0x00000001d5f44000 	/System/Library/Frameworks/OpenGL.framework/Versions/A/Libraries/libGL.dylib
0x00000001d5d66000 	/System/Library/Frameworks/OpenGL.framework/Versions/A/Libraries/libGLImage.dylib
0x00000001d5d5a000 	/System/Library/Frameworks/OpenGL.framework/Versions/A/Libraries/libCVMSPluginSupport.dylib
0x000000020ed57000 	/usr/lib/libRosetta.dylib
0x00000001d5d43000 	/System/Library/Frameworks/OpenGL.framework/Versions/A/Libraries/libCoreVMClient.dylib
0x0000000191b3d000 	/System/Library/Frameworks/MetalPerformanceShaders.framework/Versions/A/Frameworks/MPSCore.framework/Versions/A/MPSCore
0x0000000192c17000 	/System/Library/Frameworks/MetalPerformanceShaders.framework/Versions/A/Frameworks/MPSImage.framework/Versions/A/MPSImage
0x000000019273b000 	/System/Library/Frameworks/MetalPerformanceShaders.framework/Versions/A/Frameworks/MPSNeuralNetwork.framework/Versions/A/MPSNeuralNetwork
0x0000000192b27000 	/System/Library/Frameworks/MetalPerformanceShaders.framework/Versions/A/Frameworks/MPSMatrix.framework/Versions/A/MPSMatrix
0x0000000192939000 	/System/Library/Frameworks/MetalPerformanceShaders.framework/Versions/A/Frameworks/MPSRayIntersector.framework/Versions/A/MPSRayIntersector
0x0000000192b55000 	/System/Library/Frameworks/MetalPerformanceShaders.framework/Versions/A/Frameworks/MPSNDArray.framework/Versions/A/MPSNDArray
0x00000001ec68a000 	/System/Library/Frameworks/MetalPerformanceShaders.framework/Versions/A/Frameworks/MPSFunctions.framework/Versions/A/MPSFunctions
0x00000001881b1000 	/System/Library/PrivateFrameworks/MetalTools.framework/Versions/A/MetalTools
0x0000000191bbe000 	/System/Library/PrivateFrameworks/AggregateDictionary.framework/Versions/A/AggregateDictionary
0x0000000193a86000 	/usr/lib/libIOReport.dylib
0x000000019deaf000 	/System/Library/PrivateFrameworks/ASEProcessing.framework/Versions/A/ASEProcessing
0x0000000193e3d000 	/System/Library/PrivateFrameworks/GraphVisualizer.framework/Versions/A/GraphVisualizer
0x00000001f66b1000 	/System/Library/PrivateFrameworks/FontServices.framework/Versions/A/FontServices
0x000000019425d000 	/System/Library/PrivateFrameworks/OTSVG.framework/Versions/A/OTSVG
0x000000018f485000 	/System/Library/Frameworks/ApplicationServices.framework/Versions/A/Frameworks/ATS.framework/Versions/A/Resources/libFontRegistry.dylib
0x00000001942a9000 	/System/Library/PrivateFrameworks/FontServices.framework/libhvf.dylib
0x00000001f66b2000 	/System/Library/PrivateFrameworks/FontServices.framework/libXTFontStaticRegistryData.dylib
0x00000002080d6000 	/System/Library/PrivateFrameworks/VideoToolboxParavirtualizationSupport.framework/Versions/A/VideoToolboxParavirtualizationSupport
0x0000000193c96000 	/System/Library/PrivateFrameworks/AppleVA.framework/Versions/A/AppleVA
0x0000000195f1d000 	/System/Library/Frameworks/ApplicationServices.framework/Versions/A/Frameworks/ATS.framework/Versions/A/ATS
0x000000018d221000 	/System/Library/Frameworks/ApplicationServices.framework/Versions/A/Frameworks/HIServices.framework/Versions/A/HIServices
0x0000000194c93000 	/System/Library/Frameworks/ApplicationServices.framework/Versions/A/Frameworks/PrintCore.framework/Versions/A/PrintCore
0x00000001962d8000 	/System/Library/Frameworks/ApplicationServices.framework/Versions/A/Frameworks/QD.framework/Versions/A/QD
0x00000001962cc000 	/System/Library/Frameworks/ApplicationServices.framework/Versions/A/Frameworks/ColorSyncLegacy.framework/Versions/A/ColorSyncLegacy
0x0000000195ef1000 	/System/Library/Frameworks/ApplicationServices.framework/Versions/A/Frameworks/SpeechSynthesis.framework/Versions/A/SpeechSynthesis
0x0000000194c51000 	/System/Library/Frameworks/ApplicationServices.framework/Versions/A/Frameworks/ATSUI.framework/Versions/A/ATSUI
0x000000019625f000 	/usr/lib/libcups.2.dylib
0x000000019663b000 	/System/Library/Frameworks/Kerberos.framework/Versions/A/Kerberos
0x000000019664c000 	/System/Library/Frameworks/GSS.framework/Versions/A/GSS
0x0000000195f8f000 	/usr/lib/libresolv.9.dylib
0x00000001942b9000 	/System/Library/PrivateFrameworks/Heimdal.framework/Versions/A/Heimdal
0x000000019cf6e000 	/System/Library/Frameworks/Kerberos.framework/Versions/A/Libraries/libHeimdalProxy.dylib
0x000000019669c000 	/System/Library/PrivateFrameworks/CommonAuth.framework/Versions/A/CommonAuth
0x00000001d6f9c000 	/System/Library/Frameworks/AVFAudio.framework/Versions/A/AVFAudio
0x00000001a40ec000 	/System/Library/PrivateFrameworks/AXCoreUtilities.framework/Versions/A/AXCoreUtilities
0x0000000195e69000 	/System/Library/PrivateFrameworks/AudioSession.framework/Versions/A/AudioSession
0x00000001973eb000 	/System/Library/Frameworks/IOBluetooth.framework/Versions/A/IOBluetooth
0x0000000193d97000 	/System/Library/PrivateFrameworks/MediaExperience.framework/Versions/A/MediaExperience
0x0000000195d04000 	/System/Library/PrivateFrameworks/AudioSession.framework/libSessionUtility.dylib
0x00000001962e4000 	/System/Library/PrivateFrameworks/AudioResourceArbitration.framework/Versions/A/AudioResourceArbitration
0x000000019a2be000 	/System/Library/PrivateFrameworks/PowerLog.framework/Versions/A/PowerLog
0x000000019a201000 	/System/Library/Frameworks/CoreBluetooth.framework/Versions/A/CoreBluetooth
0x000000019cf6f000 	/System/Library/Frameworks/AudioUnit.framework/Versions/A/AudioUnit
0x000000019241d000 	/System/Library/PrivateFrameworks/CoreUtils.framework/Versions/A/CoreUtils
0x00000001f50e6000 	/System/Library/PrivateFrameworks/CoreUtilsExtras.framework/Versions/A/CoreUtilsExtras
0x00000001f9de8000 	/System/Library/PrivateFrameworks/IO80211.framework/Versions/A/IO80211
0x0000000193d07000 	/System/Library/PrivateFrameworks/IconFoundation.framework/Versions/A/IconFoundation
0x00000001992d1000 	/System/Library/PrivateFrameworks/SpeechRecognitionCore.framework/Versions/A/SpeechRecognitionCore
0x0000000103174000 	/Users/yannickpulver/Library/Java/JavaVirtualMachines/azul-15.0.8/Contents/Home/lib/server/libjvm.dylib
0x00000001022e4000 	/Users/yannickpulver/Library/Java/JavaVirtualMachines/azul-15.0.8/Contents/Home/lib/libjimage.dylib
0x00000001023c0000 	/Users/yannickpulver/Library/Java/JavaVirtualMachines/azul-15.0.8/Contents/Home/lib/libjdwp.dylib
0x0000000102408000 	/Users/yannickpulver/Library/Java/JavaVirtualMachines/azul-15.0.8/Contents/Home/lib/libjava.dylib
0x0000000102390000 	/Users/yannickpulver/Library/Java/JavaVirtualMachines/azul-15.0.8/Contents/Home/lib/libinstrument.dylib
0x00000001023a8000 	/Users/yannickpulver/Library/Java/JavaVirtualMachines/azul-15.0.8/Contents/Home/lib/libzip.dylib
0x0000000103000000 	/Users/yannickpulver/Library/Java/JavaVirtualMachines/azul-15.0.8/Contents/Home/lib/libdt_socket.dylib
0x0000000103014000 	/Users/yannickpulver/Library/Java/JavaVirtualMachines/azul-15.0.8/Contents/Home/lib/libnio.dylib
0x0000000103034000 	/Users/yannickpulver/Library/Java/JavaVirtualMachines/azul-15.0.8/Contents/Home/lib/libnet.dylib
0x000000012a700000 	/Users/yannickpulver/Library/Java/JavaVirtualMachines/azul-15.0.8/Contents/Home/lib/libawt.dylib
0x00000001030c8000 	/Users/yannickpulver/Library/Java/JavaVirtualMachines/azul-15.0.8/Contents/Home/lib/libmlib_image.dylib
0x00000001eb8a9000 	/System/Library/Frameworks/JavaRuntimeSupport.framework/Versions/A/JavaRuntimeSupport
0x00000001a7cfd000 	/System/Library/Frameworks/Carbon.framework/Versions/A/Carbon
0x000000019b2af000 	/System/Library/PrivateFrameworks/CoreSymbolication.framework/Versions/A/CoreSymbolication
0x00000001a0a1b000 	/System/Library/Frameworks/Carbon.framework/Versions/A/Frameworks/CommonPanels.framework/Versions/A/CommonPanels
0x000000019c903000 	/System/Library/Frameworks/Carbon.framework/Versions/A/Frameworks/Help.framework/Versions/A/Help
0x00000001a0a1f000 	/System/Library/Frameworks/Carbon.framework/Versions/A/Frameworks/ImageCapture.framework/Versions/A/ImageCapture
0x00000001a09eb000 	/System/Library/Frameworks/Carbon.framework/Versions/A/Frameworks/OpenScripting.framework/Versions/A/OpenScripting
0x00000001a0a17000 	/System/Library/Frameworks/Carbon.framework/Versions/A/Frameworks/Ink.framework/Versions/A/Ink
0x00000001a7cf9000 	/System/Library/Frameworks/Carbon.framework/Versions/A/Frameworks/Print.framework/Versions/A/Print
0x00000001a0a13000 	/System/Library/Frameworks/Carbon.framework/Versions/A/Frameworks/SecurityHI.framework/Versions/A/SecurityHI
0x000000019b270000 	/System/Library/PrivateFrameworks/DebugSymbols.framework/Versions/A/DebugSymbols
0x000000012bad8000 	/Users/yannickpulver/Library/Java/JavaVirtualMachines/azul-15.0.8/Contents/Home/lib/libawt_lwawt.dylib
0x0000000103088000 	/Users/yannickpulver/Library/Java/JavaVirtualMachines/azul-15.0.8/Contents/Home/lib/libosxapp.dylib
0x00000001a6e3d000 	/System/Library/Frameworks/ExceptionHandling.framework/Versions/A/ExceptionHandling
0x000000012bd20000 	/Users/yannickpulver/Library/Java/JavaVirtualMachines/azul-15.0.8/Contents/Home/lib/libfontmanager.dylib
0x000000012bbb4000 	/Users/yannickpulver/Library/Java/JavaVirtualMachines/azul-15.0.8/Contents/Home/lib/libfreetype.dylib
0x000000019a50e000 	/System/Library/Frameworks/FileProvider.framework/Versions/A/FileProvider
0x000000018dc37000 	/System/Library/Frameworks/Accounts.framework/Versions/A/Accounts
0x000000018f970000 	/System/Library/PrivateFrameworks/UserManagement.framework/Versions/A/UserManagement
0x000000019a695000 	/System/Library/PrivateFrameworks/GenerationalStorage.framework/Versions/A/GenerationalStorage
0x000000019a2b2000 	/System/Library/PrivateFrameworks/SymptomDiagnosticReporter.framework/Versions/A/SymptomDiagnosticReporter
0x000000018bdc2000 	/System/Library/PrivateFrameworks/DesktopServicesPriv.framework/Versions/A/DesktopServicesPriv
0x000000018acae000 	/usr/lib/libsandbox.1.dylib
0x00000001962bf000 	/System/Library/PrivateFrameworks/NetAuth.framework/Versions/A/NetAuth
0x0000000197263000 	/System/Library/PrivateFrameworks/Sharing.framework/Versions/A/Sharing
0x000000018f934000 	/System/Library/PrivateFrameworks/login.framework/Versions/A/Frameworks/loginsupport.framework/Versions/A/loginsupport
0x000000019c4ac000 	/System/Library/PrivateFrameworks/Apple80211.framework/Versions/A/Apple80211
0x0000000192cf8000 	/System/Library/PrivateFrameworks/AuthKit.framework/Versions/A/AuthKit
0x000000019239f000 	/System/Library/Frameworks/CoreWLAN.framework/Versions/A/CoreWLAN
0x000000019c4b0000 	/System/Library/PrivateFrameworks/CoreWiFi.framework/Versions/A/CoreWiFi
0x00000001caa52000 	/System/Library/PrivateFrameworks/WiFiPeerToPeer.framework/Versions/A/WiFiPeerToPeer
0x000000019ae2a000 	/System/Library/PrivateFrameworks/FrontBoardServices.framework/Versions/A/FrontBoardServices
0x000000019aec5000 	/System/Library/PrivateFrameworks/BoardServices.framework/Versions/A/BoardServices
0x000000019c60a000 	/System/Library/PrivateFrameworks/BackBoardServices.framework/Versions/A/BackBoardServices
0x0000000192e4b000 	/System/Library/Frameworks/UserNotifications.framework/Versions/A/UserNotifications
0x0000000196795000 	/System/Library/PrivateFrameworks/CorePhoneNumbers.framework/Versions/A/CorePhoneNumbers
0x0000000195fbc000 	/System/Library/PrivateFrameworks/MultiverseSupport.framework/Versions/A/MultiverseSupport
0x000000019c893000 	/System/Library/PrivateFrameworks/RemoteServiceDiscovery.framework/Versions/A/RemoteServiceDiscovery
0x000000019a3de000 	/System/Library/PrivateFrameworks/DiskManagement.framework/Versions/A/DiskManagement
0x000000019a2e5000 	/System/Library/PrivateFrameworks/AppleIDAuthSupport.framework/Versions/A/AppleIDAuthSupport
0x00000001ef398000 	/System/Library/PrivateFrameworks/AAAFoundation.framework/Versions/A/AAAFoundation
0x000000019676d000 	/System/Library/PrivateFrameworks/KeychainCircle.framework/Versions/A/KeychainCircle
0x000000019c8a7000 	/System/Library/PrivateFrameworks/RemoteXPC.framework/Versions/A/RemoteXPC
0x000000019a3aa000 	/System/Library/PrivateFrameworks/MediaKit.framework/Versions/A/MediaKit
0x000000019a2f2000 	/System/Library/Frameworks/DiscRecording.framework/Versions/A/DiscRecording
0x0000000193c12000 	/usr/lib/libCoreStorage.dylib
0x000000019c90f000 	/usr/lib/libcsfde.dylib
0x00000001974c0000 	/System/Library/PrivateFrameworks/ProtectedCloudStorage.framework/Versions/A/ProtectedCloudStorage
0x000000019c907000 	/System/Library/PrivateFrameworks/EFILogin.framework/Versions/A/EFILogin
0x000000019a6bb000 	/System/Library/PrivateFrameworks/OctagonTrust.framework/Versions/A/OctagonTrust
0x0000000193c0a000 	/usr/lib/libMatch.1.dylib
0x00000001b07d3000 	/System/Library/CoreServices/RawCamera.bundle/Contents/MacOS/RawCamera
0x00000001966ad000 	/System/Library/PrivateFrameworks/MobileAsset.framework/Versions/A/MobileAsset
0x00000001ae0ba000 	/System/Library/PrivateFrameworks/SoftwareUpdateCoreSupport.framework/Versions/A/SoftwareUpdateCoreSupport
0x00000001b4105000 	/System/Library/PrivateFrameworks/SoftwareUpdateCoreConnect.framework/Versions/A/SoftwareUpdateCoreConnect
0x000000019cf95000 	/System/Library/PrivateFrameworks/StreamingZip.framework/Versions/A/StreamingZip
0x00000001add5c000 	/System/Library/PrivateFrameworks/MSUDataAccessor.framework/Versions/A/MSUDataAccessor
0x00000001aa614000 	/usr/lib/libbootpolicy.dylib
0x00000001ba87b000 	/usr/lib/libpartition2_dynamic.dylib
0x00000001f1ba1000 	/System/Library/PrivateFrameworks/CMPhoto.framework/Versions/A/CMPhoto
0x0000000194ea2000 	/System/Library/Frameworks/MediaToolbox.framework/Versions/A/MediaToolbox
0x000000019a4da000 	/System/Library/PrivateFrameworks/CoreAVCHD.framework/Versions/A/CoreAVCHD
0x00000001999bf000 	/System/Library/Frameworks/MediaAccessibility.framework/Versions/A/MediaAccessibility
0x000000019a4d6000 	/System/Library/PrivateFrameworks/Mangrove.framework/Versions/A/Mangrove
0x000000019a4ca000 	/System/Library/PrivateFrameworks/CoreAUC.framework/Versions/A/CoreAUC
0x00000001ad734000 	/System/Library/Frameworks/Accelerate.framework/Versions/A/Frameworks/vImage.framework/Versions/A/Libraries/libCGInterfaces.dylib
0x000000012bd08000 	/usr/lib/libobjc-trampolines.dylib
0x000000020eaaf000 	/usr/lib/libAccessibilityBaseImplementations.dylib
0x000000018f61d000 	/System/Library/PrivateFrameworks/ViewBridge.framework/Versions/A/ViewBridge
0x00000001d5f4e000 	/System/Library/Frameworks/OpenGL.framework/Versions/A/Resources/GLEngine.bundle/GLEngine
0x00000001d5dd8000 	/System/Library/Frameworks/OpenGL.framework/Versions/A/Libraries/libGLProgrammability.dylib
0x000000013f550000 	/System/Library/Extensions/AppleMetalOpenGLRenderer.bundle/Contents/MacOS/AppleMetalOpenGLRenderer
0x00000001d60bc000 	/System/Library/Frameworks/OpenGL.framework/Versions/A/Resources/GLRendererFloat.bundle/GLRendererFloat
0x00000001d1ce8000 	/System/Library/Extensions/AGXMetalG13X.bundle/Contents/MacOS/AGXMetalG13X
0x00000001a8ebd000 	/System/Library/PrivateFrameworks/GPURawCounter.framework/Versions/A/GPURawCounter
0x00000001a31af000 	/System/Library/PrivateFrameworks/IOGPU.framework/Versions/A/IOGPU
0x000000019437c000 	/System/Library/PrivateFrameworks/login.framework/Versions/A/login
0x0000000154b1c000 	/Users/yannickpulver/.skiko/eddac0b05be6f1854f16a41f355e8a1b6c741f6c3188ace721c66e205cd66108/libskiko-macos-arm64.dylib
0x00000001539ec000 	/Users/yannickpulver/Library/Java/JavaVirtualMachines/azul-15.0.8/Contents/Home/lib/libosxui.dylib
0x00000001564ac000 	/Users/yannickpulver/Library/Java/JavaVirtualMachines/azul-15.0.8/Contents/Home/lib/libjawt.dylib
0x00000001564d0000 	/Users/yannickpulver/Library/Java/JavaVirtualMachines/azul-15.0.8/Contents/Home/lib/libprefs.dylib
0x00000001564e4000 	/Users/yannickpulver/Library/Java/JavaVirtualMachines/azul-15.0.8/Contents/Home/lib/libextnet.dylib
0x00000001efba3000 	/System/Library/PrivateFrameworks/AccessibilityBundles.framework/Versions/A/AccessibilityBundles
0x00000001a410e000 	/usr/lib/libAccessibility.dylib


VM Arguments:
jvm_args: -agentlib:jdwp=transport=dt_socket,address=127.0.0.1:53992,suspend=y,server=n -Djava.library.path=/Users/yannickpulver/Code/appswithlove/toggl-to-float-compose/toggl-to-float-compose/build/classes/kotlin/jvm/main:/Users/yannickpulver/Code/appswithlove/toggl-to-float-compose/toggl-to-float-compose/build/processedResources/jvm/main -javaagent:/Users/yannickpulver/.gradle/caches/modules-2/files-2.1/org.jetbrains.kotlinx/kotlinx-coroutines-core-jvm/1.6.4/2c997cd1c0ef33f3e751d3831929aeff1390cb30/kotlinx-coroutines-core-jvm-1.6.4.jar -javaagent:/Users/yannickpulver/Library/Caches/JetBrains/IntelliJIdea2022.1/captureAgent/debugger-agent.jar=file:/private/var/folders/m3/kcckgp0x4gqflc6d8q41w7sc0000gn/T/capture.props -Dfile.encoding=UTF-8 
java_command: com.appswithlove.MainKt
java_class_path (initial): /Users/yannickpulver/Code/appswithlove/toggl-to-float-compose/toggl-to-float-compose/build/classes/kotlin/jvm/main:/Users/yannickpulver/Code/appswithlove/toggl-to-float-compose/toggl-to-float-compose/build/processedResources/jvm/main:/Users/yannickpulver/.gradle/caches/modules-2/files-2.1/org.jetbrains.kotlin/kotlin-stdlib-jdk8/1.7.20/eac6656981d9d7156e838467d2d8d79093b1570/kotlin-stdlib-jdk8-1.7.20.jar:/Users/yannickpulver/.gradle/caches/modules-2/files-2.1/io.ktor/ktor-client-cio-jvm/2.1.0/c1c9e03308de6ba4a136f6524bfead85f1a749c9/ktor-client-cio-jvm-2.1.0.jar:/Users/yannickpulver/.gradle/caches/modules-2/files-2.1/io.ktor/ktor-client-core-jvm/2.1.0/9f817ae55e463f27d885ef051ff88e4c2acea7da/ktor-client-core-jvm-2.1.0.jar:/Users/yannickpulver/.gradle/caches/modules-2/files-2.1/ca.gosyer/compose-material-dialogs-datetime-jvm/0.8.0/159ea4a81928a7e8ee0e5641536f5b3128f353b6/datetime-jvm-0.8.0.jar:/Users/yannickpulver/.gradle/caches/modules-2/files-2.1/ca.gosyer/accompanist-flowlayout-jvm/0.25.2/b51223ce4a70feaeaad005d3f579fdd9bce2fee6/flowlayout-jvm-0.25.2.jar:/Users/yannickpulver/.gradle/caches/modules-2/files-2.1/org.jetbrains.kotlin/kotlin-stdlib-jdk7/1.7.20/2a729aa8763306368e665e2b747abd1dfd29b9d5/kotlin-stdlib-jdk7-1.7.20.jar:/Users/yannickpulver/.gradle/caches/modules-2/files-2.1/org.jetbrains.skiko/skiko-awt-runtime-macos-arm64/0.7.34/3f7fe53a3c9c0c96dbe07c22ba4a38234ff13487/skiko-awt-runtime-macos-arm64-0.7.34.jar:/Users/yannickpulver/.gradle/caches/modules-2/files-2.1/org.jetbrains.kotlin/kotlin-stdlib/1.7.20/726594ea9ba2beb2ee113647fefa9a10f9fabe52/kotlin-stdlib-1.7.20.jar:/Users/yannickpulver/.gradle/caches/modules-2/files-2.1/org.jetbrains.kotlinx/kotlinx-serialization-json-jvm/1.3.3/6298c404c1159685fb657f15fa5b78630da58c96/kotlinx-serialization-json-jvm-1.3.3.jar:/Users/yannickpulver/.gradle/caches/modules-2/files-2.1/org.jetbrains.kotlinx/kotlinx-datetime-jvm/0.4.0/2224732fcb9b6116fbeb0926dd108604e578356b/kotlinx-datetime-jvm-0.
Launcher Type: SUN_STANDARD

[Global flags]
     intx CICompilerCount                          = 4                                         {product} {ergonomic}
     uint ConcGCThreads                            = 2                                         {product} {ergonomic}
     uint G1ConcRefinementThreads                  = 9                                         {product} {ergonomic}
   size_t G1HeapRegionSize                         = 4194304                                   {product} {ergonomic}
    uintx GCDrainStackTargetSize                   = 64                                        {product} {ergonomic}
   size_t InitialHeapSize                          = 536870912                                 {product} {ergonomic}
   size_t MarkStackSize                            = 4194304                                   {product} {ergonomic}
   size_t MaxHeapSize                              = 8589934592                                {product} {ergonomic}
   size_t MaxNewSize                               = 5150605312                                {product} {ergonomic}
   size_t MinHeapDeltaBytes                        = 4194304                                   {product} {ergonomic}
   size_t MinHeapSize                              = 8388608                                   {product} {ergonomic}
    uintx NonNMethodCodeHeapSize                   = 5839564                                {pd product} {ergonomic}
    uintx NonProfiledCodeHeapSize                  = 122909338                              {pd product} {ergonomic}
    uintx ProfiledCodeHeapSize                     = 122909338                              {pd product} {ergonomic}
    uintx ReservedCodeCacheSize                    = 251658240                              {pd product} {ergonomic}
     bool SegmentedCodeCache                       = true                                      {product} {ergonomic}
   size_t SoftMaxHeapSize                          = 8589934592                             {manageable} {ergonomic}
     bool UseCompressedClassPointers               = true                                 {lp64_product} {ergonomic}
     bool UseCompressedOops                        = true                                 {lp64_product} {ergonomic}
     bool UseG1GC                                  = true                                      {product} {ergonomic}
     bool UseNUMA                                  = false                                     {product} {ergonomic}
     bool UseNUMAInterleaving                      = false                                     {product} {ergonomic}

Logging:
Log output configuration:
 #0: stdout all=warning uptime,level,tags
 #1: stderr all=off uptime,level,tags

Environment Variables:
JAVA_HOME=/Applications/Android Studio.app/Contents/jre/Contents/Home
PATH=/opt/homebrew/opt/openjdk/bin:/opt/homebrew/bin:/opt/homebrew/sbin:/usr/local/bin:/System/Cryptexes/App/usr/bin:/usr/bin:/bin:/usr/sbin:/sbin:/usr/local/share/dotnet:~/.dotnet/tools:/Library/Apple/usr/bin:/Library/Frameworks/Mono.framework/Versions/Current/Commands:/Users/yannickpulver/.cargo/bin:/Users/yannickpulver/.pub-cache/bin:/Users/yannickpulver/Library/Android/sdk/build-tools/31.0.0:/Users/yannickpulver/Library/Android/sdk/platform-tools:/Users/yannickpulver/.privado/bin
SHELL=/bin/zsh
LANG=en_US.UTF-8

Signal Handlers:
SIGSEGV: [libjvm.dylib+0x929b40], sa_mask[0]=11111111011111110111111111111111, sa_flags=SA_ONSTACK|SA_RESTART|SA_SIGINFO
SIGBUS: [libjvm.dylib+0x929b40], sa_mask[0]=11111111011111110111111111111111, sa_flags=SA_RESTART|SA_SIGINFO
SIGFPE: [libjvm.dylib+0x929b40], sa_mask[0]=11111111011111110111111111111111, sa_flags=SA_RESTART|SA_SIGINFO
SIGPIPE: [libjvm.dylib+0x714000], sa_mask[0]=11111111011111110111111111111111, sa_flags=SA_RESTART|SA_SIGINFO
SIGXFSZ: [libjvm.dylib+0x714000], sa_mask[0]=11111111011111110111111111111111, sa_flags=SA_RESTART|SA_SIGINFO
SIGILL: [libjvm.dylib+0x929b40], sa_mask[0]=11111111011111110111111111111111, sa_flags=SA_RESTART|SA_SIGINFO
SIGUSR2: [libjvm.dylib+0x714a34], sa_mask[0]=00100000000000000000000000000000, sa_flags=SA_RESTART|SA_SIGINFO
SIGHUP: [libjvm.dylib+0x7130d0], sa_mask[0]=11111111011111110111111111111111, sa_flags=SA_RESTART|SA_SIGINFO
SIGINT: [libjvm.dylib+0x7130d0], sa_mask[0]=11111111011111110111111111111111, sa_flags=SA_RESTART|SA_SIGINFO
SIGTERM: [libjvm.dylib+0x7130d0], sa_mask[0]=11111111011111110111111111111111, sa_flags=SA_RESTART|SA_SIGINFO
SIGQUIT: [libjvm.dylib+0x7130d0], sa_mask[0]=11111111011111110111111111111111, sa_flags=SA_RESTART|SA_SIGINFO


---------------  S Y S T E M  ---------------

OS:uname: Darwin 22.1.0 Darwin Kernel Version 22.1.0: Sun Oct  9 20:15:09 PDT 2022; root:xnu-8792.41.9~2/RELEASE_ARM64_T6000 arm64
OS uptime: 4 days 23:09 hours
rlimit (soft/hard): STACK 8176k/65520k , CORE 0k/infinity , NPROC 5333/8000 , NOFILE 10240/infinity , AS infinity/infinity , CPU infinity/infinity , DATA infinity/infinity , FSIZE infinity/infinity , MEMLOCK infinity/infinity , RSS infinity/infinity
load average: 2.80 4.48 4.85

CPU: total 10 (initial active 10) 0x61:0x0:0x1b588bb3:0, simd, crc, lse

Memory: 16k page, physical 33554432k(115904k free), swap 13631488k(1257856k free)

vm_info: OpenJDK 64-Bit Server VM (15.0.8+4-MTS) for bsd-aarch64 JRE (15.0.8+4-MTS) (Zulu15.42+15-CA), built on Jul 13 2022 04:53:46 by "zulu_re" with clang Apple LLVM 12.0.0 (clang-1200.0.32.28)

END.
