#
# A fatal error has been detected by the Java Runtime Environment:
#
#  SIGBUS (0xa) at pc=0x0000000105dd60c4, pid=33184, tid=117251
#
# JRE version: OpenJDK Runtime Environment Zulu15.42+15-CA (15.0.8+4) (build 15.0.8+4-MTS)
# Java VM: OpenJDK 64-Bit Server VM Zulu15.42+15-CA (15.0.8+4-MTS, mixed mode, tiered, compressed oops, g1 gc, bsd-aarch64)
# Problematic frame:
# V  [libjvm.dylib+0x8920c4]  MarkActivationClosure::do_code_blob(CodeBlob*)+0x3c
#
# No core dump will be written. Core dumps have been disabled. To enable core dumping, try "ulimit -c unlimited" before starting Java again
#
# If you would like to submit a bug report, please visit:
#   http://www.azul.com/support/
#

---------------  S U M M A R Y ------------

Command Line: -agentlib:jdwp=transport=dt_socket,address=127.0.0.1:62269,suspend=y,server=n -Djava.library.path=/Users/yannickpulver/Code/appswithlove/toggl-to-float-compose/toggl-to-float-compose/build/classes/kotlin/jvm/main:/Users/yannickpulver/Code/appswithlove/toggl-to-float-compose/toggl-to-float-compose/build/processedResources/jvm/main -javaagent:/Users/yannickpulver/.gradle/caches/modules-2/files-2.1/org.jetbrains.kotlinx/kotlinx-coroutines-core-jvm/1.6.4/2c997cd1c0ef33f3e751d3831929aeff1390cb30/kotlinx-coroutines-core-jvm-1.6.4.jar -javaagent:/Users/yannickpulver/Library/Caches/JetBrains/IntelliJIdea2022.1/captureAgent/debugger-agent.jar=file:/private/var/folders/m3/kcckgp0x4gqflc6d8q41w7sc0000gn/T/capture.props -Dfile.encoding=UTF-8 com.appswithlove.MainKt

Host: MacBookPro18,2 arm64 1 MHz, 10 cores, 32G, Darwin 22.1.0
Time: Sat Nov 12 17:49:40 2022 CET elapsed time: 45.763753 seconds (0d 0h 0m 45s)

---------------  T H R E A D  ---------------

Current thread (0x000000013039d800):  JavaThread "DefaultDispatcher-worker-13" daemon [_thread_in_vm, id=117251, stack(0x000000029a2d0000,0x000000029a4d3000)]

Stack: [0x000000029a2d0000,0x000000029a4d3000],  sp=0x000000029a4d0810,  free space=2050k
Native frames: (J=compiled Java code, A=aot compiled Java code, j=interpreted, Vv=VM code, C=native code)
V  [libjvm.dylib+0x8920c4]  MarkActivationClosure::do_code_blob(CodeBlob*)+0x3c
V  [libjvm.dylib+0x8cd908]  JavaThread::nmethods_do(CodeBlobClosure*)+0x80
V  [libjvm.dylib+0x3895ac]  HandshakeState::process_self_inner()+0x170
V  [libjvm.dylib+0x79e9c8]  SafepointMechanism::block_if_requested_slow(JavaThread*)+0x74
V  [libjvm.dylib+0x55655c]  jvmti_RawMonitorNotifyAll(_jvmtiEnv*, _jrawMonitorID*)+0x1ac
C  [libjdwp.dylib+0x29ee8]  debugMonitorNotifyAll+0x30
C  [libjdwp.dylib+0x1984c]  enqueueCommand+0x108
C  [libjdwp.dylib+0x19650]  eventHelper_reportEvents+0xd0
C  [libjdwp.dylib+0x184d8]  reportEvents+0x210
C  [libjdwp.dylib+0x17fdc]  event_callback+0x3cc
C  [libjdwp.dylib+0x15918]  cbClassPrepare+0xc0
V  [libjvm.dylib+0x5a4708]  JvmtiExport::post_class_prepare(JavaThread*, Klass*)+0x2c8
V  [libjvm.dylib+0x3c1848]  InstanceKlass::link_class_impl(Thread*)+0x3c8
V  [libjvm.dylib+0x485cb0]  get_class_declared_methods_helper(JNIEnv_*, _jclass*, unsigned char, bool, Klass*, Thread*)+0x110
V  [libjvm.dylib+0x4862ec]  JVM_GetClassDeclaredConstructors+0xdc
j  java.lang.Class.getDeclaredConstructors0(Z)[Ljava/lang/reflect/Constructor;+0 java.base@15.0.8
J 1796 c1 java.lang.Class.privateGetDeclaredConstructors(Z)[Ljava/lang/reflect/Constructor; java.base@15.0.8 (79 bytes) @ 0x000000010e22d684 [0x000000010e22d3c0+0x00000000000002c4]
J 1829 c1 java.lang.Class.getConstructor0([Ljava/lang/Class;I)Ljava/lang/reflect/Constructor; java.base@15.0.8 (83 bytes) @ 0x000000010e24032c [0x000000010e23fec0+0x000000000000046c]
j  java.lang.Class.newInstance()Ljava/lang/Object;+54 java.base@15.0.8
j  jdk.internal.reflect.MethodAccessorGenerator$1.run()Ljdk/internal/reflect/MagicAccessorImpl;+24 java.base@15.0.8
j  jdk.internal.reflect.MethodAccessorGenerator$1.run()Ljava/lang/Object;+1 java.base@15.0.8
J 1111 c1 java.security.AccessController.doPrivileged(Ljava/security/PrivilegedAction;)Ljava/lang/Object; java.base@15.0.8 (9 bytes) @ 0x000000010e106a0c [0x000000010e106880+0x000000000000018c]
j  jdk.internal.reflect.MethodAccessorGenerator.generate(Ljava/lang/Class;Ljava/lang/String;[Ljava/lang/Class;Ljava/lang/Class;[Ljava/lang/Class;IZZLjava/lang/Class;)Ljdk/internal/reflect/MagicAccessorImpl;+755 java.base@15.0.8
j  jdk.internal.reflect.MethodAccessorGenerator.generateConstructor(Ljava/lang/Class;[Ljava/lang/Class;[Ljava/lang/Class;I)Ljdk/internal/reflect/ConstructorAccessor;+14 java.base@15.0.8
j  jdk.internal.reflect.NativeConstructorAccessorImpl.newInstance([Ljava/lang/Object;)Ljava/lang/Object;+78 java.base@15.0.8
J 1790 c1 jdk.internal.reflect.DelegatingConstructorAccessorImpl.newInstance([Ljava/lang/Object;)Ljava/lang/Object; java.base@15.0.8 (9 bytes) @ 0x000000010e22cb0c [0x000000010e22c9c0+0x000000000000014c]
J 1789 c1 java.lang.reflect.Constructor.newInstanceWithCaller([Ljava/lang/Object;ZLjava/lang/Class;)Ljava/lang/Object; java.base@15.0.8 (75 bytes) @ 0x000000010e22c3cc [0x000000010e22c140+0x000000000000028c]
J 1793 c1 java.lang.reflect.Constructor.newInstance([Ljava/lang/Object;)Ljava/lang/Object; java.base@15.0.8 (34 bytes) @ 0x000000010e22cfbc [0x000000010e22ce40+0x000000000000017c]
j  java.security.Provider.newInstanceUtil(Ljava/lang/Class;Ljava/lang/Class;Ljava/lang/Object;)Ljava/lang/Object;+18 java.base@15.0.8
j  java.security.Provider$Service.newInstance(Ljava/lang/Object;)Ljava/lang/Object;+241 java.base@15.0.8
j  sun.security.jca.GetInstance.getInstance(Ljava/security/Provider$Service;Ljava/lang/Class;)Lsun/security/jca/GetInstance$Instance;+2 java.base@15.0.8
j  sun.security.jca.GetInstance.getInstance(Ljava/lang/String;Ljava/lang/Class;Ljava/lang/String;)Lsun/security/jca/GetInstance$Instance;+56 java.base@15.0.8
j  java.security.cert.CertificateFactory.getInstance(Ljava/lang/String;)Ljava/security/cert/CertificateFactory;+12 java.base@15.0.8
j  io.ktor.network.tls.ParserKt.readTLSCertificate(Lio/ktor/utils/io/core/ByteReadPacket;)Ljava/util/List;+24
j  io.ktor.network.tls.TLSClientHandshake.handleCertificatesAndKeys(Lkotlin/coroutines/Continuation;)Ljava/lang/Object;+302
j  io.ktor.network.tls.TLSClientHandshake.access$handleCertificatesAndKeys(Lio/ktor/network/tls/TLSClientHandshake;Lkotlin/coroutines/Continuation;)Ljava/lang/Object;+2
j  io.ktor.network.tls.TLSClientHandshake$handleCertificatesAndKeys$1.invokeSuspend(Ljava/lang/Object;)Ljava/lang/Object;+24
J 2476 c1 kotlin.coroutines.jvm.internal.BaseContinuationImpl.resumeWith(Ljava/lang/Object;)V (128 bytes) @ 0x000000010e37cb10 [0x000000010e37c600+0x0000000000000510]
J 2702 c1 kotlinx.coroutines.DispatchedTask.run()V (571 bytes) @ 0x000000010e3dc0a0 [0x000000010e3dad40+0x0000000000001360]
J 4188 c1 kotlinx.coroutines.internal.LimitedDispatcher.run()V (170 bytes) @ 0x000000010e7302fc [0x000000010e730040+0x00000000000002bc]
J 4187 c1 kotlinx.coroutines.scheduling.TaskImpl.run()V (35 bytes) @ 0x000000010e732e40 [0x000000010e732d00+0x0000000000000140]
J 4126 c1 kotlinx.coroutines.scheduling.CoroutineScheduler.runSafely(Lkotlinx/coroutines/scheduling/Task;)V (73 bytes) @ 0x000000010e701bbc [0x000000010e701a80+0x000000000000013c]
J 4123 c1 kotlinx.coroutines.scheduling.CoroutineScheduler$Worker.executeTask(Lkotlinx/coroutines/scheduling/Task;)V (39 bytes) @ 0x000000010e700918 [0x000000010e7006c0+0x0000000000000258]
j  kotlinx.coroutines.scheduling.CoroutineScheduler$Worker.runWorker()V+44
j  kotlinx.coroutines.scheduling.CoroutineScheduler$Worker.run()V+1
v  ~StubRoutines::call_stub
V  [libjvm.dylib+0x3dff24]  JavaCalls::call_helper(JavaValue*, methodHandle const&, JavaCallArguments*, Thread*)+0x324
V  [libjvm.dylib+0x3deffc]  JavaCalls::call_virtual(JavaValue*, Klass*, Symbol*, Symbol*, JavaCallArguments*, Thread*)+0xf8
V  [libjvm.dylib+0x3df0c4]  JavaCalls::call_virtual(JavaValue*, Handle, Klass*, Symbol*, Symbol*, Thread*)+0x64
V  [libjvm.dylib+0x48e740]  thread_entry(JavaThread*, Thread*)+0xbc
V  [libjvm.dylib+0x8cb680]  JavaThread::thread_main_inner()+0xa0
V  [libjvm.dylib+0x8c8b7c]  Thread::call_run()+0x88
V  [libjvm.dylib+0x711b98]  thread_native_entry(Thread*)+0x1d0
C  [libsystem_pthread.dylib+0x706c]  _pthread_start+0x94

Java frames: (J=compiled Java code, j=interpreted, Vv=VM code)
j  java.lang.Class.getDeclaredConstructors0(Z)[Ljava/lang/reflect/Constructor;+0 java.base@15.0.8
J 1796 c1 java.lang.Class.privateGetDeclaredConstructors(Z)[Ljava/lang/reflect/Constructor; java.base@15.0.8 (79 bytes) @ 0x000000010e22d684 [0x000000010e22d3c0+0x00000000000002c4]
J 1829 c1 java.lang.Class.getConstructor0([Ljava/lang/Class;I)Ljava/lang/reflect/Constructor; java.base@15.0.8 (83 bytes) @ 0x000000010e24032c [0x000000010e23fec0+0x000000000000046c]
j  java.lang.Class.newInstance()Ljava/lang/Object;+54 java.base@15.0.8
j  jdk.internal.reflect.MethodAccessorGenerator$1.run()Ljdk/internal/reflect/MagicAccessorImpl;+24 java.base@15.0.8
j  jdk.internal.reflect.MethodAccessorGenerator$1.run()Ljava/lang/Object;+1 java.base@15.0.8
J 1111 c1 java.security.AccessController.doPrivileged(Ljava/security/PrivilegedAction;)Ljava/lang/Object; java.base@15.0.8 (9 bytes) @ 0x000000010e106a0c [0x000000010e106880+0x000000000000018c]
j  jdk.internal.reflect.MethodAccessorGenerator.generate(Ljava/lang/Class;Ljava/lang/String;[Ljava/lang/Class;Ljava/lang/Class;[Ljava/lang/Class;IZZLjava/lang/Class;)Ljdk/internal/reflect/MagicAccessorImpl;+755 java.base@15.0.8
j  jdk.internal.reflect.MethodAccessorGenerator.generateConstructor(Ljava/lang/Class;[Ljava/lang/Class;[Ljava/lang/Class;I)Ljdk/internal/reflect/ConstructorAccessor;+14 java.base@15.0.8
j  jdk.internal.reflect.NativeConstructorAccessorImpl.newInstance([Ljava/lang/Object;)Ljava/lang/Object;+78 java.base@15.0.8
J 1790 c1 jdk.internal.reflect.DelegatingConstructorAccessorImpl.newInstance([Ljava/lang/Object;)Ljava/lang/Object; java.base@15.0.8 (9 bytes) @ 0x000000010e22cb0c [0x000000010e22c9c0+0x000000000000014c]
J 1789 c1 java.lang.reflect.Constructor.newInstanceWithCaller([Ljava/lang/Object;ZLjava/lang/Class;)Ljava/lang/Object; java.base@15.0.8 (75 bytes) @ 0x000000010e22c3cc [0x000000010e22c140+0x000000000000028c]
J 1793 c1 java.lang.reflect.Constructor.newInstance([Ljava/lang/Object;)Ljava/lang/Object; java.base@15.0.8 (34 bytes) @ 0x000000010e22cfbc [0x000000010e22ce40+0x000000000000017c]
j  java.security.Provider.newInstanceUtil(Ljava/lang/Class;Ljava/lang/Class;Ljava/lang/Object;)Ljava/lang/Object;+18 java.base@15.0.8
j  java.security.Provider$Service.newInstance(Ljava/lang/Object;)Ljava/lang/Object;+241 java.base@15.0.8
j  sun.security.jca.GetInstance.getInstance(Ljava/security/Provider$Service;Ljava/lang/Class;)Lsun/security/jca/GetInstance$Instance;+2 java.base@15.0.8
j  sun.security.jca.GetInstance.getInstance(Ljava/lang/String;Ljava/lang/Class;Ljava/lang/String;)Lsun/security/jca/GetInstance$Instance;+56 java.base@15.0.8
j  java.security.cert.CertificateFactory.getInstance(Ljava/lang/String;)Ljava/security/cert/CertificateFactory;+12 java.base@15.0.8
j  io.ktor.network.tls.ParserKt.readTLSCertificate(Lio/ktor/utils/io/core/ByteReadPacket;)Ljava/util/List;+24
j  io.ktor.network.tls.TLSClientHandshake.handleCertificatesAndKeys(Lkotlin/coroutines/Continuation;)Ljava/lang/Object;+302
j  io.ktor.network.tls.TLSClientHandshake.access$handleCertificatesAndKeys(Lio/ktor/network/tls/TLSClientHandshake;Lkotlin/coroutines/Continuation;)Ljava/lang/Object;+2
j  io.ktor.network.tls.TLSClientHandshake$handleCertificatesAndKeys$1.invokeSuspend(Ljava/lang/Object;)Ljava/lang/Object;+24
J 2476 c1 kotlin.coroutines.jvm.internal.BaseContinuationImpl.resumeWith(Ljava/lang/Object;)V (128 bytes) @ 0x000000010e37cb10 [0x000000010e37c600+0x0000000000000510]
J 2702 c1 kotlinx.coroutines.DispatchedTask.run()V (571 bytes) @ 0x000000010e3dc0a0 [0x000000010e3dad40+0x0000000000001360]
J 4188 c1 kotlinx.coroutines.internal.LimitedDispatcher.run()V (170 bytes) @ 0x000000010e7302fc [0x000000010e730040+0x00000000000002bc]
J 4187 c1 kotlinx.coroutines.scheduling.TaskImpl.run()V (35 bytes) @ 0x000000010e732e40 [0x000000010e732d00+0x0000000000000140]
J 4126 c1 kotlinx.coroutines.scheduling.CoroutineScheduler.runSafely(Lkotlinx/coroutines/scheduling/Task;)V (73 bytes) @ 0x000000010e701bbc [0x000000010e701a80+0x000000000000013c]
J 4123 c1 kotlinx.coroutines.scheduling.CoroutineScheduler$Worker.executeTask(Lkotlinx/coroutines/scheduling/Task;)V (39 bytes) @ 0x000000010e700918 [0x000000010e7006c0+0x0000000000000258]
j  kotlinx.coroutines.scheduling.CoroutineScheduler$Worker.runWorker()V+44
j  kotlinx.coroutines.scheduling.CoroutineScheduler$Worker.run()V+1
v  ~StubRoutines::call_stub

siginfo: si_signo: 10 (SIGBUS), si_code: 1 (BUS_ADRALN), si_addr: 0x000000010e22d2d8

Register to memory mapping:

 x0=0x00000001060a0168: _MergedGlobals+0 in /Users/yannickpulver/Library/Java/JavaVirtualMachines/azul-15.0.8/Contents/Home/lib/server/libjvm.dylib at 0x0000000105544000
 x1=0x000000010e22d190 is at entry_point+-560 in (nmethod*)0x000000010e22d190
 x2=0x0000000105dd6088: _ZN21MarkActivationClosure12do_code_blobEP8CodeBlob+0 in /Users/yannickpulver/Library/Java/JavaVirtualMachines/azul-15.0.8/Contents/Home/lib/server/libjvm.dylib at 0x0000000105544000
 x3=0x0000000fffffc088 points into unknown readable memory: 0xfffffd266a7c32bf | bf 32 7c 6a 26 fd ff ff
 x4=0x0013bd000013be00 is an unknown value
 x5=0x0 is NULL
 x6=0x0 is NULL
 x7=0x0 is NULL
 x8=0x000000010604c000: _ZN12StubRoutines20_checkcast_arraycopyE+0 in /Users/yannickpulver/Library/Java/JavaVirtualMachines/azul-15.0.8/Contents/Home/lib/server/libjvm.dylib at 0x0000000105544000
 x9=0x00000000000001e0 is an unknown value
x10=0x00000000000066a3 is an unknown value
x11=0x000000010484c000 points into unknown readable memory: 0x0706050403020100 | 00 01 02 03 04 05 06 07
x12=0x00000000000066a3 is an unknown value
x13=0x0 is NULL
x14=0x000000000000007a is an unknown value
x15=0x000000029a4d0e68 is pointing into the stack for thread: 0x000000013039d800
x16=0x0 is NULL
x17=0x0013be010013be00 is an unknown value
x18=0x0 is NULL
x19=0x000000010e22d190 is at entry_point+-560 in (nmethod*)0x000000010e22d190
x20=0x000000013039d800 is a thread
x21=0x000000029a4d0860 is pointing into the stack for thread: 0x000000013039d800
x22=0x000000010604bf18: _ZN12StubRoutines25_call_stub_return_addressE+0 in /Users/yannickpulver/Library/Java/JavaVirtualMachines/azul-15.0.8/Contents/Home/lib/server/libjvm.dylib at 0x0000000105544000
x23=0x000000013039dc54 points into unknown readable memory: 03 8e 01 00
x24=0x0000000105fe7000: _type2aelembytes+0x30 in /Users/yannickpulver/Library/Java/JavaVirtualMachines/azul-15.0.8/Contents/Home/lib/server/libjvm.dylib at 0x0000000105544000
x25=0x0 is NULL
x26=0x0 is NULL
x27=0x0000000000000006 is an unknown value
x28=0x0000000000000007 is an unknown value


Registers:
 x0=0x00000001060a0168  x1=0x000000010e22d190  x2=0x0000000105dd6088  x3=0x0000000fffffc088
 x4=0x0013bd000013be00  x5=0x0000000000000000  x6=0x0000000000000000  x7=0x0000000000000000
 x8=0x000000010604c000  x9=0x00000000000001e0 x10=0x00000000000066a3 x11=0x000000010484c000
x12=0x00000000000066a3 x13=0x0000000000000000 x14=0x000000000000007a x15=0x000000029a4d0e68
x16=0x0000000000000000 x17=0x0013be010013be00 x18=0x0000000000000000 x19=0x000000010e22d190
x20=0x000000013039d800 x21=0x000000029a4d0860 x22=0x000000010604bf18 x23=0x000000013039dc54
x24=0x0000000105fe7000 x25=0x0000000000000000 x26=0x0000000000000000 x27=0x0000000000000006
x28=0x0000000000000007  fp=0x000000029a4d0820  lr=0x0000000105e11908  sp=0x000000029a4d0810
pc=0x0000000105dd60c4 cpsr=0x0000000080001000
Top of Stack: (sp=0x000000029a4d0810)
0x000000029a4d0810:   000000013039d800 00000001060a0168
0x000000029a4d0820:   000000029a4d0f10 0000000105e11908
0x000000029a4d0830:   000000029a4d1770 000000010e22d684
0x000000029a4d0840:   000000010e22d190 0000000000000000
0x000000029a4d0850:   000000029a4d1990 000000029a4d1790
0x000000029a4d0860:   0000000127e8f918 000000013039d800
0x000000029a4d0870:   0000000000000000 000000029a4d08d0
0x000000029a4d0880:   000000029a4d08c0 0000000105d67638
0x000000029a4d0890:   000000029a4d0b10 87ee50a8777c00be
0x000000029a4d08a0:   0000000127e8f918 000000013039d800
0x000000029a4d08b0:   0000000167440578 0000000167440578
0x000000029a4d08c0:   0000000000000000 00000000ffffffff
0x000000029a4d08d0:   0000000000000000 0000000000000000
0x000000029a4d08e0:   0000000000000000 0000000167440600
0x000000029a4d08f0:   0000000127e8f918 000000013039d800
0x000000029a4d0900:   000000029a4d0e78 0000000000000001
0x000000029a4d0910:   000000029a4d0bd0 00000001057322bc
0x000000029a4d0920:   0000000000000000 0000000000000000
0x000000029a4d0930:   0000000000000000 0000000000000000
0x000000029a4d0940:   0000000000000000 0000000100000000
0x000000029a4d0950:   0000000000000000 0000000100000000
0x000000029a4d0960:   000000013039d800 110a800105d711bc
0x000000029a4d0970:   0000000000000000 0000000000000000
0x000000029a4d0980:   0000005500000000 0000000000000000
0x000000029a4d0990:   0000000000000100 000006003039d800
0x000000029a4d09a0:   000000029a4d09c0 7a0f000105c24600
0x000000029a4d09b0:   0000600000114540 0000600000116400
0x000000029a4d09c0:   000000029a4d0a00 b979800105d711bc
0x000000029a4d09d0:   00000001674404b8 0000000000000001
0x000000029a4d09e0:   00006000014c1fe0 0000000000000004
0x000000029a4d09f0:   0000000000000002 000000013039d800
0x000000029a4d0a00:   000000029a4d0c80 0000000105bf8b38 

Instructions: (pc=0x0000000105dd60c4)
0x0000000105dd5fc4:   911f6c21 aa1303e0 97fa2d75 f00013a8
0x0000000105dd5fd4:   fd418d00 5e61d800 d2d09008 f2e825c8
0x0000000105dd5fe4:   9e670101 1e611800 fd0003e0 90000a21
0x0000000105dd5ff4:   911fe821 aa1303e0 97fa2d69 d00013a8
0x0000000105dd6004:   f9416908 f90003e8 f0000a01 91209c21
0x0000000105dd6014:   aa1303e0 97fa2d62 d00013a8 f9418108
0x0000000105dd6024:   d00013a9 f9418529 a90027e8 f0000a01
0x0000000105dd6034:   91213821 aa1303e0 97fa2d59 d00013a8
0x0000000105dd6044:   f9418908 d34afd08 f90003e8 f0000a01
0x0000000105dd6054:   91223821 aa1303e0 97fa2d51 aa1403e0
0x0000000105dd6064:   a9427bfd a9414ff4 9100c3ff 17fa37bc
0x0000000105dd6074:   a9bf7bfd 910003fd d2800000 a8c17bfd
0x0000000105dd6084:   d65f03c0 a9be4ff4 a9017bfd 910043fd
0x0000000105dd6094:   aa0103f3 d00013a8 b942f909 35000129
0x0000000105dd60a4:   b0001089 d503201f f9425929 d354fd2a
0x0000000105dd60b4:   531f794a f144013f 1a9f2549 b902f909
0x0000000105dd60c4:   b9014a69 f9400268 f9404108 aa1303e0
0x0000000105dd60d4:   d63f0100 340000a0 aa1303e0 a9417bfd
0x0000000105dd60e4:   a8c24ff4 17f957cd a9417bfd a8c24ff4
0x0000000105dd60f4:   d65f03c0 a9bf7bfd 910003fd d00013a8
0x0000000105dd6104:   b942f909 34000089 b9014829 a8c17bfd
0x0000000105dd6114:   d65f03c0 b0001089 d503201f f9425929
0x0000000105dd6124:   d354fd2a 531f794a f144013f 1a9f2549
0x0000000105dd6134:   b902f909 b9014829 a8c17bfd d65f03c0
0x0000000105dd6144:   a9be4ff4 a9017bfd 910043fd aa0103f3
0x0000000105dd6154:   aa0003f4 f9400028 f9402108 aa0103e0
0x0000000105dd6164:   d63f0100 340000c0 f9400268 f9402908
0x0000000105dd6174:   aa1303e0 d63f0100 36000080 a9417bfd
0x0000000105dd6184:   a8c24ff4 d65f03c0 f9400a81 f9400268
0x0000000105dd6194:   f9406d02 aa1303e0 a9417bfd a8c24ff4
0x0000000105dd61a4:   d61f0040 a9bc5ff8 a90157f6 a9024ff4
0x0000000105dd61b4:   a9037bfd 9100c3fd 39404008 34000288 


Stack slot to memory mapping:
stack at sp + 0 slots: 0x000000013039d800 is a thread
stack at sp + 1 slots: 0x00000001060a0168: _MergedGlobals+0 in /Users/yannickpulver/Library/Java/JavaVirtualMachines/azul-15.0.8/Contents/Home/lib/server/libjvm.dylib at 0x0000000105544000
stack at sp + 2 slots: 0x000000029a4d0f10 is pointing into the stack for thread: 0x000000013039d800
stack at sp + 3 slots: 0x0000000105e11908: _ZN10JavaThread11nmethods_doEP15CodeBlobClosure+0x80 in /Users/yannickpulver/Library/Java/JavaVirtualMachines/azul-15.0.8/Contents/Home/lib/server/libjvm.dylib at 0x0000000105544000
stack at sp + 4 slots: 0x000000029a4d1770 is pointing into the stack for thread: 0x000000013039d800
stack at sp + 5 slots: 0x000000010e22d684 is at entry_point+708 in (nmethod*)0x000000010e22d190
stack at sp + 6 slots: 0x000000010e22d190 is at entry_point+-560 in (nmethod*)0x000000010e22d190
stack at sp + 7 slots: 0x0 is NULL


---------------  P R O C E S S  ---------------

Threads class SMR info:
_java_thread_list=0x0000600002385a20, length=41, elements={
0x0000000130008a00, 0x000000014804cc00, 0x000000014804f400, 0x000000014000f400,
0x000000014000fa00, 0x0000000140010000, 0x0000000140010600, 0x0000000140010c00,
0x00000001300e3c00, 0x0000000148056600, 0x00000001300e3600, 0x0000000130105200,
0x0000000148056c00, 0x0000000148a17a00, 0x000000014804de00, 0x00000001301be600,
0x000000014014fa00, 0x0000000148b13200, 0x0000000148b31000, 0x0000000148b1f400,
0x00000001401a7800, 0x00000001401a7000, 0x0000000148a66800, 0x0000000148b31600,
0x00000001401f1a00, 0x0000000135212400, 0x000000014837a800, 0x0000000134840800,
0x000000014b008200, 0x00000001302ce000, 0x00000001349c4000, 0x000000014838f400,
0x0000000148c58000, 0x0000000148c58a00, 0x000000013039d800, 0x0000000148c59000,
0x0000000148390a00, 0x00000001485f4a00, 0x0000000140471a00, 0x0000000134a03200,
0x00000001303e6600
}

Java Threads: ( => current thread )
  0x0000000130008a00 JavaThread "main" [_thread_blocked, id=5635, stack(0x000000016b844000,0x000000016ba47000)]
  0x000000014804cc00 JavaThread "Reference Handler" daemon [_thread_blocked, id=18435, stack(0x000000016c698000,0x000000016c89b000)]
  0x000000014804f400 JavaThread "Finalizer" daemon [_thread_blocked, id=20483, stack(0x000000016c8a4000,0x000000016caa7000)]
  0x000000014000f400 JavaThread "Signal Dispatcher" daemon [_thread_blocked, id=22787, stack(0x000000016cbc8000,0x000000016cdcb000)]
  0x000000014000fa00 JavaThread "Service Thread" daemon [_thread_blocked, id=30723, stack(0x000000016cdd4000,0x000000016cfd7000)]
  0x0000000140010000 JavaThread "C2 CompilerThread0" daemon [_thread_blocked, id=24067, stack(0x000000016cfe0000,0x000000016d1e3000)]
  0x0000000140010600 JavaThread "C1 CompilerThread0" daemon [_thread_blocked, id=24835, stack(0x000000016d1ec000,0x000000016d3ef000)]
  0x0000000140010c00 JavaThread "Sweeper thread" daemon [_thread_blocked, id=30211, stack(0x000000016d3f8000,0x000000016d5fb000)]
  0x00000001300e3c00 JavaThread "Common-Cleaner" daemon [_thread_blocked, id=29699, stack(0x000000016d604000,0x000000016d807000)]
  0x0000000148056600 JavaThread "JDWP Transport Listener: dt_socket" daemon [_thread_blocked, id=28931, stack(0x000000016d810000,0x000000016da13000)]
  0x00000001300e3600 JavaThread "JDWP Event Helper Thread" daemon [_thread_in_native, id=28163, stack(0x000000016da1c000,0x000000016dc1f000)]
  0x0000000130105200 JavaThread "JDWP Command Reader" daemon [_thread_in_native, id=27139, stack(0x000000016dc28000,0x000000016de2b000)]
  0x0000000148056c00 JavaThread "Coroutines Debugger Cleaner" daemon [_thread_blocked, id=42755, stack(0x000000016e040000,0x000000016e243000)]
  0x0000000148a17a00 JavaThread "Notification Thread" daemon [_thread_blocked, id=33795, stack(0x000000016e24c000,0x000000016e44f000)]
  0x000000014804de00 JavaThread "AppKit Thread" daemon [_thread_in_native, id=259, stack(0x00000001697b8000,0x000000016b7b8000)]
  0x00000001301be600 JavaThread "AWT-Shutdown" [_thread_blocked, id=46595, stack(0x000000016e664000,0x000000016e867000)]
  0x000000014014fa00 JavaThread "AWT-EventQueue-0" [_thread_blocked, id=85259, stack(0x000000016e988000,0x000000016eb8b000)]
  0x0000000148b13200 JavaThread "Java2D Queue Flusher" daemon [_thread_blocked, id=71171, stack(0x000000016fbf4000,0x000000016fdf7000)]
  0x0000000148b31000 JavaThread "Java2D Disposer" daemon [_thread_blocked, id=77827, stack(0x0000000298004000,0x0000000298207000)]
  0x0000000148b1f400 JavaThread "Reference Cleaner" daemon [_thread_blocked, id=88067, stack(0x0000000298210000,0x0000000298413000)]
  0x00000001401a7800 JavaThread "DefaultDispatcher-worker-1" daemon [_thread_blocked, id=129539, stack(0x000000029841c000,0x000000029861f000)]
  0x00000001401a7000 JavaThread "DefaultDispatcher-worker-2" daemon [_thread_in_native, id=128771, stack(0x0000000298628000,0x000000029882b000)]
  0x0000000148a66800 JavaThread "DefaultDispatcher-worker-3" daemon [_thread_blocked, id=128515, stack(0x0000000298834000,0x0000000298a37000)]
  0x0000000148b31600 JavaThread "kotlinx.coroutines.DefaultExecutor" daemon [_thread_blocked, id=127747, stack(0x0000000298a40000,0x0000000298c43000)]
  0x00000001401f1a00 JavaThread "Timer-0" daemon [_thread_blocked, id=126751, stack(0x0000000298e58000,0x000000029905b000)]
  0x0000000135212400 JavaThread "DefaultDispatcher-worker-4" daemon [_thread_blocked, id=97027, stack(0x0000000299064000,0x0000000299267000)]
  0x000000014837a800 JavaThread "DefaultDispatcher-worker-5" daemon [_thread_in_native, id=97795, stack(0x0000000299270000,0x0000000299473000)]
  0x0000000134840800 JavaThread "DefaultDispatcher-worker-6" daemon [_thread_blocked, id=121091, stack(0x000000029947c000,0x000000029967f000)]
  0x000000014b008200 JavaThread "DefaultDispatcher-worker-7" daemon [_thread_blocked, id=120323, stack(0x0000000299688000,0x000000029988b000)]
  0x00000001302ce000 JavaThread "DefaultDispatcher-worker-8" daemon [_thread_blocked, id=119299, stack(0x0000000299894000,0x0000000299a97000)]
  0x00000001349c4000 JavaThread "DefaultDispatcher-worker-9" daemon [_thread_blocked, id=96263, stack(0x0000000299aa0000,0x0000000299ca3000)]
  0x000000014838f400 JavaThread "DefaultDispatcher-worker-10" daemon [_thread_blocked, id=100099, stack(0x0000000299cac000,0x0000000299eaf000)]
  0x0000000148c58000 JavaThread "DefaultDispatcher-worker-11" daemon [_thread_blocked, id=100355, stack(0x0000000299eb8000,0x000000029a0bb000)]
  0x0000000148c58a00 JavaThread "DefaultDispatcher-worker-12" daemon [_thread_blocked, id=101379, stack(0x000000029a0c4000,0x000000029a2c7000)]
=>0x000000013039d800 JavaThread "DefaultDispatcher-worker-13" daemon [_thread_in_vm, id=117251, stack(0x000000029a2d0000,0x000000029a4d3000)]
  0x0000000148c59000 JavaThread "DefaultDispatcher-worker-14" daemon [_thread_in_native, id=102147, stack(0x000000029a4dc000,0x000000029a6df000)]
  0x0000000148390a00 JavaThread "DefaultDispatcher-worker-15" daemon [_thread_blocked, id=115715, stack(0x000000029a6e8000,0x000000029a8eb000)]
  0x00000001485f4a00 JavaThread "DefaultDispatcher-worker-16" daemon [_thread_blocked, id=104707, stack(0x000000029b01c000,0x000000029b21f000)]
  0x0000000140471a00 JavaThread "DefaultDispatcher-worker-17" daemon [_thread_blocked, id=105475, stack(0x000000029b228000,0x000000029b42b000)]
  0x0000000134a03200 JavaThread "DefaultDispatcher-worker-18" daemon [_thread_blocked, id=113667, stack(0x000000029b434000,0x000000029b637000)]
  0x00000001303e6600 JavaThread "DefaultDispatcher-worker-19" daemon [_thread_blocked, id=112643, stack(0x000000029b640000,0x000000029b843000)]

Other Threads:
  0x0000000147e08e30 VMThread "VM Thread" [stack: 0x000000016c48c000,0x000000016c68f000] [id=21251] _threads_hazard_ptr=0x0000600002385a20
  0x0000000127e19e10 WatcherThread [stack: 0x000000016e458000,0x000000016e65b000] [id=34051]
  0x0000000127e06f00 GCTaskThread "GC Thread#0" [stack: 0x000000016ba50000,0x000000016bc53000] [id=11779]
  0x0000000147e403a0 GCTaskThread "GC Thread#1" [stack: 0x000000016eb94000,0x000000016ed97000] [id=68611]
  0x0000000147e40890 GCTaskThread "GC Thread#2" [stack: 0x000000016eda0000,0x000000016efa3000] [id=82947]
  0x0000000147e40f50 GCTaskThread "GC Thread#3" [stack: 0x000000016efac000,0x000000016f1af000] [id=69123]
  0x0000000147e41a00 GCTaskThread "GC Thread#4" [stack: 0x000000016f1b8000,0x000000016f3bb000] [id=69379]
  0x0000000147e424b0 GCTaskThread "GC Thread#5" [stack: 0x000000016f3c4000,0x000000016f5c7000] [id=69891]
  0x0000000137e5b480 GCTaskThread "GC Thread#6" [stack: 0x000000016f5d0000,0x000000016f7d3000] [id=82435]
  0x0000000137e5c090 GCTaskThread "GC Thread#7" [stack: 0x000000016f7dc000,0x000000016f9df000] [id=70659]
  0x0000000137e5cb40 GCTaskThread "GC Thread#8" [stack: 0x000000016f9e8000,0x000000016fbeb000] [id=81923]
  0x0000000127e077f0 ConcurrentGCThread "G1 Main Marker" [stack: 0x000000016bc5c000,0x000000016be5f000] [id=12291]
  0x0000000127e082c0 ConcurrentGCThread "G1 Conc#0" [stack: 0x000000016be68000,0x000000016c06b000] [id=13315]
  0x0000000147f6b820 ConcurrentGCThread "G1 Conc#1" [stack: 0x0000000298c4c000,0x0000000298e4f000] [id=122627]
  0x0000000127e136c0 ConcurrentGCThread "G1 Refine#0" [stack: 0x000000016c074000,0x000000016c277000] [id=16899]
  0x0000000147e058f0 ConcurrentGCThread "G1 Young RemSet Sampling" [stack: 0x000000016c280000,0x000000016c483000] [id=21507]

Threads with active compile tasks:

VM state: not at safepoint (normal execution)

VM Mutex/Monitor currently owned by a thread: None

Heap address: 0x00000005c0000000, size: 8192 MB, Compressed Oops mode: Zero based, Oop shift amount: 3
Compressed class space mapped at: 0x0000000300000000-0x0000000340000000, size: 1073741824
Narrow klass base: 0x0000000000000000, Narrow klass shift: 3, Narrow klass range: 0x340000000

GC Precious Log:
 CPUs: 10 total, 10 available
 Memory: 32768M
 Large Page Support: Disabled
 NUMA Support: Disabled
 Compressed Oops: Enabled (Zero based)
 Heap Region Size: 4M
 Heap Min Capacity: 8M
 Heap Initial Capacity: 512M
 Heap Max Capacity: 8G
 Pre-touch: Disabled
 Parallel Workers: 9
 Concurrent Workers: 2
 Concurrent Refinement Workers: 9
 Periodic GC: Disabled

Heap:
 garbage-first heap   total 45056K, used 17823K [0x00000005c0000000, 0x00000007c0000000)
  region size 4096K, 3 young (12288K), 1 survivors (4096K)
 Metaspace       used 41815K, capacity 42400K, committed 42560K, reserved 1087488K
  class space    used 4301K, capacity 4526K, committed 4544K, reserved 1048576K

Heap Regions: E=young(eden), S=young(survivor), O=old, HS=humongous(starts), HC=humongous(continues), CS=collection set, F=free, OA=open archive, CA=closed archive, TAMS=top-at-mark-start (previous, next)
|   0|0x00000005c0000000, 0x00000005c0388000, 0x00000005c0400000| 88%| O|  |TAMS 0x00000005c0388000, 0x00000005c0000000| Untracked 
|   1|0x00000005c0400000, 0x00000005c0800000, 0x00000005c0800000|100%| O|  |TAMS 0x00000005c04bc200, 0x00000005c0400000| Untracked 
|   2|0x00000005c0800000, 0x00000005c0b92600, 0x00000005c0c00000| 89%| O|  |TAMS 0x00000005c0800000, 0x00000005c0800000| Untracked 
|   3|0x00000005c0c00000, 0x00000005c0c00000, 0x00000005c1000000|  0%| F|  |TAMS 0x00000005c0c00000, 0x00000005c0c00000| Untracked 
|   4|0x00000005c1000000, 0x00000005c1000000, 0x00000005c1400000|  0%| F|  |TAMS 0x00000005c1000000, 0x00000005c1000000| Untracked 
|   5|0x00000005c1400000, 0x00000005c1400000, 0x00000005c1800000|  0%| F|  |TAMS 0x00000005c1400000, 0x00000005c1400000| Untracked 
|   6|0x00000005c1800000, 0x00000005c1a4d718, 0x00000005c1c00000| 57%| S|CS|TAMS 0x00000005c1800000, 0x00000005c1800000| Complete 
|   7|0x00000005c1c00000, 0x00000005c1c00000, 0x00000005c2000000|  0%| F|  |TAMS 0x00000005c1c00000, 0x00000005c1c00000| Untracked 
|   8|0x00000005c2000000, 0x00000005c2000000, 0x00000005c2400000|  0%| F|  |TAMS 0x00000005c2000000, 0x00000005c2000000| Untracked 
| 124|0x00000005df000000, 0x00000005df3e9e48, 0x00000005df400000| 97%| E|  |TAMS 0x00000005df000000, 0x00000005df000000| Complete 
| 127|0x00000005dfc00000, 0x00000005e0000000, 0x00000005e0000000|100%| E|CS|TAMS 0x00000005dfc00000, 0x00000005dfc00000| Complete 

Card table byte_map: [0x000000011d964000,0x000000011e964000] _byte_map_base: 0x000000011ab64000

Marking Bits (Prev, Next): (CMBitMap*) 0x000000013002f010, (CMBitMap*) 0x000000013002f050
 Prev Bits: [0x000000011f964000, 0x0000000127964000)
 Next Bits: [0x0000000158000000, 0x0000000160000000)

Polling page: 0x00000001046a0000

Metaspace:

Usage:
  Non-class:     36.99 MB capacity,    36.63 MB (>99%) used,   277.82 KB ( <1%) free+waste,    82.25 KB ( <1%) overhead. 
      Class:      4.42 MB capacity,     4.20 MB ( 95%) used,   194.65 KB (  4%) free+waste,    29.56 KB ( <1%) overhead. 
       Both:     41.41 MB capacity,    40.84 MB ( 99%) used,   472.47 KB (  1%) free+waste,   111.81 KB ( <1%) overhead. 

Virtual space:
  Non-class space:       38.00 MB reserved,      37.12 MB ( 98%) committed 
      Class space:        1.00 GB reserved,       4.44 MB ( <1%) committed 
             Both:        1.04 GB reserved,      41.56 MB (  4%) committed 

Chunk freelists:
   Non-Class:  2.00 KB
       Class:  18.00 KB
        Both:  20.00 KB

MaxMetaspaceSize: unlimited
CompressedClassSpaceSize: 1.00 GB

CodeHeap 'non-profiled nmethods': size=120032Kb used=2075Kb max_used=2075Kb free=117956Kb
 bounds [0x000000011542c000, 0x000000011569c000, 0x000000011c964000]
CodeHeap 'profiled nmethods': size=120016Kb used=9113Kb max_used=9113Kb free=110902Kb
 bounds [0x000000010def8000, 0x000000010e7e8000, 0x000000011542c000]
CodeHeap 'non-nmethods': size=5712Kb used=1836Kb max_used=2007Kb free=3875Kb
 bounds [0x000000010d964000, 0x000000010dbd4000, 0x000000010def8000]
 total_blobs=5646 nmethods=4383 adapters=1179
 compilation: enabled
              stopped_count=0, restarted_count=0
 full_count=0

Compilation events (20 events):
Event: 45.723 Thread 0x0000000140010600 4465       3       androidx.compose.runtime.Recomposer$join$2::invoke (13 bytes)
Event: 45.723 Thread 0x0000000140010600 nmethod 4465 0x000000010e7d5010 code [0x000000010e7d5280, 0x000000010e7d5c48]
Event: 45.723 Thread 0x0000000140010600 4466       3       androidx.compose.runtime.Recomposer$join$2::invoke (16 bytes)
Event: 45.723 Thread 0x0000000140010600 nmethod 4466 0x000000010e7d6010 code [0x000000010e7d6240, 0x000000010e7d6988]
Event: 45.723 Thread 0x0000000140010600 4467       3       androidx.compose.runtime.Recomposer$join$2::create (19 bytes)
Event: 45.724 Thread 0x0000000140010600 nmethod 4467 0x000000010e7d6d10 code [0x000000010e7d6f40, 0x000000010e7d75d8]
Event: 45.724 Thread 0x0000000140010600 4468       3       androidx.compose.runtime.Recomposer$join$2::invokeSuspend (66 bytes)
Event: 45.724 Thread 0x0000000140010600 nmethod 4468 0x000000010e7d7890 code [0x000000010e7d7b00, 0x000000010e7d8318]
Event: 45.736 Thread 0x0000000140010000 4469       4       kotlinx.coroutines.scheduling.CoroutineScheduler$Worker::nextInt (52 bytes)
Event: 45.737 Thread 0x0000000140010000 nmethod 4469 0x0000000115631990 code [0x0000000115631b40, 0x0000000115631c40]
Event: 45.740 Thread 0x0000000140010600 4471       3       androidx.compose.runtime.MonotonicFrameClockKt::getMonotonicFrameClock (40 bytes)
Event: 45.740 Thread 0x0000000140010600 nmethod 4471 0x000000010e7d8590 code [0x000000010e7d8840, 0x000000010e7d91c8]
Event: 45.756 Thread 0x0000000140010600 4472       3       androidx.compose.runtime.MonotonicFrameClockKt::withFrameNanos (17 bytes)
Event: 45.756 Thread 0x0000000140010600 nmethod 4472 0x000000010e7d9590 code [0x000000010e7d9780, 0x000000010e7d9ab8]
Event: 45.761 Thread 0x0000000140010000 4473       4       kotlinx.coroutines.internal.ThreadContextKt$countAll$1::invoke (10 bytes)
Event: 45.761 Thread 0x0000000140010600 4474       3       io.ktor.network.sockets.CIOReaderKt::access$readFrom (7 bytes)
Event: 45.761 Thread 0x0000000140010600 nmethod 4474 0x000000010e7d9c10 code [0x000000010e7d9dc0, 0x000000010e7d9f18]
Event: 45.761 Thread 0x0000000140010600 4475       3       io.ktor.network.sockets.CIOReaderKt::readFrom (178 bytes)
Event: 45.762 Thread 0x0000000140010000 nmethod 4473 0x0000000115632090 code [0x0000000115632240, 0x0000000115632420]
Event: 45.762 Thread 0x0000000140010000 4476       4       java.lang.Class::annotationData (44 bytes)

GC Heap History (20 events):
Event: 0.767 GC heap before
{Heap before GC invocations=0 (full 0):
 garbage-first heap   total 524288K, used 20480K [0x00000005c0000000, 0x00000007c0000000)
  region size 4096K, 6 young (24576K), 0 survivors (0K)
 Metaspace       used 12435K, capacity 12634K, committed 12800K, reserved 1060864K
  class space    used 1134K, capacity 1200K, committed 1280K, reserved 1048576K
}
Event: 0.769 GC heap after
{Heap after GC invocations=1 (full 0):
 garbage-first heap   total 524288K, used 3661K [0x00000005c0000000, 0x00000007c0000000)
  region size 4096K, 1 young (4096K), 1 survivors (4096K)
 Metaspace       used 12435K, capacity 12634K, committed 12800K, reserved 1060864K
  class space    used 1134K, capacity 1200K, committed 1280K, reserved 1048576K
}
Event: 0.917 GC heap before
{Heap before GC invocations=1 (full 0):
 garbage-first heap   total 524288K, used 24141K [0x00000005c0000000, 0x00000007c0000000)
  region size 4096K, 7 young (28672K), 1 survivors (4096K)
 Metaspace       used 18572K, capacity 18816K, committed 19072K, reserved 1067008K
  class space    used 1746K, capacity 1831K, committed 1920K, reserved 1048576K
}
Event: 0.919 GC heap after
{Heap after GC invocations=2 (full 0):
 garbage-first heap   total 524288K, used 4591K [0x00000005c0000000, 0x00000007c0000000)
  region size 4096K, 1 young (4096K), 1 survivors (4096K)
 Metaspace       used 18572K, capacity 18816K, committed 19072K, reserved 1067008K
  class space    used 1746K, capacity 1831K, committed 1920K, reserved 1048576K
}
Event: 1.019 GC heap before
{Heap before GC invocations=2 (full 0):
 garbage-first heap   total 524288K, used 12783K [0x00000005c0000000, 0x00000007c0000000)
  region size 4096K, 4 young (16384K), 1 survivors (4096K)
 Metaspace       used 20823K, capacity 21119K, committed 21296K, reserved 1069056K
  class space    used 2067K, capacity 2172K, committed 2176K, reserved 1048576K
}
Event: 1.021 GC heap after
{Heap after GC invocations=3 (full 0):
 garbage-first heap   total 524288K, used 4834K [0x00000005c0000000, 0x00000007c0000000)
  region size 4096K, 1 young (4096K), 1 survivors (4096K)
 Metaspace       used 20823K, capacity 21119K, committed 21296K, reserved 1069056K
  class space    used 2067K, capacity 2172K, committed 2176K, reserved 1048576K
}
Event: 1.217 GC heap before
{Heap before GC invocations=4 (full 0):
 garbage-first heap   total 40960K, used 37602K [0x00000005c0000000, 0x00000007c0000000)
  region size 4096K, 9 young (36864K), 1 survivors (4096K)
 Metaspace       used 26390K, capacity 26688K, committed 27056K, reserved 1073152K
  class space    used 2694K, capacity 2808K, committed 2816K, reserved 1048576K
}
Event: 1.218 GC heap after
{Heap after GC invocations=5 (full 0):
 garbage-first heap   total 45056K, used 5993K [0x00000005c0000000, 0x00000007c0000000)
  region size 4096K, 1 young (4096K), 1 survivors (4096K)
 Metaspace       used 26390K, capacity 26688K, committed 27056K, reserved 1073152K
  class space    used 2694K, capacity 2808K, committed 2816K, reserved 1048576K
}
Event: 1.296 GC heap before
{Heap before GC invocations=5 (full 0):
 garbage-first heap   total 45056K, used 22377K [0x00000005c0000000, 0x00000007c0000000)
  region size 4096K, 6 young (24576K), 1 survivors (4096K)
 Metaspace       used 29866K, capacity 30188K, committed 30640K, reserved 1077248K
  class space    used 3114K, capacity 3228K, committed 3328K, reserved 1048576K
}
Event: 1.298 GC heap after
{Heap after GC invocations=6 (full 0):
 garbage-first heap   total 45056K, used 6472K [0x00000005c0000000, 0x00000007c0000000)
  region size 4096K, 1 young (4096K), 1 survivors (4096K)
 Metaspace       used 29866K, capacity 30188K, committed 30640K, reserved 1077248K
  class space    used 3114K, capacity 3228K, committed 3328K, reserved 1048576K
}
Event: 1.360 GC heap before
{Heap before GC invocations=6 (full 0):
 garbage-first heap   total 45056K, used 22856K [0x00000005c0000000, 0x00000007c0000000)
  region size 4096K, 5 young (20480K), 1 survivors (4096K)
 Metaspace       used 33235K, capacity 33621K, committed 34096K, reserved 1079296K
  class space    used 3480K, capacity 3622K, committed 3712K, reserved 1048576K
}
Event: 1.362 GC heap after
{Heap after GC invocations=7 (full 0):
 garbage-first heap   total 45056K, used 7755K [0x00000005c0000000, 0x00000007c0000000)
  region size 4096K, 1 young (4096K), 1 survivors (4096K)
 Metaspace       used 33235K, capacity 33621K, committed 34096K, reserved 1079296K
  class space    used 3480K, capacity 3622K, committed 3712K, reserved 1048576K
}
Event: 1.423 GC heap before
{Heap before GC invocations=7 (full 0):
 garbage-first heap   total 45056K, used 20043K [0x00000005c0000000, 0x00000007c0000000)
  region size 4096K, 5 young (20480K), 1 survivors (4096K)
 Metaspace       used 35116K, capacity 35502K, committed 35712K, reserved 1081344K
  class space    used 3659K, capacity 3818K, committed 3840K, reserved 1048576K
}
Event: 1.426 GC heap after
{Heap after GC invocations=8 (full 0):
 garbage-first heap   total 45056K, used 9935K [0x00000005c0000000, 0x00000007c0000000)
  region size 4096K, 1 young (4096K), 1 survivors (4096K)
 Metaspace       used 35116K, capacity 35502K, committed 35712K, reserved 1081344K
  class space    used 3659K, capacity 3818K, committed 3840K, reserved 1048576K
}
Event: 1.558 GC heap before
{Heap before GC invocations=9 (full 0):
 garbage-first heap   total 45056K, used 26319K [0x00000005c0000000, 0x00000007c0000000)
  region size 4096K, 5 young (20480K), 1 survivors (4096K)
 Metaspace       used 38787K, capacity 39194K, committed 39744K, reserved 1085440K
  class space    used 4046K, capacity 4213K, committed 4288K, reserved 1048576K
}
Event: 1.561 GC heap after
{Heap after GC invocations=10 (full 0):
 garbage-first heap   total 45056K, used 11776K [0x00000005c0000000, 0x00000007c0000000)
  region size 4096K, 1 young (4096K), 1 survivors (4096K)
 Metaspace       used 38787K, capacity 39194K, committed 39744K, reserved 1085440K
  class space    used 4046K, capacity 4213K, committed 4288K, reserved 1048576K
}
Event: 1.802 GC heap before
{Heap before GC invocations=10 (full 0):
 garbage-first heap   total 45056K, used 24064K [0x00000005c0000000, 0x00000007c0000000)
  region size 4096K, 4 young (16384K), 1 survivors (4096K)
 Metaspace       used 40438K, capacity 40824K, committed 41152K, reserved 1085440K
  class space    used 4180K, capacity 4349K, committed 4416K, reserved 1048576K
}
Event: 1.804 GC heap after
{Heap after GC invocations=11 (full 0):
 garbage-first heap   total 45056K, used 12597K [0x00000005c0000000, 0x00000007c0000000)
  region size 4096K, 1 young (4096K), 1 survivors (4096K)
 Metaspace       used 40438K, capacity 40824K, committed 41152K, reserved 1085440K
  class space    used 4180K, capacity 4349K, committed 4416K, reserved 1048576K
}
Event: 42.373 GC heap before
{Heap before GC invocations=11 (full 0):
 garbage-first heap   total 45056K, used 24885K [0x00000005c0000000, 0x00000007c0000000)
  region size 4096K, 4 young (16384K), 1 survivors (4096K)
 Metaspace       used 41636K, capacity 42133K, committed 42304K, reserved 1087488K
  class space    used 4301K, capacity 4525K, committed 4544K, reserved 1048576K
}
Event: 42.375 GC heap after
{Heap after GC invocations=12 (full 0):
 garbage-first heap   total 45056K, used 13727K [0x00000005c0000000, 0x00000007c0000000)
  region size 4096K, 1 young (4096K), 1 survivors (4096K)
 Metaspace       used 41636K, capacity 42133K, committed 42304K, reserved 1087488K
  class space    used 4301K, capacity 4525K, committed 4544K, reserved 1048576K
}

Deoptimization events (20 events):
Event: 43.868 Thread 0x0000000140471a00 DEOPT PACKING pc=0x000000010e6fc878 sp=0x000000029b429f20
Event: 43.868 Thread 0x0000000140471a00 DEOPT UNPACKING pc=0x000000010d99dbfc sp=0x000000029b429d80 mode 1
Event: 43.868 Thread 0x0000000140471a00 DEOPT PACKING pc=0x000000010e37cb10 sp=0x000000029b42a480
Event: 43.868 Thread 0x0000000140471a00 DEOPT UNPACKING pc=0x000000010d99dbfc sp=0x000000029b42a2f0 mode 1
Event: 43.868 Thread 0x0000000148c58000 Uncommon trap: trap_request=0xffffff45 fr.pc=0x000000011560d0bc relative=0x000000000000137c
Event: 43.868 Thread 0x0000000148c58000 Uncommon trap: reason=unstable_if action=reinterpret pc=0x000000011560d0bc method=java.util.concurrent.locks.ReentrantReadWriteLock$Sync.tryAcquireShared(I)I @ 105 c2
Event: 43.868 Thread 0x0000000148c58000 DEOPT PACKING pc=0x000000011560d0bc sp=0x000000029a0b9dc0
Event: 43.868 Thread 0x0000000148c58000 DEOPT UNPACKING pc=0x000000010d99dd9c sp=0x000000029a0b9d40 mode 2
Event: 43.868 Thread 0x0000000148c58000 DEOPT PACKING pc=0x000000010e6fc878 sp=0x000000029a0ba050
Event: 43.868 Thread 0x0000000148c58000 DEOPT UNPACKING pc=0x000000010d99dbfc sp=0x000000029a0b9eb0 mode 1
Event: 43.868 Thread 0x0000000148c58000 DEOPT PACKING pc=0x000000010e37cb10 sp=0x000000029a0ba480
Event: 43.868 Thread 0x0000000148c58000 DEOPT UNPACKING pc=0x000000010d99dbfc sp=0x000000029a0ba2f0 mode 1
Event: 43.897 Thread 0x000000014837a800 Uncommon trap: trap_request=0xffffffde fr.pc=0x00000001155b4078 relative=0x00000000000000f8
Event: 43.897 Thread 0x000000014837a800 Uncommon trap: reason=class_check action=maybe_recompile pc=0x00000001155b4078 method=kotlin.coroutines.ContinuationInterceptor$DefaultImpls.get(Lkotlin/coroutines/ContinuationInterceptor;Lkotlin/coroutines/CoroutineContext$Key;)Lkotlin/coroutines/Corouti
Event: 43.897 Thread 0x000000014837a800 DEOPT PACKING pc=0x00000001155b4078 sp=0x0000000299470840
Event: 43.897 Thread 0x000000014837a800 DEOPT UNPACKING pc=0x000000010d99dd9c sp=0x0000000299470770 mode 2
Event: 45.736 Thread 0x000000014837a800 DEOPT PACKING pc=0x000000010e2405e8 sp=0x0000000299471a50
Event: 45.736 Thread 0x000000014837a800 DEOPT UNPACKING pc=0x000000010d99dbfc sp=0x0000000299471880 mode 1
Event: 45.736 Thread 0x000000014837a800 DEOPT PACKING pc=0x000000010e22f2cc sp=0x0000000299471b60
Event: 45.736 Thread 0x000000014837a800 DEOPT UNPACKING pc=0x000000010d99dbfc sp=0x00000002994719c0 mode 1

Classes unloaded (0 events):
No events

Classes redefined (0 events):
No events

Internal exceptions (20 events):
Event: 0.973 Thread 0x000000014014fa00 Exception <a 'java/lang/NoSuchMethodError'{0x00000005dfa93a60}: 'void java.lang.invoke.DirectMethodHandle$Holder.invokeStatic(java.lang.Object, java.lang.Object, long)'> (0x00000005dfa93a60) 
thrown [src/hotspot/share/interpreter/linkResolver.cpp, line 782]
Event: 0.977 Thread 0x000000014804de00 Exception <a 'java/lang/NoSuchMethodError'{0x00000005dfb96e10}: 'void java.lang.invoke.DirectMethodHandle$Holder.invokeSpecial(java.lang.Object, java.lang.Object, long)'> (0x00000005dfb96e10) 
thrown [src/hotspot/share/interpreter/linkResolver.cpp, line 782]
Event: 0.993 Thread 0x000000014804de00 Exception <a 'java/lang/NoSuchMethodError'{0x00000005dfbac8c0}: 'void java.lang.invoke.DirectMethodHandle$Holder.invokeStatic(java.lang.Object, long)'> (0x00000005dfbac8c0) 
thrown [src/hotspot/share/interpreter/linkResolver.cpp, line 782]
Event: 1.177 Thread 0x0000000148a66800 Exception <a 'java/lang/NoSuchMethodError'{0x00000005c133eb00}: 'java.lang.Object java.lang.invoke.DirectMethodHandle$Holder.invokeStatic(java.lang.Object, java.lang.Object, java.lang.Object, java.lang.Object, java.lang.Object, java.lang.Object, java.lang.Object, java.lang.Object, java.lang.Object, java.lang.Object, java.lang.Object, java.lang.Object, java.lang.Object)'> (0x00000005c133eb00) 
thrown [src/hotspot/share/interpreter/linkResolver.cpp, line 782]
Event: 1.178 Thread 0x0000000148a66800 Exception <a 'java/lang/NoSuchMethodError'{0x00000005c1360418}: 'java.lang.Object java.lang.invoke.DirectMethodHandle$Holder.invokeStatic(java.lang.Object, java.lang.Object, java.lang.Object, java.lang.Object, java.lang.Object, java.lang.Object, java.lang.Object, java.lang.Object, java.lang.Object, java.lang.Object, java.lang.Object, java.lang.Object, java.lang.Object, java.lang.Object)'> (0x00000005c1360418) 
thrown [src/hotspot/share/interpreter/linkResolver.cpp, line 782]
Event: 1.179 Thread 0x0000000148a66800 Exception <a 'java/lang/NoSuchMethodError'{0x00000005c136d548}: 'java.lang.Object java.lang.invoke.DirectMethodHandle$Holder.invokeSpecial(java.lang.Object, java.lang.Object, java.lang.Object, java.lang.Object, java.lang.Object, int)'> (0x00000005c136d548) 
thrown [src/hotspot/share/interpreter/linkResolver.cpp, line 782]
Event: 1.179 Thread 0x0000000148a66800 Exception <a 'java/lang/NoSuchMethodError'{0x00000005c1371188}: 'java.lang.Object java.lang.invoke.Invokers$Holder.linkToTargetMethod(java.lang.Object, java.lang.Object, java.lang.Object, int, java.lang.Object)'> (0x00000005c1371188) 
thrown [src/hotspot/share/interpreter/linkResolver.cpp, line 782]
Event: 1.180 Thread 0x0000000135212400 Exception <a 'java/lang/NoSuchMethodError'{0x00000005c0c36178}: 'java.lang.Object java.lang.invoke.Invokers$Holder.linkToTargetMethod(java.lang.Object, int, java.lang.Object, java.lang.Object, java.lang.Object)'> (0x00000005c0c36178) 
thrown [src/hotspot/share/interpreter/linkResolver.cpp, line 782]
Event: 1.324 Thread 0x00000001401a7000 Exception <a 'java/lang/NoSuchMethodError'{0x00000005df3e8c18}: 'void java.lang.invoke.DirectMethodHandle$Holder.invokeStaticInit(java.lang.Object, java.lang.Object)'> (0x00000005df3e8c18) 
thrown [src/hotspot/share/interpreter/linkResolver.cpp, line 782]
Event: 1.452 Thread 0x000000014014fa00 Exception <a 'java/lang/NoSuchMethodError'{0x00000005df09f7b0}: 'void java.lang.invoke.DirectMethodHandle$Holder.invokeStatic(java.lang.Object, long, long)'> (0x00000005df09f7b0) 
thrown [src/hotspot/share/interpreter/linkResolver.cpp, line 782]
Event: 1.452 Thread 0x000000014014fa00 Exception <a 'java/lang/NoSuchMethodError'{0x00000005df0a5320}: 'java.lang.Object java.lang.invoke.DirectMethodHandle$Holder.newInvokeSpecial(java.lang.Object, long)'> (0x00000005df0a5320) 
thrown [src/hotspot/share/interpreter/linkResolver.cpp, line 782]
Event: 1.454 Thread 0x000000014014fa00 Exception <a 'java/lang/NoSuchMethodError'{0x00000005df0b6e38}: 'java.lang.Object java.lang.invoke.DirectMethodHandle$Holder.newInvokeSpecial(java.lang.Object, java.lang.Object, int)'> (0x00000005df0b6e38) 
thrown [src/hotspot/share/interpreter/linkResolver.cpp, line 782]
Event: 1.454 Thread 0x000000014014fa00 Exception <a 'java/lang/NoSuchMethodError'{0x00000005df0bae88}: 'java.lang.Object java.lang.invoke.DirectMethodHandle$Holder.invokeSpecial(java.lang.Object, java.lang.Object, java.lang.Object, int)'> (0x00000005df0bae88) 
thrown [src/hotspot/share/interpreter/linkResolver.cpp, line 782]
Event: 1.454 Thread 0x000000014014fa00 Exception <a 'java/lang/NoSuchMethodError'{0x00000005df0be968}: 'java.lang.Object java.lang.invoke.Invokers$Holder.linkToTargetMethod(java.lang.Object, int, java.lang.Object)'> (0x00000005df0be968) 
thrown [src/hotspot/share/interpreter/linkResolver.cpp, line 782]
Event: 3.733 Thread 0x00000001401a7000 Exception <a 'java/lang/NoSuchMethodError'{0x00000005df1e5348}: 'java.lang.Object java.lang.invoke.DirectMethodHandle$Holder.invokeStatic(java.lang.Object, java.lang.Object, java.lang.Object, java.lang.Object, java.lang.Object, java.lang.Object, java.lang.Object, java.lang.Object, java.lang.Object, java.lang.Object, java.lang.Object, java.lang.Object, java.lang.Object, java.lang.Object, java.lang.Object)'> (0x00000005df1e5348) 
thrown [src/hotspot/share/interpreter/linkResolver.cpp, line 782]
Event: 3.734 Thread 0x00000001401a7000 Exception <a 'java/lang/NoSuchMethodError'{0x00000005df20b480}: 'java.lang.Object java.lang.invoke.DirectMethodHandle$Holder.invokeStatic(java.lang.Object, java.lang.Object, java.lang.Object, java.lang.Object, java.lang.Object, java.lang.Object, java.lang.Object, java.lang.Object, java.lang.Object, java.lang.Object, java.lang.Object, java.lang.Object, java.lang.Object, java.lang.Object, java.lang.Object, java.lang.Object)'> (0x00000005df20b480) 
thrown [src/hotspot/share/interpreter/linkResolver.cpp, line 
Event: 3.737 Thread 0x00000001401a7000 Exception <a 'java/lang/NoSuchMethodError'{0x00000005df2902c8}: 'java.lang.Object java.lang.invoke.DirectMethodHandle$Holder.invokeSpecial(java.lang.Object, java.lang.Object, long, int, java.lang.Object, java.lang.Object, java.lang.Object, java.lang.Object, java.lang.Object, int, java.lang.Object, java.lang.Object, java.lang.Object, java.lang.Object, java.lang.Object, int, int, java.lang.Object, int, java.lang.Object, java.lang.Object, java.lang.Object, int, int, int)'> (0x00000005df2902c8) 
thrown [src/ho
Event: 3.745 Thread 0x00000001401a7000 Exception <a 'java/lang/NoSuchMethodError'{0x00000005c20026a8}: 'java.lang.Object java.lang.invoke.DirectMethodHandle$Holder.invokeSpecial(java.lang.Object, java.lang.Object, long, int, java.lang.Object, java.lang.Object, java.lang.Object, java.lang.Object, java.lang.Object, java.lang.Object, java.lang.Object, java.lang.Object, java.lang.Object, java.lang.Object, java.lang.Object, java.lang.Object, java.lang.Object, java.lang.Object, java.lang.Object, java.lang.Object, java.lang.Object)'> (0x00000005c20026
Event: 3.749 Thread 0x00000001401a7000 Exception <a 'java/lang/NoSuchMethodError'{0x00000005c210a660}: 'java.lang.Object java.lang.invoke.DirectMethodHandle$Holder.invokeSpecial(java.lang.Object, java.lang.Object, long, int, java.lang.Object, java.lang.Object, java.lang.Object, java.lang.Object, java.lang.Object, java.lang.Object, java.lang.Object, java.lang.Object, java.lang.Object, java.lang.Object, java.lang.Object, java.lang.Object, java.lang.Object)'> (0x00000005c210a660) 
thrown [src/hotspot/share/interpreter/linkResolver.cpp, line 782]
Event: 43.868 Thread 0x0000000148c58000 Implicit null exception at 0x000000011560bea8 to 0x000000011560d0a0

Events (20 events):
Event: 43.932 Executing VM operation: GetFrameLocation done
Event: 43.932 Executing VM operation: get/set locals
Event: 43.932 Executing VM operation: get/set locals done
Event: 43.932 Executing VM operation: GetFrameLocation
Event: 43.932 Executing VM operation: GetFrameLocation done
Event: 43.932 Executing VM operation: get/set locals
Event: 43.932 Executing VM operation: get/set locals done
Event: 43.933 Executing VM operation: GetFrameLocation
Event: 43.933 Executing VM operation: GetFrameLocation done
Event: 43.933 Executing VM operation: get/set locals
Event: 43.933 Executing VM operation: get/set locals done
Event: 43.933 Executing VM operation: GetFrameCount
Event: 43.933 Executing VM operation: GetFrameCount done
Event: 43.933 Executing VM operation: GetStackTrace
Event: 43.933 Executing VM operation: GetStackTrace done
Event: 43.933 Executing VM operation: GetFrameLocation
Event: 43.933 Executing VM operation: GetFrameLocation done
Event: 43.933 Executing VM operation: get/set locals
Event: 43.933 Executing VM operation: get/set locals done
Event: 45.762 Executing VM operation: HandshakeAllThreads


Dynamic libraries:
0x00000001046fc000 	/Users/yannickpulver/Library/Java/JavaVirtualMachines/azul-15.0.8/Contents/Home/lib/libjli.dylib
0x00000001b241f000 	/usr/lib/libz.1.dylib
0x00000001b24d9000 	/usr/lib/libSystem.B.dylib
0x00000001b24d3000 	/usr/lib/system/libcache.dylib
0x00000001b248c000 	/usr/lib/system/libcommonCrypto.dylib
0x00000001b24ba000 	/usr/lib/system/libcompiler_rt.dylib
0x00000001b24b0000 	/usr/lib/system/libcopyfile.dylib
0x00000001a6c7b000 	/usr/lib/system/libcorecrypto.dylib
0x00000001a6d33000 	/usr/lib/system/libdispatch.dylib
0x00000001a6ec4000 	/usr/lib/system/libdyld.dylib
0x00000001b24c9000 	/usr/lib/system/libkeymgr.dylib
0x00000001b246a000 	/usr/lib/system/libmacho.dylib
0x00000001b1b46000 	/usr/lib/system/libquarantine.dylib
0x00000001b24c6000 	/usr/lib/system/libremovefile.dylib
0x00000001abb53000 	/usr/lib/system/libsystem_asl.dylib
0x00000001a6c19000 	/usr/lib/system/libsystem_blocks.dylib
0x00000001a6d7e000 	/usr/lib/system/libsystem_c.dylib
0x00000001b24be000 	/usr/lib/system/libsystem_collections.dylib
0x00000001b106f000 	/usr/lib/system/libsystem_configuration.dylib
0x00000001b00f9000 	/usr/lib/system/libsystem_containermanager.dylib
0x00000001b217b000 	/usr/lib/system/libsystem_coreservices.dylib
0x00000001a9cf0000 	/usr/lib/system/libsystem_darwin.dylib
0x00000001b24ca000 	/usr/lib/system/libsystem_dnssd.dylib
0x00000001a6d7b000 	/usr/lib/system/libsystem_featureflags.dylib
0x00000001a6ef0000 	/usr/lib/system/libsystem_info.dylib
0x00000001b2431000 	/usr/lib/system/libsystem_m.dylib
0x00000001a6d07000 	/usr/lib/system/libsystem_malloc.dylib
0x00000001abad3000 	/usr/lib/system/libsystem_networkextension.dylib
0x00000001aa15a000 	/usr/lib/system/libsystem_notify.dylib
0x00000001b1074000 	/usr/lib/system/libsystem_sandbox.dylib
0x00000001b24c3000 	/usr/lib/system/libsystem_secinit.dylib
0x00000001a6e7e000 	/usr/lib/system/libsystem_kernel.dylib
0x00000001a6ee8000 	/usr/lib/system/libsystem_platform.dylib
0x00000001a6eb7000 	/usr/lib/system/libsystem_pthread.dylib
0x00000001ad322000 	/usr/lib/system/libsystem_symptoms.dylib
0x00000001a6c61000 	/usr/lib/system/libsystem_trace.dylib
0x00000001b249d000 	/usr/lib/system/libunwind.dylib
0x00000001a6c1e000 	/usr/lib/system/libxpc.dylib
0x00000001a6e66000 	/usr/lib/libc++abi.dylib
0x00000001a6b48000 	/usr/lib/libobjc.A.dylib
0x00000001b24a8000 	/usr/lib/liboah.dylib
0x00000001a6dff000 	/usr/lib/libc++.1.dylib
0x00000001be2a0000 	/System/Library/Frameworks/Cocoa.framework/Versions/A/Cocoa
0x00000001aa1bb000 	/System/Library/Frameworks/AppKit.framework/Versions/C/AppKit
0x00000001acb55000 	/System/Library/Frameworks/CoreData.framework/Versions/A/CoreData
0x00000001a7e47000 	/System/Library/Frameworks/Foundation.framework/Versions/C/Foundation
0x00000001ab0c3000 	/System/Library/PrivateFrameworks/UIFoundation.framework/Versions/A/UIFoundation
0x0000000211b63000 	/System/Library/PrivateFrameworks/CollectionViewCore.framework/Versions/A/CollectionViewCore
0x00000001b8761000 	/System/Library/PrivateFrameworks/RemoteViewServices.framework/Versions/A/RemoteViewServices
0x00000001b0929000 	/System/Library/PrivateFrameworks/XCTTargetBootstrap.framework/Versions/A/XCTTargetBootstrap
0x00000001b426b000 	/System/Library/PrivateFrameworks/InternationalSupport.framework/Versions/A/InternationalSupport
0x00000001b42f2000 	/System/Library/PrivateFrameworks/UserActivity.framework/Versions/A/UserActivity
0x000000022872c000 	/System/Library/PrivateFrameworks/WindowManagement.framework/Versions/A/WindowManagement
0x00000001a7b11000 	/System/Library/Frameworks/SystemConfiguration.framework/Versions/A/SystemConfiguration
0x00000001b3770000 	/usr/lib/libspindump.dylib
0x00000001ab268000 	/System/Library/Frameworks/UniformTypeIdentifiers.framework/Versions/A/UniformTypeIdentifiers
0x00000001aec54000 	/usr/lib/libapp_launch_measurement.dylib
0x00000001ae106000 	/System/Library/PrivateFrameworks/CoreAnalytics.framework/Versions/A/CoreAnalytics
0x00000001aec5b000 	/System/Library/PrivateFrameworks/CoreAutoLayout.framework/Versions/A/CoreAutoLayout
0x00000001b014b000 	/System/Library/Frameworks/Metal.framework/Versions/A/Metal
0x00000001b1080000 	/usr/lib/liblangid.dylib
0x00000001b092f000 	/System/Library/PrivateFrameworks/CoreSVG.framework/Versions/A/CoreSVG
0x00000001abb89000 	/System/Library/PrivateFrameworks/SkyLight.framework/Versions/A/SkyLight
0x00000001abfa0000 	/System/Library/Frameworks/CoreGraphics.framework/Versions/A/CoreGraphics
0x00000001b8e30000 	/System/Library/Frameworks/Accelerate.framework/Versions/A/Accelerate
0x00000001b31de000 	/System/Library/PrivateFrameworks/IconServices.framework/Versions/A/IconServices
0x00000001b012b000 	/System/Library/Frameworks/IOSurface.framework/Versions/A/IOSurface
0x00000001ae133000 	/usr/lib/libDiagnosticMessagesClient.dylib
0x00000001bc08c000 	/System/Library/Frameworks/ApplicationServices.framework/Versions/A/ApplicationServices
0x00000001b0911000 	/System/Library/PrivateFrameworks/DFRFoundation.framework/Versions/A/DFRFoundation
0x00000001a9a39000 	/usr/lib/libicucore.A.dylib
0x00000001b51fa000 	/System/Library/Frameworks/AudioToolbox.framework/Versions/A/AudioToolbox
0x00000001b4276000 	/System/Library/PrivateFrameworks/DataDetectorsCore.framework/Versions/A/DataDetectorsCore
0x00000001cb282000 	/System/Library/PrivateFrameworks/TextInput.framework/Versions/A/TextInput
0x00000001abaee000 	/usr/lib/libMobileGestalt.dylib
0x00000001b05dd000 	/System/Library/Frameworks/Carbon.framework/Versions/A/Frameworks/HIToolbox.framework/Versions/A/HIToolbox
0x00000001ae5de000 	/System/Library/Frameworks/QuartzCore.framework/Versions/A/QuartzCore
0x00000001a9696000 	/System/Library/Frameworks/Security.framework/Versions/A/Security
0x00000001b87a1000 	/System/Library/Frameworks/Carbon.framework/Versions/A/Frameworks/SpeechRecognition.framework/Versions/A/SpeechRecognition
0x00000001ae993000 	/System/Library/PrivateFrameworks/CoreUI.framework/Versions/A/CoreUI
0x00000001a8fb6000 	/System/Library/Frameworks/CoreAudio.framework/Versions/A/CoreAudio
0x00000001ae20f000 	/System/Library/Frameworks/DiskArbitration.framework/Versions/A/DiskArbitration
0x00000001b3ba3000 	/System/Library/PrivateFrameworks/MultitouchSupport.framework/Versions/A/MultitouchSupport
0x00000001abaec000 	/usr/lib/libenergytrace.dylib
0x00000001aa07e000 	/System/Library/Frameworks/IOKit.framework/Versions/A/IOKit
0x00000001b8b84000 	/System/Library/Frameworks/CoreServices.framework/Versions/A/CoreServices
0x00000001aebe1000 	/System/Library/PrivateFrameworks/PerformanceAnalysis.framework/Versions/A/PerformanceAnalysis
0x00000001f5205000 	/System/Library/Frameworks/OpenGL.framework/Versions/A/OpenGL
0x00000001aeca5000 	/usr/lib/libxml2.2.dylib
0x00000001b1a4d000 	/System/Library/PrivateFrameworks/MobileKeyBag.framework/Versions/A/MobileKeyBag
0x00000001ac5ea000 	/System/Library/Frameworks/ColorSync.framework/Versions/A/ColorSync
0x00000001a6f1c000 	/System/Library/Frameworks/CoreFoundation.framework/Versions/A/CoreFoundation
0x00000001b0ca7000 	/System/Library/Frameworks/CoreImage.framework/Versions/A/CoreImage
0x00000001a8dd7000 	/System/Library/Frameworks/CoreText.framework/Versions/A/CoreText
0x00000001b0968000 	/System/Library/Frameworks/ImageIO.framework/Versions/A/ImageIO
0x00000001b24df000 	/System/Library/PrivateFrameworks/SoftLinking.framework/Versions/A/SoftLinking
0x00000001b2772000 	/usr/lib/libcompression.dylib
0x00000001b41c7000 	/System/Library/PrivateFrameworks/TextureIO.framework/Versions/A/TextureIO
0x00000001b2eb0000 	/usr/lib/libate.dylib
0x00000001b2d6f000 	/usr/lib/liblzma.5.dylib
0x00000001b24db000 	/usr/lib/libfakelink.dylib
0x00000001ab713000 	/System/Library/Frameworks/CFNetwork.framework/Versions/A/CFNetwork
0x00000001b261a000 	/usr/lib/libarchive.2.dylib
0x00000001b6aee000 	/System/Library/Frameworks/Combine.framework/Versions/A/Combine
0x00000001b4bc4000 	/usr/lib/swift/libswiftCore.dylib
0x00000001c8386000 	/usr/lib/swift/libswiftCoreFoundation.dylib
0x00000001c6286000 	/usr/lib/swift/libswiftDarwin.dylib
0x00000001ba0a0000 	/usr/lib/swift/libswiftDispatch.dylib
0x00000001c83a7000 	/usr/lib/swift/libswiftIOKit.dylib
0x00000001bc4a7000 	/usr/lib/swift/libswiftObjectiveC.dylib
0x00000001c839a000 	/usr/lib/swift/libswiftXPC.dylib
0x000000022ef0f000 	/usr/lib/swift/libswift_Concurrency.dylib
0x000000022f061000 	/usr/lib/swift/libswift_StringProcessing.dylib
0x00000001bc4ab000 	/usr/lib/swift/libswiftos.dylib
0x00000001aa003000 	/System/Library/PrivateFrameworks/CoreServicesInternal.framework/Versions/A/CoreServicesInternal
0x00000001b1b71000 	/usr/lib/libbsm.0.dylib
0x00000001b2470000 	/usr/lib/system/libkxld.dylib
0x00000001aec1d000 	/System/Library/Frameworks/CoreServices.framework/Versions/A/Frameworks/FSEvents.framework/Versions/A/FSEvents
0x00000001a9cfb000 	/System/Library/Frameworks/CoreServices.framework/Versions/A/Frameworks/CarbonCore.framework/Versions/A/CarbonCore
0x00000001ae176000 	/System/Library/Frameworks/CoreServices.framework/Versions/A/Frameworks/Metadata.framework/Versions/A/Metadata
0x00000001b2181000 	/System/Library/Frameworks/CoreServices.framework/Versions/A/Frameworks/OSServices.framework/Versions/A/OSServices
0x00000001b26a1000 	/System/Library/Frameworks/CoreServices.framework/Versions/A/Frameworks/SearchKit.framework/Versions/A/SearchKit
0x00000001ad2a5000 	/System/Library/Frameworks/CoreServices.framework/Versions/A/Frameworks/AE.framework/Versions/A/AE
0x00000001a73f4000 	/System/Library/Frameworks/CoreServices.framework/Versions/A/Frameworks/LaunchServices.framework/Versions/A/LaunchServices
0x00000001b2d18000 	/System/Library/Frameworks/CoreServices.framework/Versions/A/Frameworks/DictionaryServices.framework/Versions/A/DictionaryServices
0x00000001aec2a000 	/System/Library/Frameworks/CoreServices.framework/Versions/A/Frameworks/SharedFileList.framework/Versions/A/SharedFileList
0x00000001b2740000 	/usr/lib/libapple_nghttp2.dylib
0x00000001ab70f000 	/usr/lib/libnetwork.dylib
0x00000001acf2a000 	/usr/lib/libsqlite3.dylib
0x00000001ad32b000 	/System/Library/Frameworks/Network.framework/Versions/A/Network
0x000000022e095000 	/usr/lib/libCoreEntitlements.dylib
0x000000021afa2000 	/System/Library/PrivateFrameworks/MessageSecurity.framework/Versions/A/MessageSecurity
0x00000001acf10000 	/System/Library/PrivateFrameworks/ProtocolBuffer.framework/Versions/A/ProtocolBuffer
0x00000001b215d000 	/System/Library/PrivateFrameworks/AppleFSCompression.framework/Versions/A/AppleFSCompression
0x00000001b1b59000 	/usr/lib/libcoretls.dylib
0x00000001b2d88000 	/usr/lib/libcoretls_cfhelpers.dylib
0x00000001b276d000 	/usr/lib/libpam.2.dylib
0x00000001b2dee000 	/usr/lib/libxar.1.dylib
0x00000001b31b9000 	/usr/lib/libheimdal-asn1.dylib
0x00000001b24e0000 	/usr/lib/libpcap.A.dylib
0x00000001ad318000 	/usr/lib/libdns_services.dylib
0x00000001b107c000 	/System/Library/PrivateFrameworks/AppleSystemInfo.framework/Versions/A/AppleSystemInfo
0x00000001b184e000 	/System/Library/PrivateFrameworks/IOMobileFramebuffer.framework/Versions/A/IOMobileFramebuffer
0x00000001b216e000 	/usr/lib/libbz2.1.0.dylib
0x00000001b1b49000 	/usr/lib/libCheckFix.dylib
0x00000001abb6b000 	/System/Library/PrivateFrameworks/TCC.framework/Versions/A/TCC
0x00000001b1082000 	/System/Library/PrivateFrameworks/CoreNLP.framework/Versions/A/CoreNLP
0x00000001ae135000 	/System/Library/PrivateFrameworks/MetadataUtilities.framework/Versions/A/MetadataUtilities
0x00000001b1b82000 	/usr/lib/libmecab.dylib
0x00000001a7b9b000 	/usr/lib/libCRFSuite.dylib
0x00000001b1bdf000 	/usr/lib/libgermantok.dylib
0x00000001b2719000 	/usr/lib/libThaiTokenizer.dylib
0x00000001ae218000 	/System/Library/Frameworks/Accelerate.framework/Versions/A/Frameworks/vImage.framework/Versions/A/vImage
0x00000001b8b5b000 	/System/Library/Frameworks/Accelerate.framework/Versions/A/Frameworks/vecLib.framework/Versions/A/vecLib
0x00000001b2e34000 	/System/Library/Frameworks/Accelerate.framework/Versions/A/Frameworks/vecLib.framework/Versions/A/libvMisc.dylib
0x00000001b174e000 	/System/Library/Frameworks/Accelerate.framework/Versions/A/Frameworks/vecLib.framework/Versions/A/libvDSP.dylib
0x00000001a77a7000 	/System/Library/Frameworks/Accelerate.framework/Versions/A/Frameworks/vecLib.framework/Versions/A/libBLAS.dylib
0x00000001b2844000 	/System/Library/Frameworks/Accelerate.framework/Versions/A/Frameworks/vecLib.framework/Versions/A/libLAPACK.dylib
0x00000001b1be2000 	/System/Library/Frameworks/Accelerate.framework/Versions/A/Frameworks/vecLib.framework/Versions/A/libLinearAlgebra.dylib
0x00000001b2758000 	/System/Library/Frameworks/Accelerate.framework/Versions/A/Frameworks/vecLib.framework/Versions/A/libSparseBLAS.dylib
0x00000001b283f000 	/System/Library/Frameworks/Accelerate.framework/Versions/A/Frameworks/vecLib.framework/Versions/A/libQuadrature.dylib
0x00000001b117b000 	/System/Library/Frameworks/Accelerate.framework/Versions/A/Frameworks/vecLib.framework/Versions/A/libBNNS.dylib
0x00000001a7aaa000 	/System/Library/Frameworks/Accelerate.framework/Versions/A/Frameworks/vecLib.framework/Versions/A/libSparse.dylib
0x000000021a30e000 	/System/Library/PrivateFrameworks/MIL.framework/Versions/A/MIL
0x00000001b2515000 	/usr/lib/libiconv.2.dylib
0x00000001b2469000 	/usr/lib/libcharset.1.dylib
0x00000001aebfd000 	/System/Library/Frameworks/OpenDirectory.framework/Versions/A/Frameworks/CFOpenDirectory.framework/Versions/A/CFOpenDirectory
0x00000001aebed000 	/System/Library/Frameworks/OpenDirectory.framework/Versions/A/OpenDirectory
0x00000001b2d8a000 	/System/Library/PrivateFrameworks/APFS.framework/Versions/A/APFS
0x00000001b1a84000 	/System/Library/Frameworks/SecurityFoundation.framework/Versions/A/SecurityFoundation
0x00000001b2dfd000 	/usr/lib/libutil.dylib
0x0000000219406000 	/System/Library/PrivateFrameworks/InstalledContentLibrary.framework/Versions/A/InstalledContentLibrary
0x00000001aa041000 	/System/Library/PrivateFrameworks/CoreServicesStore.framework/Versions/A/CoreServicesStore
0x00000002104da000 	/System/Library/PrivateFrameworks/AppleMobileFileIntegrity.framework/Versions/A/AppleMobileFileIntegrity
0x00000001c8365000 	/usr/lib/libmis.dylib
0x00000001d6168000 	/System/Library/PrivateFrameworks/MobileSystemServices.framework/Versions/A/MobileSystemServices
0x00000001f0545000 	/System/Library/PrivateFrameworks/ConfigProfileHelper.framework/Versions/A/ConfigProfileHelper
0x00000001b271b000 	/System/Library/PrivateFrameworks/AppleSauce.framework/Versions/A/AppleSauce
0x00000001a8880000 	/System/Library/PrivateFrameworks/LanguageModeling.framework/Versions/A/LanguageModeling
0x00000001b2e01000 	/usr/lib/libxslt.1.dylib
0x00000001b2608000 	/usr/lib/libcmph.dylib
0x00000001b183b000 	/System/Library/PrivateFrameworks/CoreEmoji.framework/Versions/A/CoreEmoji
0x00000001b1175000 	/System/Library/PrivateFrameworks/LinguisticData.framework/Versions/A/LinguisticData
0x00000001a7a62000 	/System/Library/PrivateFrameworks/Lexicon.framework/Versions/A/Lexicon
0x00000001b1b17000 	/System/Library/PrivateFrameworks/BackgroundTaskManagement.framework/Versions/A/BackgroundTaskManagement
0x000000022e234000 	/usr/lib/libTLE.dylib
0x000000022efac000 	/usr/lib/swift/libswift_RegexParser.dylib
0x00000001b3a68000 	/System/Library/PrivateFrameworks/AppleJPEG.framework/Versions/A/AppleJPEG
0x00000001b319e000 	/usr/lib/libexpat.1.dylib
0x00000001b4029000 	/System/Library/Frameworks/ImageIO.framework/Versions/A/Resources/libPng.dylib
0x00000001b4054000 	/System/Library/Frameworks/ImageIO.framework/Versions/A/Resources/libTIFF.dylib
0x00000001b413d000 	/System/Library/Frameworks/ImageIO.framework/Versions/A/Resources/libGIF.dylib
0x00000001b3aad000 	/System/Library/Frameworks/ImageIO.framework/Versions/A/Resources/libJP2.dylib
0x00000001b40e1000 	/System/Library/Frameworks/ImageIO.framework/Versions/A/Resources/libJPEG.dylib
0x00000001b40d8000 	/System/Library/Frameworks/ImageIO.framework/Versions/A/Resources/libRadiance.dylib
0x00000001b0466000 	/System/Library/PrivateFrameworks/FontServices.framework/libFontParser.dylib
0x00000001ad247000 	/System/Library/PrivateFrameworks/RunningBoardServices.framework/Versions/A/RunningBoardServices
0x00000001be9c9000 	/System/Library/PrivateFrameworks/IOSurfaceAccelerator.framework/Versions/A/IOSurfaceAccelerator
0x00000001b3b9f000 	/System/Library/PrivateFrameworks/WatchdogClient.framework/Versions/A/WatchdogClient
0x00000001a89f9000 	/System/Library/Frameworks/CoreDisplay.framework/Versions/A/CoreDisplay
0x00000001b0341000 	/System/Library/Frameworks/CoreMedia.framework/Versions/A/CoreMedia
0x00000001b0141000 	/System/Library/PrivateFrameworks/IOAccelerator.framework/Versions/A/IOAccelerator
0x00000001aed8e000 	/System/Library/Frameworks/CoreVideo.framework/Versions/A/CoreVideo
0x00000001b276b000 	/System/Library/Frameworks/MetalPerformanceShaders.framework/Versions/A/MetalPerformanceShaders
0x00000001b3bde000 	/System/Library/Frameworks/VideoToolbox.framework/Versions/A/VideoToolbox
0x00000001ad18b000 	/System/Library/PrivateFrameworks/BaseBoard.framework/Versions/A/BaseBoard
0x00000001b40d3000 	/System/Library/PrivateFrameworks/GPUWrangler.framework/Versions/A/GPUWrangler
0x00000001b40b3000 	/System/Library/PrivateFrameworks/IOPresentment.framework/Versions/A/IOPresentment
0x00000001b40db000 	/System/Library/PrivateFrameworks/DSExternalDisplay.framework/Versions/A/DSExternalDisplay
0x0000000215c60000 	/System/Library/PrivateFrameworks/GPUCompiler.framework/Versions/31001/Libraries/libllvm-flatbuffers.dylib
0x00000001f51f8000 	/System/Library/Frameworks/OpenGL.framework/Versions/A/Libraries/libCoreFSCache.dylib
0x0000000215c5c000 	/System/Library/PrivateFrameworks/GPUCompiler.framework/Versions/31001/Libraries/libGPUCompilerUtils.dylib
0x00000001b4143000 	/System/Library/PrivateFrameworks/CMCaptureCore.framework/Versions/A/CMCaptureCore
0x000000020a78d000 	/System/Library/Frameworks/ExtensionFoundation.framework/Versions/A/ExtensionFoundation
0x00000001ba845000 	/System/Library/PrivateFrameworks/CoreTime.framework/Versions/A/CoreTime
0x00000001b375b000 	/System/Library/PrivateFrameworks/AppServerSupport.framework/Versions/A/AppServerSupport
0x00000001b5adc000 	/System/Library/PrivateFrameworks/perfdata.framework/Versions/A/perfdata
0x00000001a8b19000 	/System/Library/PrivateFrameworks/AudioToolboxCore.framework/Versions/A/AudioToolboxCore
0x00000001b0317000 	/System/Library/PrivateFrameworks/caulk.framework/Versions/A/caulk
0x00000001b5399000 	/usr/lib/libAudioStatistics.dylib
0x00000001c77a1000 	/System/Library/PrivateFrameworks/SystemPolicy.framework/Versions/A/SystemPolicy
0x00000001b563b000 	/usr/lib/libSMC.dylib
0x00000001be175000 	/System/Library/Frameworks/CoreMIDI.framework/Versions/A/CoreMIDI
0x00000001b3ff6000 	/usr/lib/libAudioToolboxUtility.dylib
0x00000001c3559000 	/System/Library/PrivateFrameworks/OSAServicesClient.framework/Versions/A/OSAServicesClient
0x00000001b5ae9000 	/usr/lib/libperfcheck.dylib
0x00000001b3089000 	/System/Library/PrivateFrameworks/PlugInKit.framework/Versions/A/PlugInKit
0x00000001b1a76000 	/System/Library/PrivateFrameworks/AssertionServices.framework/Versions/A/AssertionServices
0x00000001f525a000 	/System/Library/Frameworks/OpenGL.framework/Versions/A/Libraries/libGLU.dylib
0x00000001f5219000 	/System/Library/Frameworks/OpenGL.framework/Versions/A/Libraries/libGFXShared.dylib
0x00000001f5400000 	/System/Library/Frameworks/OpenGL.framework/Versions/A/Libraries/libGL.dylib
0x00000001f5222000 	/System/Library/Frameworks/OpenGL.framework/Versions/A/Libraries/libGLImage.dylib
0x00000001f5216000 	/System/Library/Frameworks/OpenGL.framework/Versions/A/Libraries/libCVMSPluginSupport.dylib
0x000000022e213000 	/usr/lib/libRosetta.dylib
0x00000001f51ff000 	/System/Library/Frameworks/OpenGL.framework/Versions/A/Libraries/libCoreVMClient.dylib
0x00000001b0ff9000 	/System/Library/Frameworks/MetalPerformanceShaders.framework/Versions/A/Frameworks/MPSCore.framework/Versions/A/MPSCore
0x00000001b20d3000 	/System/Library/Frameworks/MetalPerformanceShaders.framework/Versions/A/Frameworks/MPSImage.framework/Versions/A/MPSImage
0x00000001b1bf7000 	/System/Library/Frameworks/MetalPerformanceShaders.framework/Versions/A/Frameworks/MPSNeuralNetwork.framework/Versions/A/MPSNeuralNetwork
0x00000001b1fe3000 	/System/Library/Frameworks/MetalPerformanceShaders.framework/Versions/A/Frameworks/MPSMatrix.framework/Versions/A/MPSMatrix
0x00000001b1df5000 	/System/Library/Frameworks/MetalPerformanceShaders.framework/Versions/A/Frameworks/MPSRayIntersector.framework/Versions/A/MPSRayIntersector
0x00000001b2011000 	/System/Library/Frameworks/MetalPerformanceShaders.framework/Versions/A/Frameworks/MPSNDArray.framework/Versions/A/MPSNDArray
0x000000020bb46000 	/System/Library/Frameworks/MetalPerformanceShaders.framework/Versions/A/Frameworks/MPSFunctions.framework/Versions/A/MPSFunctions
0x00000001a766d000 	/System/Library/PrivateFrameworks/MetalTools.framework/Versions/A/MetalTools
0x00000001b107a000 	/System/Library/PrivateFrameworks/AggregateDictionary.framework/Versions/A/AggregateDictionary
0x00000001b2f42000 	/usr/lib/libIOReport.dylib
0x00000001bd36b000 	/System/Library/PrivateFrameworks/ASEProcessing.framework/Versions/A/ASEProcessing
0x00000001b32f9000 	/System/Library/PrivateFrameworks/GraphVisualizer.framework/Versions/A/GraphVisualizer
0x0000000215b6d000 	/System/Library/PrivateFrameworks/FontServices.framework/Versions/A/FontServices
0x00000001b3719000 	/System/Library/PrivateFrameworks/OTSVG.framework/Versions/A/OTSVG
0x00000001ae941000 	/System/Library/Frameworks/ApplicationServices.framework/Versions/A/Frameworks/ATS.framework/Versions/A/Resources/libFontRegistry.dylib
0x00000001b3765000 	/System/Library/PrivateFrameworks/FontServices.framework/libhvf.dylib
0x0000000215b6e000 	/System/Library/PrivateFrameworks/FontServices.framework/libXTFontStaticRegistryData.dylib
0x0000000227592000 	/System/Library/PrivateFrameworks/VideoToolboxParavirtualizationSupport.framework/Versions/A/VideoToolboxParavirtualizationSupport
0x00000001b3152000 	/System/Library/PrivateFrameworks/AppleVA.framework/Versions/A/AppleVA
0x00000001b53d9000 	/System/Library/Frameworks/ApplicationServices.framework/Versions/A/Frameworks/ATS.framework/Versions/A/ATS
0x00000001ac6dd000 	/System/Library/Frameworks/ApplicationServices.framework/Versions/A/Frameworks/HIServices.framework/Versions/A/HIServices
0x00000001b414f000 	/System/Library/Frameworks/ApplicationServices.framework/Versions/A/Frameworks/PrintCore.framework/Versions/A/PrintCore
0x00000001b5794000 	/System/Library/Frameworks/ApplicationServices.framework/Versions/A/Frameworks/QD.framework/Versions/A/QD
0x00000001b5788000 	/System/Library/Frameworks/ApplicationServices.framework/Versions/A/Frameworks/ColorSyncLegacy.framework/Versions/A/ColorSyncLegacy
0x00000001b53ad000 	/System/Library/Frameworks/ApplicationServices.framework/Versions/A/Frameworks/SpeechSynthesis.framework/Versions/A/SpeechSynthesis
0x00000001b410d000 	/System/Library/Frameworks/ApplicationServices.framework/Versions/A/Frameworks/ATSUI.framework/Versions/A/ATSUI
0x00000001b571b000 	/usr/lib/libcups.2.dylib
0x00000001b5af7000 	/System/Library/Frameworks/Kerberos.framework/Versions/A/Kerberos
0x00000001b5b08000 	/System/Library/Frameworks/GSS.framework/Versions/A/GSS
0x00000001b544b000 	/usr/lib/libresolv.9.dylib
0x00000001b3775000 	/System/Library/PrivateFrameworks/Heimdal.framework/Versions/A/Heimdal
0x00000001bc42a000 	/System/Library/Frameworks/Kerberos.framework/Versions/A/Libraries/libHeimdalProxy.dylib
0x00000001b5b58000 	/System/Library/PrivateFrameworks/CommonAuth.framework/Versions/A/CommonAuth
0x00000001f6458000 	/System/Library/Frameworks/AVFAudio.framework/Versions/A/AVFAudio
0x00000001c35a8000 	/System/Library/PrivateFrameworks/AXCoreUtilities.framework/Versions/A/AXCoreUtilities
0x00000001b5325000 	/System/Library/PrivateFrameworks/AudioSession.framework/Versions/A/AudioSession
0x00000001b68a7000 	/System/Library/Frameworks/IOBluetooth.framework/Versions/A/IOBluetooth
0x00000001b3253000 	/System/Library/PrivateFrameworks/MediaExperience.framework/Versions/A/MediaExperience
0x00000001b51c0000 	/System/Library/PrivateFrameworks/AudioSession.framework/libSessionUtility.dylib
0x00000001b57a0000 	/System/Library/PrivateFrameworks/AudioResourceArbitration.framework/Versions/A/AudioResourceArbitration
0x00000001b977a000 	/System/Library/PrivateFrameworks/PowerLog.framework/Versions/A/PowerLog
0x00000001b96bd000 	/System/Library/Frameworks/CoreBluetooth.framework/Versions/A/CoreBluetooth
0x00000001bc42b000 	/System/Library/Frameworks/AudioUnit.framework/Versions/A/AudioUnit
0x00000001b18d9000 	/System/Library/PrivateFrameworks/CoreUtils.framework/Versions/A/CoreUtils
0x00000002145a2000 	/System/Library/PrivateFrameworks/CoreUtilsExtras.framework/Versions/A/CoreUtilsExtras
0x00000002192a4000 	/System/Library/PrivateFrameworks/IO80211.framework/Versions/A/IO80211
0x00000001b31c3000 	/System/Library/PrivateFrameworks/IconFoundation.framework/Versions/A/IconFoundation
0x00000001b878d000 	/System/Library/PrivateFrameworks/SpeechRecognitionCore.framework/Versions/A/SpeechRecognitionCore
0x0000000105544000 	/Users/yannickpulver/Library/Java/JavaVirtualMachines/azul-15.0.8/Contents/Home/lib/server/libjvm.dylib
0x00000001046b4000 	/Users/yannickpulver/Library/Java/JavaVirtualMachines/azul-15.0.8/Contents/Home/lib/libjimage.dylib
0x0000000104790000 	/Users/yannickpulver/Library/Java/JavaVirtualMachines/azul-15.0.8/Contents/Home/lib/libjdwp.dylib
0x00000001047d8000 	/Users/yannickpulver/Library/Java/JavaVirtualMachines/azul-15.0.8/Contents/Home/lib/libjava.dylib
0x0000000104760000 	/Users/yannickpulver/Library/Java/JavaVirtualMachines/azul-15.0.8/Contents/Home/lib/libinstrument.dylib
0x0000000104778000 	/Users/yannickpulver/Library/Java/JavaVirtualMachines/azul-15.0.8/Contents/Home/lib/libzip.dylib
0x00000001052c0000 	/Users/yannickpulver/Library/Java/JavaVirtualMachines/azul-15.0.8/Contents/Home/lib/libdt_socket.dylib
0x0000000105500000 	/Users/yannickpulver/Library/Java/JavaVirtualMachines/azul-15.0.8/Contents/Home/lib/libnio.dylib
0x0000000105520000 	/Users/yannickpulver/Library/Java/JavaVirtualMachines/azul-15.0.8/Contents/Home/lib/libnet.dylib
0x0000000127f00000 	/Users/yannickpulver/Library/Java/JavaVirtualMachines/azul-15.0.8/Contents/Home/lib/libawt.dylib
0x0000000134700000 	/Users/yannickpulver/Library/Java/JavaVirtualMachines/azul-15.0.8/Contents/Home/lib/libmlib_image.dylib
0x000000020ad65000 	/System/Library/Frameworks/JavaRuntimeSupport.framework/Versions/A/JavaRuntimeSupport
0x00000001c71b9000 	/System/Library/Frameworks/Carbon.framework/Versions/A/Carbon
0x00000001ba76b000 	/System/Library/PrivateFrameworks/CoreSymbolication.framework/Versions/A/CoreSymbolication
0x00000001bfed7000 	/System/Library/Frameworks/Carbon.framework/Versions/A/Frameworks/CommonPanels.framework/Versions/A/CommonPanels
0x00000001bbdbf000 	/System/Library/Frameworks/Carbon.framework/Versions/A/Frameworks/Help.framework/Versions/A/Help
0x00000001bfedb000 	/System/Library/Frameworks/Carbon.framework/Versions/A/Frameworks/ImageCapture.framework/Versions/A/ImageCapture
0x00000001bfea7000 	/System/Library/Frameworks/Carbon.framework/Versions/A/Frameworks/OpenScripting.framework/Versions/A/OpenScripting
0x00000001bfed3000 	/System/Library/Frameworks/Carbon.framework/Versions/A/Frameworks/Ink.framework/Versions/A/Ink
0x00000001c71b5000 	/System/Library/Frameworks/Carbon.framework/Versions/A/Frameworks/Print.framework/Versions/A/Print
0x00000001bfecf000 	/System/Library/Frameworks/Carbon.framework/Versions/A/Frameworks/SecurityHI.framework/Versions/A/SecurityHI
0x00000001ba72c000 	/System/Library/PrivateFrameworks/DebugSymbols.framework/Versions/A/DebugSymbols
0x00000001368d8000 	/Users/yannickpulver/Library/Java/JavaVirtualMachines/azul-15.0.8/Contents/Home/lib/libawt_lwawt.dylib
0x0000000127994000 	/Users/yannickpulver/Library/Java/JavaVirtualMachines/azul-15.0.8/Contents/Home/lib/libosxapp.dylib
0x00000001c62f9000 	/System/Library/Frameworks/ExceptionHandling.framework/Versions/A/ExceptionHandling
0x0000000136b20000 	/Users/yannickpulver/Library/Java/JavaVirtualMachines/azul-15.0.8/Contents/Home/lib/libfontmanager.dylib
0x00000001369b4000 	/Users/yannickpulver/Library/Java/JavaVirtualMachines/azul-15.0.8/Contents/Home/lib/libfreetype.dylib
0x00000001b99ca000 	/System/Library/Frameworks/FileProvider.framework/Versions/A/FileProvider
0x00000001ad0f3000 	/System/Library/Frameworks/Accounts.framework/Versions/A/Accounts
0x00000001aee2c000 	/System/Library/PrivateFrameworks/UserManagement.framework/Versions/A/UserManagement
0x00000001b9b51000 	/System/Library/PrivateFrameworks/GenerationalStorage.framework/Versions/A/GenerationalStorage
0x00000001b976e000 	/System/Library/PrivateFrameworks/SymptomDiagnosticReporter.framework/Versions/A/SymptomDiagnosticReporter
0x00000001ab27e000 	/System/Library/PrivateFrameworks/DesktopServicesPriv.framework/Versions/A/DesktopServicesPriv
0x00000001aa16a000 	/usr/lib/libsandbox.1.dylib
0x00000001b577b000 	/System/Library/PrivateFrameworks/NetAuth.framework/Versions/A/NetAuth
0x00000001b671f000 	/System/Library/PrivateFrameworks/Sharing.framework/Versions/A/Sharing
0x00000001aedf0000 	/System/Library/PrivateFrameworks/login.framework/Versions/A/Frameworks/loginsupport.framework/Versions/A/loginsupport
0x00000001bb968000 	/System/Library/PrivateFrameworks/Apple80211.framework/Versions/A/Apple80211
0x00000001b21b4000 	/System/Library/PrivateFrameworks/AuthKit.framework/Versions/A/AuthKit
0x00000001b185b000 	/System/Library/Frameworks/CoreWLAN.framework/Versions/A/CoreWLAN
0x00000001bb96c000 	/System/Library/PrivateFrameworks/CoreWiFi.framework/Versions/A/CoreWiFi
0x00000001e9f0e000 	/System/Library/PrivateFrameworks/WiFiPeerToPeer.framework/Versions/A/WiFiPeerToPeer
0x00000001ba2e6000 	/System/Library/PrivateFrameworks/FrontBoardServices.framework/Versions/A/FrontBoardServices
0x00000001ba381000 	/System/Library/PrivateFrameworks/BoardServices.framework/Versions/A/BoardServices
0x00000001bbac6000 	/System/Library/PrivateFrameworks/BackBoardServices.framework/Versions/A/BackBoardServices
0x00000001b2307000 	/System/Library/Frameworks/UserNotifications.framework/Versions/A/UserNotifications
0x00000001b5c51000 	/System/Library/PrivateFrameworks/CorePhoneNumbers.framework/Versions/A/CorePhoneNumbers
0x00000001b5478000 	/System/Library/PrivateFrameworks/MultiverseSupport.framework/Versions/A/MultiverseSupport
0x00000001bbd4f000 	/System/Library/PrivateFrameworks/RemoteServiceDiscovery.framework/Versions/A/RemoteServiceDiscovery
0x00000001b989a000 	/System/Library/PrivateFrameworks/DiskManagement.framework/Versions/A/DiskManagement
0x00000001b97a1000 	/System/Library/PrivateFrameworks/AppleIDAuthSupport.framework/Versions/A/AppleIDAuthSupport
0x000000020e854000 	/System/Library/PrivateFrameworks/AAAFoundation.framework/Versions/A/AAAFoundation
0x00000001b5c29000 	/System/Library/PrivateFrameworks/KeychainCircle.framework/Versions/A/KeychainCircle
0x00000001bbd63000 	/System/Library/PrivateFrameworks/RemoteXPC.framework/Versions/A/RemoteXPC
0x00000001b9866000 	/System/Library/PrivateFrameworks/MediaKit.framework/Versions/A/MediaKit
0x00000001b97ae000 	/System/Library/Frameworks/DiscRecording.framework/Versions/A/DiscRecording
0x00000001b30ce000 	/usr/lib/libCoreStorage.dylib
0x00000001bbdcb000 	/usr/lib/libcsfde.dylib
0x00000001b697c000 	/System/Library/PrivateFrameworks/ProtectedCloudStorage.framework/Versions/A/ProtectedCloudStorage
0x00000001bbdc3000 	/System/Library/PrivateFrameworks/EFILogin.framework/Versions/A/EFILogin
0x00000001b9b77000 	/System/Library/PrivateFrameworks/OctagonTrust.framework/Versions/A/OctagonTrust
0x00000001b30c6000 	/usr/lib/libMatch.1.dylib
0x00000001cfc8f000 	/System/Library/CoreServices/RawCamera.bundle/Contents/MacOS/RawCamera
0x00000001b5b69000 	/System/Library/PrivateFrameworks/MobileAsset.framework/Versions/A/MobileAsset
0x00000001cd576000 	/System/Library/PrivateFrameworks/SoftwareUpdateCoreSupport.framework/Versions/A/SoftwareUpdateCoreSupport
0x00000001d35c1000 	/System/Library/PrivateFrameworks/SoftwareUpdateCoreConnect.framework/Versions/A/SoftwareUpdateCoreConnect
0x00000001bc451000 	/System/Library/PrivateFrameworks/StreamingZip.framework/Versions/A/StreamingZip
0x00000001cd218000 	/System/Library/PrivateFrameworks/MSUDataAccessor.framework/Versions/A/MSUDataAccessor
0x00000001c9ad0000 	/usr/lib/libbootpolicy.dylib
0x00000001d9d37000 	/usr/lib/libpartition2_dynamic.dylib
0x000000021105d000 	/System/Library/PrivateFrameworks/CMPhoto.framework/Versions/A/CMPhoto
0x00000001b435e000 	/System/Library/Frameworks/MediaToolbox.framework/Versions/A/MediaToolbox
0x00000001b9996000 	/System/Library/PrivateFrameworks/CoreAVCHD.framework/Versions/A/CoreAVCHD
0x00000001b8e7b000 	/System/Library/Frameworks/MediaAccessibility.framework/Versions/A/MediaAccessibility
0x00000001b9992000 	/System/Library/PrivateFrameworks/Mangrove.framework/Versions/A/Mangrove
0x00000001b9986000 	/System/Library/PrivateFrameworks/CoreAUC.framework/Versions/A/CoreAUC
0x00000001ccbf0000 	/System/Library/Frameworks/Accelerate.framework/Versions/A/Frameworks/vImage.framework/Versions/A/Libraries/libCGInterfaces.dylib
0x0000000136ad8000 	/usr/lib/libobjc-trampolines.dylib
0x000000022df6b000 	/usr/lib/libAccessibilityBaseImplementations.dylib
0x00000001aead9000 	/System/Library/PrivateFrameworks/ViewBridge.framework/Versions/A/ViewBridge
0x00000001f540a000 	/System/Library/Frameworks/OpenGL.framework/Versions/A/Resources/GLEngine.bundle/GLEngine
0x00000001f5294000 	/System/Library/Frameworks/OpenGL.framework/Versions/A/Libraries/libGLProgrammability.dylib
0x000000014a718000 	/System/Library/Extensions/AppleMetalOpenGLRenderer.bundle/Contents/MacOS/AppleMetalOpenGLRenderer
0x00000001f5578000 	/System/Library/Frameworks/OpenGL.framework/Versions/A/Resources/GLRendererFloat.bundle/GLRendererFloat
0x00000001f11a4000 	/System/Library/Extensions/AGXMetalG13X.bundle/Contents/MacOS/AGXMetalG13X
0x00000001c8379000 	/System/Library/PrivateFrameworks/GPURawCounter.framework/Versions/A/GPURawCounter
0x00000001c266b000 	/System/Library/PrivateFrameworks/IOGPU.framework/Versions/A/IOGPU
0x00000001b3838000 	/System/Library/PrivateFrameworks/login.framework/Versions/A/login
0x0000000160000000 	/Users/yannickpulver/.skiko/eddac0b05be6f1854f16a41f355e8a1b6c741f6c3188ace721c66e205cd66108/libskiko-macos-arm64.dylib
0x000000014dba4000 	/Users/yannickpulver/Library/Java/JavaVirtualMachines/azul-15.0.8/Contents/Home/lib/libosxui.dylib
0x000000014fe08000 	/Users/yannickpulver/Library/Java/JavaVirtualMachines/azul-15.0.8/Contents/Home/lib/libjawt.dylib
0x000000014fe2c000 	/Users/yannickpulver/Library/Java/JavaVirtualMachines/azul-15.0.8/Contents/Home/lib/libprefs.dylib
0x000000014fe40000 	/Users/yannickpulver/Library/Java/JavaVirtualMachines/azul-15.0.8/Contents/Home/lib/libextnet.dylib


VM Arguments:
jvm_args: -agentlib:jdwp=transport=dt_socket,address=127.0.0.1:62269,suspend=y,server=n -Djava.library.path=/Users/yannickpulver/Code/appswithlove/toggl-to-float-compose/toggl-to-float-compose/build/classes/kotlin/jvm/main:/Users/yannickpulver/Code/appswithlove/toggl-to-float-compose/toggl-to-float-compose/build/processedResources/jvm/main -javaagent:/Users/yannickpulver/.gradle/caches/modules-2/files-2.1/org.jetbrains.kotlinx/kotlinx-coroutines-core-jvm/1.6.4/2c997cd1c0ef33f3e751d3831929aeff1390cb30/kotlinx-coroutines-core-jvm-1.6.4.jar -javaagent:/Users/yannickpulver/Library/Caches/JetBrains/IntelliJIdea2022.1/captureAgent/debugger-agent.jar=file:/private/var/folders/m3/kcckgp0x4gqflc6d8q41w7sc0000gn/T/capture.props -Dfile.encoding=UTF-8 
java_command: com.appswithlove.MainKt
java_class_path (initial): /Users/yannickpulver/Code/appswithlove/toggl-to-float-compose/toggl-to-float-compose/build/classes/kotlin/jvm/main:/Users/yannickpulver/Code/appswithlove/toggl-to-float-compose/toggl-to-float-compose/build/processedResources/jvm/main:/Users/yannickpulver/.gradle/caches/modules-2/files-2.1/org.jetbrains.kotlin/kotlin-stdlib-jdk8/1.7.20/eac6656981d9d7156e838467d2d8d79093b1570/kotlin-stdlib-jdk8-1.7.20.jar:/Users/yannickpulver/.gradle/caches/modules-2/files-2.1/io.ktor/ktor-client-cio-jvm/2.1.0/c1c9e03308de6ba4a136f6524bfead85f1a749c9/ktor-client-cio-jvm-2.1.0.jar:/Users/yannickpulver/.gradle/caches/modules-2/files-2.1/io.ktor/ktor-client-core-jvm/2.1.0/9f817ae55e463f27d885ef051ff88e4c2acea7da/ktor-client-core-jvm-2.1.0.jar:/Users/yannickpulver/.gradle/caches/modules-2/files-2.1/ca.gosyer/compose-material-dialogs-datetime-jvm/0.8.0/159ea4a81928a7e8ee0e5641536f5b3128f353b6/datetime-jvm-0.8.0.jar:/Users/yannickpulver/.gradle/caches/modules-2/files-2.1/org.jetbrains.kotlin/kotlin-stdlib-jdk7/1.7.20/2a729aa8763306368e665e2b747abd1dfd29b9d5/kotlin-stdlib-jdk7-1.7.20.jar:/Users/yannickpulver/.gradle/caches/modules-2/files-2.1/org.jetbrains.skiko/skiko-awt-runtime-macos-arm64/0.7.34/3f7fe53a3c9c0c96dbe07c22ba4a38234ff13487/skiko-awt-runtime-macos-arm64-0.7.34.jar:/Users/yannickpulver/.gradle/caches/modules-2/files-2.1/org.jetbrains.kotlin/kotlin-stdlib/1.7.20/726594ea9ba2beb2ee113647fefa9a10f9fabe52/kotlin-stdlib-1.7.20.jar:/Users/yannickpulver/.gradle/caches/modules-2/files-2.1/org.jetbrains.kotlinx/kotlinx-serialization-json-jvm/1.3.3/6298c404c1159685fb657f15fa5b78630da58c96/kotlinx-serialization-json-jvm-1.3.3.jar:/Users/yannickpulver/.gradle/caches/modules-2/files-2.1/org.jetbrains.kotlinx/kotlinx-datetime-jvm/0.4.0/2224732fcb9b6116fbeb0926dd108604e578356b/kotlinx-datetime-jvm-0.4.0.jar:/Users/yannickpulver/.gradle/caches/modules-2/files-2.1/org.jetbrains.kotlinx/kotlinx-coroutines-jdk8/1.6.4/5bc4b0bf6fd90fc190fd2f17e919c74c6274cb71/kotlinx-co
Launcher Type: SUN_STANDARD

[Global flags]
     intx CICompilerCount                          = 4                                         {product} {ergonomic}
     uint ConcGCThreads                            = 2                                         {product} {ergonomic}
     uint G1ConcRefinementThreads                  = 9                                         {product} {ergonomic}
   size_t G1HeapRegionSize                         = 4194304                                   {product} {ergonomic}
    uintx GCDrainStackTargetSize                   = 64                                        {product} {ergonomic}
   size_t InitialHeapSize                          = 536870912                                 {product} {ergonomic}
   size_t MarkStackSize                            = 4194304                                   {product} {ergonomic}
   size_t MaxHeapSize                              = 8589934592                                {product} {ergonomic}
   size_t MaxNewSize                               = 5150605312                                {product} {ergonomic}
   size_t MinHeapDeltaBytes                        = 4194304                                   {product} {ergonomic}
   size_t MinHeapSize                              = 8388608                                   {product} {ergonomic}
    uintx NonNMethodCodeHeapSize                   = 5839564                                {pd product} {ergonomic}
    uintx NonProfiledCodeHeapSize                  = 122909338                              {pd product} {ergonomic}
    uintx ProfiledCodeHeapSize                     = 122909338                              {pd product} {ergonomic}
    uintx ReservedCodeCacheSize                    = 251658240                              {pd product} {ergonomic}
     bool SegmentedCodeCache                       = true                                      {product} {ergonomic}
   size_t SoftMaxHeapSize                          = 8589934592                             {manageable} {ergonomic}
     bool UseCompressedClassPointers               = true                                 {lp64_product} {ergonomic}
     bool UseCompressedOops                        = true                                 {lp64_product} {ergonomic}
     bool UseG1GC                                  = true                                      {product} {ergonomic}
     bool UseNUMA                                  = false                                     {product} {ergonomic}
     bool UseNUMAInterleaving                      = false                                     {product} {ergonomic}

Logging:
Log output configuration:
 #0: stdout all=warning uptime,level,tags
 #1: stderr all=off uptime,level,tags

Environment Variables:
JAVA_HOME=/Applications/Android Studio.app/Contents/jre/Contents/Home
PATH=/opt/homebrew/opt/openjdk/bin:/opt/homebrew/bin:/opt/homebrew/sbin:/usr/local/bin:/System/Cryptexes/App/usr/bin:/usr/bin:/bin:/usr/sbin:/sbin:/usr/local/share/dotnet:~/.dotnet/tools:/Library/Apple/usr/bin:/Library/Frameworks/Mono.framework/Versions/Current/Commands:/Users/yannickpulver/.cargo/bin:/Users/yannickpulver/.pub-cache/bin:/Users/yannickpulver/Library/Android/sdk/build-tools/31.0.0:/Users/yannickpulver/Library/Android/sdk/platform-tools:/Users/yannickpulver/.privado/bin
SHELL=/bin/zsh
LANG=en_US.UTF-8

Signal Handlers:
SIGSEGV: [libjvm.dylib+0x929b40], sa_mask[0]=11111111011111110111111111111111, sa_flags=SA_ONSTACK|SA_RESTART|SA_SIGINFO
SIGBUS: [libjvm.dylib+0x929b40], sa_mask[0]=11111111011111110111111111111111, sa_flags=SA_RESTART|SA_SIGINFO
SIGFPE: [libjvm.dylib+0x929b40], sa_mask[0]=11111111011111110111111111111111, sa_flags=SA_RESTART|SA_SIGINFO
SIGPIPE: [libjvm.dylib+0x714000], sa_mask[0]=11111111011111110111111111111111, sa_flags=SA_RESTART|SA_SIGINFO
SIGXFSZ: [libjvm.dylib+0x714000], sa_mask[0]=11111111011111110111111111111111, sa_flags=SA_RESTART|SA_SIGINFO
SIGILL: [libjvm.dylib+0x929b40], sa_mask[0]=11111111011111110111111111111111, sa_flags=SA_RESTART|SA_SIGINFO
SIGUSR2: [libjvm.dylib+0x714a34], sa_mask[0]=00100000000000000000000000000000, sa_flags=SA_RESTART|SA_SIGINFO
SIGHUP: [libjvm.dylib+0x7130d0], sa_mask[0]=11111111011111110111111111111111, sa_flags=SA_RESTART|SA_SIGINFO
SIGINT: [libjvm.dylib+0x7130d0], sa_mask[0]=11111111011111110111111111111111, sa_flags=SA_RESTART|SA_SIGINFO
SIGTERM: [libjvm.dylib+0x7130d0], sa_mask[0]=11111111011111110111111111111111, sa_flags=SA_RESTART|SA_SIGINFO
SIGQUIT: [libjvm.dylib+0x7130d0], sa_mask[0]=11111111011111110111111111111111, sa_flags=SA_RESTART|SA_SIGINFO


---------------  S Y S T E M  ---------------

OS:uname: Darwin 22.1.0 Darwin Kernel Version 22.1.0: Sun Oct  9 20:15:09 PDT 2022; root:xnu-8792.41.9~2/RELEASE_ARM64_T6000 arm64
OS uptime: 2 days 4:24 hours
rlimit (soft/hard): STACK 8176k/65520k , CORE 0k/infinity , NPROC 5333/8000 , NOFILE 10240/infinity , AS infinity/infinity , CPU infinity/infinity , DATA infinity/infinity , FSIZE infinity/infinity , MEMLOCK infinity/infinity , RSS infinity/infinity
load average: 4.19 3.75 3.61

CPU: total 10 (initial active 10) 0x61:0x0:0x1b588bb3:0, simd, crc, lse

Memory: 16k page, physical 33554432k(586176k free), swap 1048576k(995200k free)

vm_info: OpenJDK 64-Bit Server VM (15.0.8+4-MTS) for bsd-aarch64 JRE (15.0.8+4-MTS) (Zulu15.42+15-CA), built on Jul 13 2022 04:53:46 by "zulu_re" with clang Apple LLVM 12.0.0 (clang-1200.0.32.28)

END.
